CRITICAL - 2021-02-14 19:37:04 --> Call to undefined method App\Controllers\Odontologo::getIP()
#0 /var/www/html/cs/system/CodeIgniter.php(936): App\Controllers\Odontologo->guardar_odontologo()
#1 /var/www/html/cs/system/CodeIgniter.php(432): CodeIgniter\CodeIgniter->runController()
#2 /var/www/html/cs/system/CodeIgniter.php(333): CodeIgniter\CodeIgniter->handleRequest()
#3 /var/www/html/cs/public/index.php(44): CodeIgniter\CodeIgniter->run()
#4 {main}
CRITICAL - 2021-02-14 19:38:48 --> Call to undefined method App\Controllers\Odontologo::getIP()
#0 /var/www/html/cs/system/CodeIgniter.php(936): App\Controllers\Odontologo->guardar_odontologo()
#1 /var/www/html/cs/system/CodeIgniter.php(432): CodeIgniter\CodeIgniter->runController()
#2 /var/www/html/cs/system/CodeIgniter.php(333): CodeIgniter\CodeIgniter->handleRequest()
#3 /var/www/html/cs/public/index.php(44): CodeIgniter\CodeIgniter->run()
#4 {main}
ERROR - 2021-02-14 21:07:47 --> mysqli_sql_exception: Table 'sanpedro.sp_view_users' doesn't exist in /var/www/html/cs/system/Database/MySQLi/Connection.php:314
Stack trace:
#0 /var/www/html/cs/system/Database/MySQLi/Connection.php(314): mysqli->query()
#1 /var/www/html/cs/system/Database/BaseConnection.php(713): CodeIgniter\Database\MySQLi\Connection->execute()
#2 /var/www/html/cs/system/Database/BaseConnection.php(641): CodeIgniter\Database\BaseConnection->simpleQuery()
#3 /var/www/html/cs/system/Database/BaseBuilder.php(1866): CodeIgniter\Database\BaseConnection->query()
#4 /var/www/html/cs/app/Models/Querys.php(32): CodeIgniter\Database\BaseBuilder->get()
#5 /var/www/html/cs/app/Helpers/SanPedro_helper.php(10): App\Models\Querys->verifyUser()
#6 /var/www/html/cs/app/Controllers/BaseController.php(56): authenticated()
#7 /var/www/html/cs/system/CodeIgniter.php(909): App\Controllers\BaseController->initController()
#8 /var/www/html/cs/system/CodeIgniter.php(422): CodeIgniter\CodeIgniter->createController()
#9 /var/www/html/cs/system/CodeIgniter.php(333): CodeIgniter\CodeIgniter->handleRequest()
#10 /var/www/html/cs/public/index.php(44): CodeIgniter\CodeIgniter->run()
#11 {main}
CRITICAL - 2021-02-14 21:07:47 --> Table 'sanpedro.sp_view_users' doesn't exist
#0 /var/www/html/cs/system/Database/MySQLi/Connection.php(314): mysqli->query()
#1 /var/www/html/cs/system/Database/BaseConnection.php(713): CodeIgniter\Database\MySQLi\Connection->execute()
#2 /var/www/html/cs/system/Database/BaseConnection.php(641): CodeIgniter\Database\BaseConnection->simpleQuery()
#3 /var/www/html/cs/system/Database/BaseBuilder.php(1866): CodeIgniter\Database\BaseConnection->query()
#4 /var/www/html/cs/app/Models/Querys.php(32): CodeIgniter\Database\BaseBuilder->get()
#5 /var/www/html/cs/app/Helpers/SanPedro_helper.php(10): App\Models\Querys->verifyUser()
#6 /var/www/html/cs/app/Controllers/BaseController.php(56): authenticated()
#7 /var/www/html/cs/system/CodeIgniter.php(909): App\Controllers\BaseController->initController()
#8 /var/www/html/cs/system/CodeIgniter.php(422): CodeIgniter\CodeIgniter->createController()
#9 /var/www/html/cs/system/CodeIgniter.php(333): CodeIgniter\CodeIgniter->handleRequest()
#10 /var/www/html/cs/public/index.php(44): CodeIgniter\CodeIgniter->run()
#11 {main}
ERROR - 2021-02-14 21:22:44 --> mysqli_sql_exception: Unknown column 'estado_grupo_usuario' in 'where clause' in /var/www/html/cs/system/Database/MySQLi/Connection.php:314
Stack trace:
#0 /var/www/html/cs/system/Database/MySQLi/Connection.php(314): mysqli->query()
#1 /var/www/html/cs/system/Database/BaseConnection.php(713): CodeIgniter\Database\MySQLi\Connection->execute()
#2 /var/www/html/cs/system/Database/BaseConnection.php(641): CodeIgniter\Database\BaseConnection->simpleQuery()
#3 /var/www/html/cs/system/Database/BaseBuilder.php(1866): CodeIgniter\Database\BaseConnection->query()
#4 /var/www/html/cs/app/Models/Querys.php(32): CodeIgniter\Database\BaseBuilder->get()
#5 /var/www/html/cs/app/Helpers/SanPedro_helper.php(10): App\Models\Querys->verifyUser()
#6 /var/www/html/cs/app/Controllers/BaseController.php(56): authenticated()
#7 /var/www/html/cs/system/CodeIgniter.php(909): App\Controllers\BaseController->initController()
#8 /var/www/html/cs/system/CodeIgniter.php(422): CodeIgniter\CodeIgniter->createController()
#9 /var/www/html/cs/system/CodeIgniter.php(333): CodeIgniter\CodeIgniter->handleRequest()
#10 /var/www/html/cs/public/index.php(44): CodeIgniter\CodeIgniter->run()
#11 {main}
CRITICAL - 2021-02-14 21:22:44 --> Unknown column 'estado_grupo_usuario' in 'where clause'
#0 /var/www/html/cs/system/Database/MySQLi/Connection.php(314): mysqli->query()
#1 /var/www/html/cs/system/Database/BaseConnection.php(713): CodeIgniter\Database\MySQLi\Connection->execute()
#2 /var/www/html/cs/system/Database/BaseConnection.php(641): CodeIgniter\Database\BaseConnection->simpleQuery()
#3 /var/www/html/cs/system/Database/BaseBuilder.php(1866): CodeIgniter\Database\BaseConnection->query()
#4 /var/www/html/cs/app/Models/Querys.php(32): CodeIgniter\Database\BaseBuilder->get()
#5 /var/www/html/cs/app/Helpers/SanPedro_helper.php(10): App\Models\Querys->verifyUser()
#6 /var/www/html/cs/app/Controllers/BaseController.php(56): authenticated()
#7 /var/www/html/cs/system/CodeIgniter.php(909): App\Controllers\BaseController->initController()
#8 /var/www/html/cs/system/CodeIgniter.php(422): CodeIgniter\CodeIgniter->createController()
#9 /var/www/html/cs/system/CodeIgniter.php(333): CodeIgniter\CodeIgniter->handleRequest()
#10 /var/www/html/cs/public/index.php(44): CodeIgniter\CodeIgniter->run()
#11 {main}
ERROR - 2021-02-14 21:23:02 --> mysqli_sql_exception: Unknown column 'estado_grupo_usuario' in 'where clause' in /var/www/html/cs/system/Database/MySQLi/Connection.php:314
Stack trace:
#0 /var/www/html/cs/system/Database/MySQLi/Connection.php(314): mysqli->query()
#1 /var/www/html/cs/system/Database/BaseConnection.php(713): CodeIgniter\Database\MySQLi\Connection->execute()
#2 /var/www/html/cs/system/Database/BaseConnection.php(641): CodeIgniter\Database\BaseConnection->simpleQuery()
#3 /var/www/html/cs/system/Database/BaseBuilder.php(1866): CodeIgniter\Database\BaseConnection->query()
#4 /var/www/html/cs/app/Models/Querys.php(32): CodeIgniter\Database\BaseBuilder->get()
#5 /var/www/html/cs/app/Helpers/SanPedro_helper.php(10): App\Models\Querys->verifyUser()
#6 /var/www/html/cs/app/Controllers/BaseController.php(56): authenticated()
#7 /var/www/html/cs/system/CodeIgniter.php(909): App\Controllers\BaseController->initController()
#8 /var/www/html/cs/system/CodeIgniter.php(422): CodeIgniter\CodeIgniter->createController()
#9 /var/www/html/cs/system/CodeIgniter.php(333): CodeIgniter\CodeIgniter->handleRequest()
#10 /var/www/html/cs/public/index.php(44): CodeIgniter\CodeIgniter->run()
#11 {main}
CRITICAL - 2021-02-14 21:23:02 --> Unknown column 'estado_grupo_usuario' in 'where clause'
#0 /var/www/html/cs/system/Database/MySQLi/Connection.php(314): mysqli->query()
#1 /var/www/html/cs/system/Database/BaseConnection.php(713): CodeIgniter\Database\MySQLi\Connection->execute()
#2 /var/www/html/cs/system/Database/BaseConnection.php(641): CodeIgniter\Database\BaseConnection->simpleQuery()
#3 /var/www/html/cs/system/Database/BaseBuilder.php(1866): CodeIgniter\Database\BaseConnection->query()
#4 /var/www/html/cs/app/Models/Querys.php(32): CodeIgniter\Database\BaseBuilder->get()
#5 /var/www/html/cs/app/Helpers/SanPedro_helper.php(10): App\Models\Querys->verifyUser()
#6 /var/www/html/cs/app/Controllers/BaseController.php(56): authenticated()
#7 /var/www/html/cs/system/CodeIgniter.php(909): App\Controllers\BaseController->initController()
#8 /var/www/html/cs/system/CodeIgniter.php(422): CodeIgniter\CodeIgniter->createController()
#9 /var/www/html/cs/system/CodeIgniter.php(333): CodeIgniter\CodeIgniter->handleRequest()
#10 /var/www/html/cs/public/index.php(44): CodeIgniter\CodeIgniter->run()
#11 {main}
CRITICAL - 2021-02-14 21:38:03 --> Undefined variable: user
#0 /var/www/html/cs/app/Views/header.php(73): CodeIgniter\Debug\Exceptions->errorHandler()
#1 /var/www/html/cs/system/View/View.php(220): include('/var/www/html/c...')
#2 /var/www/html/cs/system/View/View.php(222): CodeIgniter\View\View->CodeIgniter\View\{closure}()
#3 /var/www/html/cs/system/Common.php(1217): CodeIgniter\View\View->render()
#4 /var/www/html/cs/app/Libraries/Templater.php(32): view()
#5 /var/www/html/cs/app/Controllers/Home.php(9): App\Libraries\Templater->view()
#6 /var/www/html/cs/system/CodeIgniter.php(936): App\Controllers\Home->index()
#7 /var/www/html/cs/system/CodeIgniter.php(432): CodeIgniter\CodeIgniter->runController()
#8 /var/www/html/cs/system/CodeIgniter.php(333): CodeIgniter\CodeIgniter->handleRequest()
#9 /var/www/html/cs/public/index.php(44): CodeIgniter\CodeIgniter->run()
#10 {main}
CRITICAL - 2021-02-14 21:39:06 --> Undefined variable: user
#0 /var/www/html/cs/app/Views/header.php(73): CodeIgniter\Debug\Exceptions->errorHandler()
#1 /var/www/html/cs/system/View/View.php(220): include('/var/www/html/c...')
#2 /var/www/html/cs/system/View/View.php(222): CodeIgniter\View\View->CodeIgniter\View\{closure}()
#3 /var/www/html/cs/system/Common.php(1217): CodeIgniter\View\View->render()
#4 /var/www/html/cs/app/Libraries/Templater.php(32): view()
#5 /var/www/html/cs/app/Controllers/Home.php(9): App\Libraries\Templater->view()
#6 /var/www/html/cs/system/CodeIgniter.php(936): App\Controllers\Home->index()
#7 /var/www/html/cs/system/CodeIgniter.php(432): CodeIgniter\CodeIgniter->runController()
#8 /var/www/html/cs/system/CodeIgniter.php(333): CodeIgniter\CodeIgniter->handleRequest()
#9 /var/www/html/cs/public/index.php(44): CodeIgniter\CodeIgniter->run()
#10 {main}
CRITICAL - 2021-02-14 21:40:59 --> Undefined variable: data
#0 /var/www/html/cs/app/Views/header.php(86): CodeIgniter\Debug\Exceptions->errorHandler()
#1 /var/www/html/cs/system/View/View.php(220): include('/var/www/html/c...')
#2 /var/www/html/cs/system/View/View.php(222): CodeIgniter\View\View->CodeIgniter\View\{closure}()
#3 /var/www/html/cs/system/Common.php(1217): CodeIgniter\View\View->render()
#4 /var/www/html/cs/app/Libraries/Templater.php(32): view()
#5 /var/www/html/cs/app/Controllers/Home.php(9): App\Libraries\Templater->view()
#6 /var/www/html/cs/system/CodeIgniter.php(936): App\Controllers\Home->index()
#7 /var/www/html/cs/system/CodeIgniter.php(432): CodeIgniter\CodeIgniter->runController()
#8 /var/www/html/cs/system/CodeIgniter.php(333): CodeIgniter\CodeIgniter->handleRequest()
#9 /var/www/html/cs/public/index.php(44): CodeIgniter\CodeIgniter->run()
#10 {main}
CRITICAL - 2021-02-14 21:53:48 --> Undefined variable: data
#0 /var/www/html/cs/app/Views/paciente/index.php(52): CodeIgniter\Debug\Exceptions->errorHandler()
#1 /var/www/html/cs/system/View/View.php(220): include('/var/www/html/c...')
#2 /var/www/html/cs/system/View/View.php(222): CodeIgniter\View\View->CodeIgniter\View\{closure}()
#3 /var/www/html/cs/system/Common.php(1217): CodeIgniter\View\View->render()
#4 /var/www/html/cs/app/Libraries/Templater.php(26): view()
#5 /var/www/html/cs/app/Controllers/Paciente.php(23): App\Libraries\Templater->view()
#6 /var/www/html/cs/system/CodeIgniter.php(936): App\Controllers\Paciente->index()
#7 /var/www/html/cs/system/CodeIgniter.php(432): CodeIgniter\CodeIgniter->runController()
#8 /var/www/html/cs/system/CodeIgniter.php(333): CodeIgniter\CodeIgniter->handleRequest()
#9 /var/www/html/cs/public/index.php(44): CodeIgniter\CodeIgniter->run()
#10 {main}
CRITICAL - 2021-02-14 21:53:50 --> Undefined variable: data
#0 /var/www/html/cs/app/Views/paciente/index.php(52): CodeIgniter\Debug\Exceptions->errorHandler()
#1 /var/www/html/cs/system/View/View.php(220): include('/var/www/html/c...')
#2 /var/www/html/cs/system/View/View.php(222): CodeIgniter\View\View->CodeIgniter\View\{closure}()
#3 /var/www/html/cs/system/Common.php(1217): CodeIgniter\View\View->render()
#4 /var/www/html/cs/app/Libraries/Templater.php(26): view()
#5 /var/www/html/cs/app/Controllers/Paciente.php(23): App\Libraries\Templater->view()
#6 /var/www/html/cs/system/CodeIgniter.php(936): App\Controllers\Paciente->index()
#7 /var/www/html/cs/system/CodeIgniter.php(432): CodeIgniter\CodeIgniter->runController()
#8 /var/www/html/cs/system/CodeIgniter.php(333): CodeIgniter\CodeIgniter->handleRequest()
#9 /var/www/html/cs/public/index.php(44): CodeIgniter\CodeIgniter->run()
#10 {main}
CRITICAL - 2021-02-14 21:54:08 --> Undefined variable: data
#0 /var/www/html/cs/app/Views/paciente/index.php(52): CodeIgniter\Debug\Exceptions->errorHandler()
#1 /var/www/html/cs/system/View/View.php(220): include('/var/www/html/c...')
#2 /var/www/html/cs/system/View/View.php(222): CodeIgniter\View\View->CodeIgniter\View\{closure}()
#3 /var/www/html/cs/system/Common.php(1217): CodeIgniter\View\View->render()
#4 /var/www/html/cs/app/Libraries/Templater.php(26): view()
#5 /var/www/html/cs/app/Controllers/Paciente.php(23): App\Libraries\Templater->view()
#6 /var/www/html/cs/system/CodeIgniter.php(936): App\Controllers\Paciente->index()
#7 /var/www/html/cs/system/CodeIgniter.php(432): CodeIgniter\CodeIgniter->runController()
#8 /var/www/html/cs/system/CodeIgniter.php(333): CodeIgniter\CodeIgniter->handleRequest()
#9 /var/www/html/cs/public/index.php(44): CodeIgniter\CodeIgniter->run()
#10 {main}
CRITICAL - 2021-02-14 21:54:12 --> Undefined variable: data
#0 /var/www/html/cs/app/Views/paciente/index.php(52): CodeIgniter\Debug\Exceptions->errorHandler()
#1 /var/www/html/cs/system/View/View.php(220): include('/var/www/html/c...')
#2 /var/www/html/cs/system/View/View.php(222): CodeIgniter\View\View->CodeIgniter\View\{closure}()
#3 /var/www/html/cs/system/Common.php(1217): CodeIgniter\View\View->render()
#4 /var/www/html/cs/app/Libraries/Templater.php(26): view()
#5 /var/www/html/cs/app/Controllers/Paciente.php(23): App\Libraries\Templater->view()
#6 /var/www/html/cs/system/CodeIgniter.php(936): App\Controllers\Paciente->index()
#7 /var/www/html/cs/system/CodeIgniter.php(432): CodeIgniter\CodeIgniter->runController()
#8 /var/www/html/cs/system/CodeIgniter.php(333): CodeIgniter\CodeIgniter->handleRequest()
#9 /var/www/html/cs/public/index.php(44): CodeIgniter\CodeIgniter->run()
#10 {main}
CRITICAL - 2021-02-14 21:54:20 --> Undefined variable: data
#0 /var/www/html/cs/app/Views/paciente/index.php(52): CodeIgniter\Debug\Exceptions->errorHandler()
#1 /var/www/html/cs/system/View/View.php(220): include('/var/www/html/c...')
#2 /var/www/html/cs/system/View/View.php(222): CodeIgniter\View\View->CodeIgniter\View\{closure}()
#3 /var/www/html/cs/system/Common.php(1217): CodeIgniter\View\View->render()
#4 /var/www/html/cs/app/Libraries/Templater.php(26): view()
#5 /var/www/html/cs/app/Controllers/Paciente.php(23): App\Libraries\Templater->view()
#6 /var/www/html/cs/system/CodeIgniter.php(936): App\Controllers\Paciente->index()
#7 /var/www/html/cs/system/CodeIgniter.php(432): CodeIgniter\CodeIgniter->runController()
#8 /var/www/html/cs/system/CodeIgniter.php(333): CodeIgniter\CodeIgniter->handleRequest()
#9 /var/www/html/cs/public/index.php(44): CodeIgniter\CodeIgniter->run()
#10 {main}
CRITICAL - 2021-02-14 22:02:21 --> Undefined variable: session
#0 /var/www/html/cs/app/Views/header.php(73): CodeIgniter\Debug\Exceptions->errorHandler()
#1 /var/www/html/cs/system/View/View.php(220): include('/var/www/html/c...')
#2 /var/www/html/cs/system/View/View.php(222): CodeIgniter\View\View->CodeIgniter\View\{closure}()
#3 /var/www/html/cs/system/Common.php(1217): CodeIgniter\View\View->render()
#4 /var/www/html/cs/app/Libraries/Templater.php(32): view()
#5 /var/www/html/cs/app/Controllers/Home.php(9): App\Libraries\Templater->view()
#6 /var/www/html/cs/system/CodeIgniter.php(936): App\Controllers\Home->index()
#7 /var/www/html/cs/system/CodeIgniter.php(432): CodeIgniter\CodeIgniter->runController()
#8 /var/www/html/cs/system/CodeIgniter.php(333): CodeIgniter\CodeIgniter->handleRequest()
#9 /var/www/html/cs/public/index.php(44): CodeIgniter\CodeIgniter->run()
#10 {main}
CRITICAL - 2021-02-14 22:05:52 --> Undefined index: id_persona
#0 /var/www/html/cs/app/Views/header.php(73): CodeIgniter\Debug\Exceptions->errorHandler()
#1 /var/www/html/cs/system/View/View.php(220): include('/var/www/html/c...')
#2 /var/www/html/cs/system/View/View.php(222): CodeIgniter\View\View->CodeIgniter\View\{closure}()
#3 /var/www/html/cs/system/Common.php(1217): CodeIgniter\View\View->render()
#4 /var/www/html/cs/app/Libraries/Templater.php(32): view()
#5 /var/www/html/cs/app/Controllers/Home.php(9): App\Libraries\Templater->view()
#6 /var/www/html/cs/system/CodeIgniter.php(936): App\Controllers\Home->index()
#7 /var/www/html/cs/system/CodeIgniter.php(432): CodeIgniter\CodeIgniter->runController()
#8 /var/www/html/cs/system/CodeIgniter.php(333): CodeIgniter\CodeIgniter->handleRequest()
#9 /var/www/html/cs/public/index.php(44): CodeIgniter\CodeIgniter->run()
#10 {main}
