CRITICAL - 2021-05-09 00:04:12 --> SQLSTATE[42000]: Syntax error or access violation: 1064 You have an error in your SQL syntax; check the manual that corresponds to your MariaDB server version for the right syntax to use near 'ORDER BY `id_alergia` ASC
			 LIMIT 0, 10' at line 4
#0 C:\xampp\htdocs\cs\app\Libraries\Ssp.php(465): PDOStatement->execute()
#1 C:\xampp\htdocs\cs\app\Libraries\Ssp.php(367): App\Libraries\Ssp::sql_exec(Object(PDO), Array, 'SELECT `id_aler...')
#2 C:\xampp\htdocs\cs\app\Controllers\Tratamiento.php(54): App\Libraries\Ssp::complex(Array, Array, 'sp_view_tratami...', 'id_alergia', Array, ' ')
#3 C:\xampp\htdocs\cs\system\CodeIgniter.php(936): App\Controllers\Tratamiento->ajaxListarAlergias()
#4 C:\xampp\htdocs\cs\system\CodeIgniter.php(432): CodeIgniter\CodeIgniter->runController(Object(App\Controllers\Tratamiento))
#5 C:\xampp\htdocs\cs\system\CodeIgniter.php(333): CodeIgniter\CodeIgniter->handleRequest(NULL, Object(Config\Cache), false)
#6 C:\xampp\htdocs\cs\public\index.php(44): CodeIgniter\CodeIgniter->run()
#7 {main}
CRITICAL - 2021-05-09 00:19:38 --> SQLSTATE[42000]: Syntax error or access violation: 1064 You have an error in your SQL syntax; check the manual that corresponds to your MariaDB server version for the right syntax to use near 'ORDER BY `id_alergia` ASC
			 LIMIT 0, 10' at line 4
#0 C:\xampp\htdocs\cs\app\Libraries\Ssp.php(465): PDOStatement->execute()
#1 C:\xampp\htdocs\cs\app\Libraries\Ssp.php(367): App\Libraries\Ssp::sql_exec(Object(PDO), Array, 'SELECT `id_aler...')
#2 C:\xampp\htdocs\cs\app\Controllers\Tratamiento.php(54): App\Libraries\Ssp::complex(Array, Array, 'sp_view_tratami...', 'id_alergia', Array, ' ')
#3 C:\xampp\htdocs\cs\system\CodeIgniter.php(936): App\Controllers\Tratamiento->ajaxListarAlergias()
#4 C:\xampp\htdocs\cs\system\CodeIgniter.php(432): CodeIgniter\CodeIgniter->runController(Object(App\Controllers\Tratamiento))
#5 C:\xampp\htdocs\cs\system\CodeIgniter.php(333): CodeIgniter\CodeIgniter->handleRequest(NULL, Object(Config\Cache), false)
#6 C:\xampp\htdocs\cs\public\index.php(44): CodeIgniter\CodeIgniter->run()
#7 {main}
CRITICAL - 2021-05-09 00:28:40 --> SQLSTATE[42000]: Syntax error or access violation: 1064 You have an error in your SQL syntax; check the manual that corresponds to your MariaDB server version for the right syntax to use near 'ORDER BY `id_alergia` ASC
			 LIMIT 0, 10' at line 4
#0 C:\xampp\htdocs\cs\app\Libraries\Ssp.php(465): PDOStatement->execute()
#1 C:\xampp\htdocs\cs\app\Libraries\Ssp.php(367): App\Libraries\Ssp::sql_exec(Object(PDO), Array, 'SELECT `id_aler...')
#2 C:\xampp\htdocs\cs\app\Controllers\Tratamiento.php(54): App\Libraries\Ssp::complex(Array, Array, 'sp_view_tratami...', 'id_alergia', Array, ' ')
#3 C:\xampp\htdocs\cs\system\CodeIgniter.php(936): App\Controllers\Tratamiento->ajaxListarAlergias()
#4 C:\xampp\htdocs\cs\system\CodeIgniter.php(432): CodeIgniter\CodeIgniter->runController(Object(App\Controllers\Tratamiento))
#5 C:\xampp\htdocs\cs\system\CodeIgniter.php(333): CodeIgniter\CodeIgniter->handleRequest(NULL, Object(Config\Cache), false)
#6 C:\xampp\htdocs\cs\public\index.php(44): CodeIgniter\CodeIgniter->run()
#7 {main}
CRITICAL - 2021-05-09 08:46:34 --> Class 'App\Controllers\Controller' not found
#0 C:\xampp\htdocs\cs\system\Autoloader\Autoloader.php(294): include_once()
#1 C:\xampp\htdocs\cs\system\Autoloader\Autoloader.php(265): CodeIgniter\Autoloader\Autoloader->includeFile('C:\\xampp\\htdocs...')
#2 C:\xampp\htdocs\cs\system\Autoloader\Autoloader.php(228): CodeIgniter\Autoloader\Autoloader->loadInNamespace('App\\Controllers...')
#3 [internal function]: CodeIgniter\Autoloader\Autoloader->loadClass('App\\Controllers...')
#4 [internal function]: spl_autoload_call('App\\Controllers...')
#5 C:\xampp\htdocs\cs\system\CodeIgniter.php(893): class_exists('\\App\\Controller...', true)
#6 C:\xampp\htdocs\cs\system\CodeIgniter.php(417): CodeIgniter\CodeIgniter->startController()
#7 C:\xampp\htdocs\cs\system\CodeIgniter.php(333): CodeIgniter\CodeIgniter->handleRequest(NULL, Object(Config\Cache), false)
#8 C:\xampp\htdocs\cs\public\index.php(44): CodeIgniter\CodeIgniter->run()
#9 {main}
CRITICAL - 2021-05-09 08:47:26 --> Class 'App\Controllers\Controller' not found
#0 C:\xampp\htdocs\cs\system\Autoloader\Autoloader.php(294): include_once()
#1 C:\xampp\htdocs\cs\system\Autoloader\Autoloader.php(265): CodeIgniter\Autoloader\Autoloader->includeFile('C:\\xampp\\htdocs...')
#2 C:\xampp\htdocs\cs\system\Autoloader\Autoloader.php(228): CodeIgniter\Autoloader\Autoloader->loadInNamespace('App\\Controllers...')
#3 [internal function]: CodeIgniter\Autoloader\Autoloader->loadClass('App\\Controllers...')
#4 [internal function]: spl_autoload_call('App\\Controllers...')
#5 C:\xampp\htdocs\cs\system\CodeIgniter.php(893): class_exists('\\App\\Controller...', true)
#6 C:\xampp\htdocs\cs\system\CodeIgniter.php(417): CodeIgniter\CodeIgniter->startController()
#7 C:\xampp\htdocs\cs\system\CodeIgniter.php(333): CodeIgniter\CodeIgniter->handleRequest(NULL, Object(Config\Cache), false)
#8 C:\xampp\htdocs\cs\public\index.php(44): CodeIgniter\CodeIgniter->run()
#9 {main}
CRITICAL - 2021-05-09 08:47:27 --> Class 'App\Controllers\Controller' not found
#0 C:\xampp\htdocs\cs\system\Autoloader\Autoloader.php(294): include_once()
#1 C:\xampp\htdocs\cs\system\Autoloader\Autoloader.php(265): CodeIgniter\Autoloader\Autoloader->includeFile('C:\\xampp\\htdocs...')
#2 C:\xampp\htdocs\cs\system\Autoloader\Autoloader.php(228): CodeIgniter\Autoloader\Autoloader->loadInNamespace('App\\Controllers...')
#3 [internal function]: CodeIgniter\Autoloader\Autoloader->loadClass('App\\Controllers...')
#4 [internal function]: spl_autoload_call('App\\Controllers...')
#5 C:\xampp\htdocs\cs\system\CodeIgniter.php(893): class_exists('\\App\\Controller...', true)
#6 C:\xampp\htdocs\cs\system\CodeIgniter.php(417): CodeIgniter\CodeIgniter->startController()
#7 C:\xampp\htdocs\cs\system\CodeIgniter.php(333): CodeIgniter\CodeIgniter->handleRequest(NULL, Object(Config\Cache), false)
#8 C:\xampp\htdocs\cs\public\index.php(44): CodeIgniter\CodeIgniter->run()
#9 {main}
CRITICAL - 2021-05-09 08:52:42 --> Class 'App\Controllers\Controllers' not found
#0 C:\xampp\htdocs\cs\system\Autoloader\Autoloader.php(294): include_once()
#1 C:\xampp\htdocs\cs\system\Autoloader\Autoloader.php(265): CodeIgniter\Autoloader\Autoloader->includeFile('C:\\xampp\\htdocs...')
#2 C:\xampp\htdocs\cs\system\Autoloader\Autoloader.php(228): CodeIgniter\Autoloader\Autoloader->loadInNamespace('App\\Controllers...')
#3 [internal function]: CodeIgniter\Autoloader\Autoloader->loadClass('App\\Controllers...')
#4 [internal function]: spl_autoload_call('App\\Controllers...')
#5 C:\xampp\htdocs\cs\system\CodeIgniter.php(893): class_exists('\\App\\Controller...', true)
#6 C:\xampp\htdocs\cs\system\CodeIgniter.php(417): CodeIgniter\CodeIgniter->startController()
#7 C:\xampp\htdocs\cs\system\CodeIgniter.php(333): CodeIgniter\CodeIgniter->handleRequest(NULL, Object(Config\Cache), false)
#8 C:\xampp\htdocs\cs\public\index.php(44): CodeIgniter\CodeIgniter->run()
#9 {main}
CRITICAL - 2021-05-09 08:58:37 --> Class 'App\Controllers\Controller' not found
#0 C:\xampp\htdocs\cs\system\Autoloader\Autoloader.php(294): include_once()
#1 C:\xampp\htdocs\cs\system\Autoloader\Autoloader.php(265): CodeIgniter\Autoloader\Autoloader->includeFile('C:\\xampp\\htdocs...')
#2 C:\xampp\htdocs\cs\system\Autoloader\Autoloader.php(228): CodeIgniter\Autoloader\Autoloader->loadInNamespace('App\\Controllers...')
#3 [internal function]: CodeIgniter\Autoloader\Autoloader->loadClass('App\\Controllers...')
#4 [internal function]: spl_autoload_call('App\\Controllers...')
#5 C:\xampp\htdocs\cs\system\CodeIgniter.php(893): class_exists('\\App\\Controller...', true)
#6 C:\xampp\htdocs\cs\system\CodeIgniter.php(417): CodeIgniter\CodeIgniter->startController()
#7 C:\xampp\htdocs\cs\system\CodeIgniter.php(333): CodeIgniter\CodeIgniter->handleRequest(NULL, Object(Config\Cache), false)
#8 C:\xampp\htdocs\cs\public\index.php(44): CodeIgniter\CodeIgniter->run()
#9 {main}
CRITICAL - 2021-05-09 09:25:14 --> Class 'App\Controllers\Controller' not found
#0 C:\xampp\htdocs\cs\system\Autoloader\Autoloader.php(294): include_once()
#1 C:\xampp\htdocs\cs\system\Autoloader\Autoloader.php(265): CodeIgniter\Autoloader\Autoloader->includeFile('C:\\xampp\\htdocs...')
#2 C:\xampp\htdocs\cs\system\Autoloader\Autoloader.php(228): CodeIgniter\Autoloader\Autoloader->loadInNamespace('App\\Controllers...')
#3 [internal function]: CodeIgniter\Autoloader\Autoloader->loadClass('App\\Controllers...')
#4 [internal function]: spl_autoload_call('App\\Controllers...')
#5 C:\xampp\htdocs\cs\system\CodeIgniter.php(893): class_exists('\\App\\Controller...', true)
#6 C:\xampp\htdocs\cs\system\CodeIgniter.php(417): CodeIgniter\CodeIgniter->startController()
#7 C:\xampp\htdocs\cs\system\CodeIgniter.php(333): CodeIgniter\CodeIgniter->handleRequest(NULL, Object(Config\Cache), false)
#8 C:\xampp\htdocs\cs\public\index.php(44): CodeIgniter\CodeIgniter->run()
#9 {main}
CRITICAL - 2021-05-09 09:26:00 --> Class 'App\Controllers\Controller' not found
#0 C:\xampp\htdocs\cs\system\Autoloader\Autoloader.php(294): include_once()
#1 C:\xampp\htdocs\cs\system\Autoloader\Autoloader.php(265): CodeIgniter\Autoloader\Autoloader->includeFile('C:\\xampp\\htdocs...')
#2 C:\xampp\htdocs\cs\system\Autoloader\Autoloader.php(228): CodeIgniter\Autoloader\Autoloader->loadInNamespace('App\\Controllers...')
#3 [internal function]: CodeIgniter\Autoloader\Autoloader->loadClass('App\\Controllers...')
#4 [internal function]: spl_autoload_call('App\\Controllers...')
#5 C:\xampp\htdocs\cs\system\CodeIgniter.php(893): class_exists('\\App\\Controller...', true)
#6 C:\xampp\htdocs\cs\system\CodeIgniter.php(417): CodeIgniter\CodeIgniter->startController()
#7 C:\xampp\htdocs\cs\system\CodeIgniter.php(333): CodeIgniter\CodeIgniter->handleRequest(NULL, Object(Config\Cache), false)
#8 C:\xampp\htdocs\cs\public\index.php(44): CodeIgniter\CodeIgniter->run()
#9 {main}
CRITICAL - 2021-05-09 09:26:02 --> Class 'App\Controllers\Controller' not found
#0 C:\xampp\htdocs\cs\system\Autoloader\Autoloader.php(294): include_once()
#1 C:\xampp\htdocs\cs\system\Autoloader\Autoloader.php(265): CodeIgniter\Autoloader\Autoloader->includeFile('C:\\xampp\\htdocs...')
#2 C:\xampp\htdocs\cs\system\Autoloader\Autoloader.php(228): CodeIgniter\Autoloader\Autoloader->loadInNamespace('App\\Controllers...')
#3 [internal function]: CodeIgniter\Autoloader\Autoloader->loadClass('App\\Controllers...')
#4 [internal function]: spl_autoload_call('App\\Controllers...')
#5 C:\xampp\htdocs\cs\system\CodeIgniter.php(893): class_exists('\\App\\Controller...', true)
#6 C:\xampp\htdocs\cs\system\CodeIgniter.php(417): CodeIgniter\CodeIgniter->startController()
#7 C:\xampp\htdocs\cs\system\CodeIgniter.php(333): CodeIgniter\CodeIgniter->handleRequest(NULL, Object(Config\Cache), false)
#8 C:\xampp\htdocs\cs\public\index.php(44): CodeIgniter\CodeIgniter->run()
#9 {main}
CRITICAL - 2021-05-09 09:26:03 --> Class 'App\Controllers\Controller' not found
#0 C:\xampp\htdocs\cs\system\Autoloader\Autoloader.php(294): include_once()
#1 C:\xampp\htdocs\cs\system\Autoloader\Autoloader.php(265): CodeIgniter\Autoloader\Autoloader->includeFile('C:\\xampp\\htdocs...')
#2 C:\xampp\htdocs\cs\system\Autoloader\Autoloader.php(228): CodeIgniter\Autoloader\Autoloader->loadInNamespace('App\\Controllers...')
#3 [internal function]: CodeIgniter\Autoloader\Autoloader->loadClass('App\\Controllers...')
#4 [internal function]: spl_autoload_call('App\\Controllers...')
#5 C:\xampp\htdocs\cs\system\CodeIgniter.php(893): class_exists('\\App\\Controller...', true)
#6 C:\xampp\htdocs\cs\system\CodeIgniter.php(417): CodeIgniter\CodeIgniter->startController()
#7 C:\xampp\htdocs\cs\system\CodeIgniter.php(333): CodeIgniter\CodeIgniter->handleRequest(NULL, Object(Config\Cache), false)
#8 C:\xampp\htdocs\cs\public\index.php(44): CodeIgniter\CodeIgniter->run()
#9 {main}
CRITICAL - 2021-05-09 09:26:05 --> Class 'App\Controllers\Controller' not found
#0 C:\xampp\htdocs\cs\system\Autoloader\Autoloader.php(294): include_once()
#1 C:\xampp\htdocs\cs\system\Autoloader\Autoloader.php(265): CodeIgniter\Autoloader\Autoloader->includeFile('C:\\xampp\\htdocs...')
#2 C:\xampp\htdocs\cs\system\Autoloader\Autoloader.php(228): CodeIgniter\Autoloader\Autoloader->loadInNamespace('App\\Controllers...')
#3 [internal function]: CodeIgniter\Autoloader\Autoloader->loadClass('App\\Controllers...')
#4 [internal function]: spl_autoload_call('App\\Controllers...')
#5 C:\xampp\htdocs\cs\system\CodeIgniter.php(893): class_exists('\\App\\Controller...', true)
#6 C:\xampp\htdocs\cs\system\CodeIgniter.php(417): CodeIgniter\CodeIgniter->startController()
#7 C:\xampp\htdocs\cs\system\CodeIgniter.php(333): CodeIgniter\CodeIgniter->handleRequest(NULL, Object(Config\Cache), false)
#8 C:\xampp\htdocs\cs\public\index.php(44): CodeIgniter\CodeIgniter->run()
#9 {main}
CRITICAL - 2021-05-09 09:27:03 --> Class 'App\Controllers\Controllers' not found
#0 C:\xampp\htdocs\cs\system\Autoloader\Autoloader.php(294): include_once()
#1 C:\xampp\htdocs\cs\system\Autoloader\Autoloader.php(265): CodeIgniter\Autoloader\Autoloader->includeFile('C:\\xampp\\htdocs...')
#2 C:\xampp\htdocs\cs\system\Autoloader\Autoloader.php(228): CodeIgniter\Autoloader\Autoloader->loadInNamespace('App\\Controllers...')
#3 [internal function]: CodeIgniter\Autoloader\Autoloader->loadClass('App\\Controllers...')
#4 [internal function]: spl_autoload_call('App\\Controllers...')
#5 C:\xampp\htdocs\cs\system\CodeIgniter.php(893): class_exists('\\App\\Controller...', true)
#6 C:\xampp\htdocs\cs\system\CodeIgniter.php(417): CodeIgniter\CodeIgniter->startController()
#7 C:\xampp\htdocs\cs\system\CodeIgniter.php(333): CodeIgniter\CodeIgniter->handleRequest(NULL, Object(Config\Cache), false)
#8 C:\xampp\htdocs\cs\public\index.php(44): CodeIgniter\CodeIgniter->run()
#9 {main}
CRITICAL - 2021-05-09 09:27:20 --> Undefined property: App\Controllers\Inicio::$load
#0 C:\xampp\htdocs\cs\app\Controllers\Inicio.php(9): CodeIgniter\Debug\Exceptions->errorHandler(8, 'Undefined prope...', 'C:\\xampp\\htdocs...', 9, Array)
#1 C:\xampp\htdocs\cs\system\CodeIgniter.php(936): App\Controllers\Inicio->index()
#2 C:\xampp\htdocs\cs\system\CodeIgniter.php(432): CodeIgniter\CodeIgniter->runController(Object(App\Controllers\Inicio))
#3 C:\xampp\htdocs\cs\system\CodeIgniter.php(333): CodeIgniter\CodeIgniter->handleRequest(NULL, Object(Config\Cache), false)
#4 C:\xampp\htdocs\cs\public\index.php(44): CodeIgniter\CodeIgniter->run()
#5 {main}
CRITICAL - 2021-05-09 09:38:24 --> Undefined property: App\Controllers\Inicio::$load
#0 C:\xampp\htdocs\cs\app\Controllers\Inicio.php(9): CodeIgniter\Debug\Exceptions->errorHandler(8, 'Undefined prope...', 'C:\\xampp\\htdocs...', 9, Array)
#1 C:\xampp\htdocs\cs\system\CodeIgniter.php(936): App\Controllers\Inicio->index()
#2 C:\xampp\htdocs\cs\system\CodeIgniter.php(432): CodeIgniter\CodeIgniter->runController(Object(App\Controllers\Inicio))
#3 C:\xampp\htdocs\cs\system\CodeIgniter.php(333): CodeIgniter\CodeIgniter->handleRequest(NULL, Object(Config\Cache), false)
#4 C:\xampp\htdocs\cs\public\index.php(44): CodeIgniter\CodeIgniter->run()
#5 {main}
CRITICAL - 2021-05-09 09:39:38 --> Class 'App\Controllers\Controllers' not found
#0 C:\xampp\htdocs\cs\system\Autoloader\Autoloader.php(294): include_once()
#1 C:\xampp\htdocs\cs\system\Autoloader\Autoloader.php(265): CodeIgniter\Autoloader\Autoloader->includeFile('C:\\xampp\\htdocs...')
#2 C:\xampp\htdocs\cs\system\Autoloader\Autoloader.php(228): CodeIgniter\Autoloader\Autoloader->loadInNamespace('App\\Controllers...')
#3 [internal function]: CodeIgniter\Autoloader\Autoloader->loadClass('App\\Controllers...')
#4 [internal function]: spl_autoload_call('App\\Controllers...')
#5 C:\xampp\htdocs\cs\system\CodeIgniter.php(893): class_exists('\\App\\Controller...', true)
#6 C:\xampp\htdocs\cs\system\CodeIgniter.php(417): CodeIgniter\CodeIgniter->startController()
#7 C:\xampp\htdocs\cs\system\CodeIgniter.php(333): CodeIgniter\CodeIgniter->handleRequest(NULL, Object(Config\Cache), false)
#8 C:\xampp\htdocs\cs\public\index.php(44): CodeIgniter\CodeIgniter->run()
#9 {main}
CRITICAL - 2021-05-09 09:50:41 --> Class 'App\Controllers\Controllers' not found
#0 C:\xampp\htdocs\cs\system\Autoloader\Autoloader.php(294): include_once()
#1 C:\xampp\htdocs\cs\system\Autoloader\Autoloader.php(265): CodeIgniter\Autoloader\Autoloader->includeFile('C:\\xampp\\htdocs...')
#2 C:\xampp\htdocs\cs\system\Autoloader\Autoloader.php(228): CodeIgniter\Autoloader\Autoloader->loadInNamespace('App\\Controllers...')
#3 [internal function]: CodeIgniter\Autoloader\Autoloader->loadClass('App\\Controllers...')
#4 [internal function]: spl_autoload_call('App\\Controllers...')
#5 C:\xampp\htdocs\cs\system\CodeIgniter.php(893): class_exists('\\App\\Controller...', true)
#6 C:\xampp\htdocs\cs\system\CodeIgniter.php(417): CodeIgniter\CodeIgniter->startController()
#7 C:\xampp\htdocs\cs\system\CodeIgniter.php(333): CodeIgniter\CodeIgniter->handleRequest(NULL, Object(Config\Cache), false)
#8 C:\xampp\htdocs\cs\public\index.php(44): CodeIgniter\CodeIgniter->run()
#9 {main}
CRITICAL - 2021-05-09 09:50:55 --> Class 'App\Controllers\BaseControllers' not found
#0 C:\xampp\htdocs\cs\system\Autoloader\Autoloader.php(294): include_once()
#1 C:\xampp\htdocs\cs\system\Autoloader\Autoloader.php(265): CodeIgniter\Autoloader\Autoloader->includeFile('C:\\xampp\\htdocs...')
#2 C:\xampp\htdocs\cs\system\Autoloader\Autoloader.php(228): CodeIgniter\Autoloader\Autoloader->loadInNamespace('App\\Controllers...')
#3 [internal function]: CodeIgniter\Autoloader\Autoloader->loadClass('App\\Controllers...')
#4 [internal function]: spl_autoload_call('App\\Controllers...')
#5 C:\xampp\htdocs\cs\system\CodeIgniter.php(893): class_exists('\\App\\Controller...', true)
#6 C:\xampp\htdocs\cs\system\CodeIgniter.php(417): CodeIgniter\CodeIgniter->startController()
#7 C:\xampp\htdocs\cs\system\CodeIgniter.php(333): CodeIgniter\CodeIgniter->handleRequest(NULL, Object(Config\Cache), false)
#8 C:\xampp\htdocs\cs\public\index.php(44): CodeIgniter\CodeIgniter->run()
#9 {main}
CRITICAL - 2021-05-09 09:51:06 --> Undefined property: App\Controllers\Inicio::$load
#0 C:\xampp\htdocs\cs\app\Controllers\Inicio.php(9): CodeIgniter\Debug\Exceptions->errorHandler(8, 'Undefined prope...', 'C:\\xampp\\htdocs...', 9, Array)
#1 C:\xampp\htdocs\cs\system\CodeIgniter.php(936): App\Controllers\Inicio->index()
#2 C:\xampp\htdocs\cs\system\CodeIgniter.php(432): CodeIgniter\CodeIgniter->runController(Object(App\Controllers\Inicio))
#3 C:\xampp\htdocs\cs\system\CodeIgniter.php(333): CodeIgniter\CodeIgniter->handleRequest(NULL, Object(Config\Cache), false)
#4 C:\xampp\htdocs\cs\public\index.php(44): CodeIgniter\CodeIgniter->run()
#5 {main}
CRITICAL - 2021-05-09 09:52:36 --> Undefined property: App\Controllers\Inicio::$load
#0 C:\xampp\htdocs\cs\app\Controllers\Inicio.php(9): CodeIgniter\Debug\Exceptions->errorHandler(8, 'Undefined prope...', 'C:\\xampp\\htdocs...', 9, Array)
#1 C:\xampp\htdocs\cs\system\CodeIgniter.php(936): App\Controllers\Inicio->index()
#2 C:\xampp\htdocs\cs\system\CodeIgniter.php(432): CodeIgniter\CodeIgniter->runController(Object(App\Controllers\Inicio))
#3 C:\xampp\htdocs\cs\system\CodeIgniter.php(333): CodeIgniter\CodeIgniter->handleRequest(NULL, Object(Config\Cache), false)
#4 C:\xampp\htdocs\cs\public\index.php(44): CodeIgniter\CodeIgniter->run()
#5 {main}
CRITICAL - 2021-05-09 09:52:38 --> Undefined property: App\Controllers\Inicio::$load
#0 C:\xampp\htdocs\cs\app\Controllers\Inicio.php(9): CodeIgniter\Debug\Exceptions->errorHandler(8, 'Undefined prope...', 'C:\\xampp\\htdocs...', 9, Array)
#1 C:\xampp\htdocs\cs\system\CodeIgniter.php(936): App\Controllers\Inicio->index()
#2 C:\xampp\htdocs\cs\system\CodeIgniter.php(432): CodeIgniter\CodeIgniter->runController(Object(App\Controllers\Inicio))
#3 C:\xampp\htdocs\cs\system\CodeIgniter.php(333): CodeIgniter\CodeIgniter->handleRequest(NULL, Object(Config\Cache), false)
#4 C:\xampp\htdocs\cs\public\index.php(44): CodeIgniter\CodeIgniter->run()
#5 {main}
CRITICAL - 2021-05-09 09:58:22 --> Undefined property: App\Controllers\Inicio::$load
#0 C:\xampp\htdocs\cs\app\Controllers\Inicio.php(11): CodeIgniter\Debug\Exceptions->errorHandler(8, 'Undefined prope...', 'C:\\xampp\\htdocs...', 11, Array)
#1 C:\xampp\htdocs\cs\system\CodeIgniter.php(936): App\Controllers\Inicio->index()
#2 C:\xampp\htdocs\cs\system\CodeIgniter.php(432): CodeIgniter\CodeIgniter->runController(Object(App\Controllers\Inicio))
#3 C:\xampp\htdocs\cs\system\CodeIgniter.php(333): CodeIgniter\CodeIgniter->handleRequest(NULL, Object(Config\Cache), false)
#4 C:\xampp\htdocs\cs\public\index.php(44): CodeIgniter\CodeIgniter->run()
#5 {main}
CRITICAL - 2021-05-09 10:00:15 --> Undefined property: App\Controllers\Inicio::$load
#0 C:\xampp\htdocs\cs\app\Controllers\Inicio.php(11): CodeIgniter\Debug\Exceptions->errorHandler(8, 'Undefined prope...', 'C:\\xampp\\htdocs...', 11, Array)
#1 C:\xampp\htdocs\cs\system\CodeIgniter.php(936): App\Controllers\Inicio->index()
#2 C:\xampp\htdocs\cs\system\CodeIgniter.php(432): CodeIgniter\CodeIgniter->runController(Object(App\Controllers\Inicio))
#3 C:\xampp\htdocs\cs\system\CodeIgniter.php(333): CodeIgniter\CodeIgniter->handleRequest(NULL, Object(Config\Cache), false)
#4 C:\xampp\htdocs\cs\public\index.php(44): CodeIgniter\CodeIgniter->run()
#5 {main}
CRITICAL - 2021-05-09 10:00:17 --> Undefined property: App\Controllers\Inicio::$load
#0 C:\xampp\htdocs\cs\app\Controllers\Inicio.php(11): CodeIgniter\Debug\Exceptions->errorHandler(8, 'Undefined prope...', 'C:\\xampp\\htdocs...', 11, Array)
#1 C:\xampp\htdocs\cs\system\CodeIgniter.php(936): App\Controllers\Inicio->index()
#2 C:\xampp\htdocs\cs\system\CodeIgniter.php(432): CodeIgniter\CodeIgniter->runController(Object(App\Controllers\Inicio))
#3 C:\xampp\htdocs\cs\system\CodeIgniter.php(333): CodeIgniter\CodeIgniter->handleRequest(NULL, Object(Config\Cache), false)
#4 C:\xampp\htdocs\cs\public\index.php(44): CodeIgniter\CodeIgniter->run()
#5 {main}
CRITICAL - 2021-05-09 10:01:10 --> Call to undefined method App\Controllers\Inicio::view()
#0 C:\xampp\htdocs\cs\system\CodeIgniter.php(936): App\Controllers\Inicio->index()
#1 C:\xampp\htdocs\cs\system\CodeIgniter.php(432): CodeIgniter\CodeIgniter->runController(Object(App\Controllers\Inicio))
#2 C:\xampp\htdocs\cs\system\CodeIgniter.php(333): CodeIgniter\CodeIgniter->handleRequest(NULL, Object(Config\Cache), false)
#3 C:\xampp\htdocs\cs\public\index.php(44): CodeIgniter\CodeIgniter->run()
#4 {main}
CRITICAL - 2021-05-09 10:01:13 --> Call to undefined method App\Controllers\Inicio::view()
#0 C:\xampp\htdocs\cs\system\CodeIgniter.php(936): App\Controllers\Inicio->index()
#1 C:\xampp\htdocs\cs\system\CodeIgniter.php(432): CodeIgniter\CodeIgniter->runController(Object(App\Controllers\Inicio))
#2 C:\xampp\htdocs\cs\system\CodeIgniter.php(333): CodeIgniter\CodeIgniter->handleRequest(NULL, Object(Config\Cache), false)
#3 C:\xampp\htdocs\cs\public\index.php(44): CodeIgniter\CodeIgniter->run()
#4 {main}
CRITICAL - 2021-05-09 10:01:34 --> Call to undefined method App\Controllers\Inicio::view()
#0 C:\xampp\htdocs\cs\system\CodeIgniter.php(936): App\Controllers\Inicio->index()
#1 C:\xampp\htdocs\cs\system\CodeIgniter.php(432): CodeIgniter\CodeIgniter->runController(Object(App\Controllers\Inicio))
#2 C:\xampp\htdocs\cs\system\CodeIgniter.php(333): CodeIgniter\CodeIgniter->handleRequest(NULL, Object(Config\Cache), false)
#3 C:\xampp\htdocs\cs\public\index.php(44): CodeIgniter\CodeIgniter->run()
#4 {main}
CRITICAL - 2021-05-09 10:02:20 --> Undefined property: App\Controllers\Inicio::$load
#0 C:\xampp\htdocs\cs\app\Controllers\Inicio.php(11): CodeIgniter\Debug\Exceptions->errorHandler(8, 'Undefined prope...', 'C:\\xampp\\htdocs...', 11, Array)
#1 C:\xampp\htdocs\cs\system\CodeIgniter.php(936): App\Controllers\Inicio->index()
#2 C:\xampp\htdocs\cs\system\CodeIgniter.php(432): CodeIgniter\CodeIgniter->runController(Object(App\Controllers\Inicio))
#3 C:\xampp\htdocs\cs\system\CodeIgniter.php(333): CodeIgniter\CodeIgniter->handleRequest(NULL, Object(Config\Cache), false)
#4 C:\xampp\htdocs\cs\public\index.php(44): CodeIgniter\CodeIgniter->run()
#5 {main}
CRITICAL - 2021-05-09 10:03:33 --> Undefined property: App\Controllers\Inicio::$templater
#0 C:\xampp\htdocs\cs\app\Controllers\Inicio.php(11): CodeIgniter\Debug\Exceptions->errorHandler(8, 'Undefined prope...', 'C:\\xampp\\htdocs...', 11, Array)
#1 C:\xampp\htdocs\cs\system\CodeIgniter.php(936): App\Controllers\Inicio->index()
#2 C:\xampp\htdocs\cs\system\CodeIgniter.php(432): CodeIgniter\CodeIgniter->runController(Object(App\Controllers\Inicio))
#3 C:\xampp\htdocs\cs\system\CodeIgniter.php(333): CodeIgniter\CodeIgniter->handleRequest(NULL, Object(Config\Cache), false)
#4 C:\xampp\htdocs\cs\public\index.php(44): CodeIgniter\CodeIgniter->run()
#5 {main}
CRITICAL - 2021-05-09 10:03:37 --> Undefined property: App\Controllers\Inicio::$templater
#0 C:\xampp\htdocs\cs\app\Controllers\Inicio.php(11): CodeIgniter\Debug\Exceptions->errorHandler(8, 'Undefined prope...', 'C:\\xampp\\htdocs...', 11, Array)
#1 C:\xampp\htdocs\cs\system\CodeIgniter.php(936): App\Controllers\Inicio->index()
#2 C:\xampp\htdocs\cs\system\CodeIgniter.php(432): CodeIgniter\CodeIgniter->runController(Object(App\Controllers\Inicio))
#3 C:\xampp\htdocs\cs\system\CodeIgniter.php(333): CodeIgniter\CodeIgniter->handleRequest(NULL, Object(Config\Cache), false)
#4 C:\xampp\htdocs\cs\public\index.php(44): CodeIgniter\CodeIgniter->run()
#5 {main}
CRITICAL - 2021-05-09 10:04:29 --> Undefined property: App\Controllers\Inicio::$load
#0 C:\xampp\htdocs\cs\app\Controllers\Inicio.php(11): CodeIgniter\Debug\Exceptions->errorHandler(8, 'Undefined prope...', 'C:\\xampp\\htdocs...', 11, Array)
#1 C:\xampp\htdocs\cs\system\CodeIgniter.php(936): App\Controllers\Inicio->index()
#2 C:\xampp\htdocs\cs\system\CodeIgniter.php(432): CodeIgniter\CodeIgniter->runController(Object(App\Controllers\Inicio))
#3 C:\xampp\htdocs\cs\system\CodeIgniter.php(333): CodeIgniter\CodeIgniter->handleRequest(NULL, Object(Config\Cache), false)
#4 C:\xampp\htdocs\cs\public\index.php(44): CodeIgniter\CodeIgniter->run()
#5 {main}
CRITICAL - 2021-05-09 10:04:49 --> Undefined property: App\Controllers\Inicio::$load
#0 C:\xampp\htdocs\cs\app\Controllers\Inicio.php(11): CodeIgniter\Debug\Exceptions->errorHandler(8, 'Undefined prope...', 'C:\\xampp\\htdocs...', 11, Array)
#1 C:\xampp\htdocs\cs\system\CodeIgniter.php(936): App\Controllers\Inicio->index()
#2 C:\xampp\htdocs\cs\system\CodeIgniter.php(432): CodeIgniter\CodeIgniter->runController(Object(App\Controllers\Inicio))
#3 C:\xampp\htdocs\cs\system\CodeIgniter.php(333): CodeIgniter\CodeIgniter->handleRequest(NULL, Object(Config\Cache), false)
#4 C:\xampp\htdocs\cs\public\index.php(44): CodeIgniter\CodeIgniter->run()
#5 {main}
CRITICAL - 2021-05-09 10:04:50 --> Undefined property: App\Controllers\Inicio::$load
#0 C:\xampp\htdocs\cs\app\Controllers\Inicio.php(11): CodeIgniter\Debug\Exceptions->errorHandler(8, 'Undefined prope...', 'C:\\xampp\\htdocs...', 11, Array)
#1 C:\xampp\htdocs\cs\system\CodeIgniter.php(936): App\Controllers\Inicio->index()
#2 C:\xampp\htdocs\cs\system\CodeIgniter.php(432): CodeIgniter\CodeIgniter->runController(Object(App\Controllers\Inicio))
#3 C:\xampp\htdocs\cs\system\CodeIgniter.php(333): CodeIgniter\CodeIgniter->handleRequest(NULL, Object(Config\Cache), false)
#4 C:\xampp\htdocs\cs\public\index.php(44): CodeIgniter\CodeIgniter->run()
#5 {main}
CRITICAL - 2021-05-09 10:04:52 --> Undefined property: App\Controllers\Inicio::$load
#0 C:\xampp\htdocs\cs\app\Controllers\Inicio.php(11): CodeIgniter\Debug\Exceptions->errorHandler(8, 'Undefined prope...', 'C:\\xampp\\htdocs...', 11, Array)
#1 C:\xampp\htdocs\cs\system\CodeIgniter.php(936): App\Controllers\Inicio->index()
#2 C:\xampp\htdocs\cs\system\CodeIgniter.php(432): CodeIgniter\CodeIgniter->runController(Object(App\Controllers\Inicio))
#3 C:\xampp\htdocs\cs\system\CodeIgniter.php(333): CodeIgniter\CodeIgniter->handleRequest(NULL, Object(Config\Cache), false)
#4 C:\xampp\htdocs\cs\public\index.php(44): CodeIgniter\CodeIgniter->run()
#5 {main}
CRITICAL - 2021-05-09 10:05:39 --> Undefined property: App\Controllers\Inicio::$load
#0 C:\xampp\htdocs\cs\app\Controllers\Inicio.php(11): CodeIgniter\Debug\Exceptions->errorHandler(8, 'Undefined prope...', 'C:\\xampp\\htdocs...', 11, Array)
#1 C:\xampp\htdocs\cs\system\CodeIgniter.php(936): App\Controllers\Inicio->index()
#2 C:\xampp\htdocs\cs\system\CodeIgniter.php(432): CodeIgniter\CodeIgniter->runController(Object(App\Controllers\Inicio))
#3 C:\xampp\htdocs\cs\system\CodeIgniter.php(333): CodeIgniter\CodeIgniter->handleRequest(NULL, Object(Config\Cache), false)
#4 C:\xampp\htdocs\cs\public\index.php(44): CodeIgniter\CodeIgniter->run()
#5 {main}
CRITICAL - 2021-05-09 10:08:30 --> Undefined property: App\Controllers\Inicio::$load
#0 C:\xampp\htdocs\cs\app\Controllers\Inicio.php(11): CodeIgniter\Debug\Exceptions->errorHandler(8, 'Undefined prope...', 'C:\\xampp\\htdocs...', 11, Array)
#1 C:\xampp\htdocs\cs\system\CodeIgniter.php(936): App\Controllers\Inicio->index()
#2 C:\xampp\htdocs\cs\system\CodeIgniter.php(432): CodeIgniter\CodeIgniter->runController(Object(App\Controllers\Inicio))
#3 C:\xampp\htdocs\cs\system\CodeIgniter.php(333): CodeIgniter\CodeIgniter->handleRequest(NULL, Object(Config\Cache), false)
#4 C:\xampp\htdocs\cs\public\index.php(44): CodeIgniter\CodeIgniter->run()
#5 {main}
CRITICAL - 2021-05-09 10:09:03 --> Undefined property: App\Controllers\Inicio::$load
#0 C:\xampp\htdocs\cs\app\Controllers\Inicio.php(11): CodeIgniter\Debug\Exceptions->errorHandler(8, 'Undefined prope...', 'C:\\xampp\\htdocs...', 11, Array)
#1 C:\xampp\htdocs\cs\system\CodeIgniter.php(936): App\Controllers\Inicio->index()
#2 C:\xampp\htdocs\cs\system\CodeIgniter.php(432): CodeIgniter\CodeIgniter->runController(Object(App\Controllers\Inicio))
#3 C:\xampp\htdocs\cs\system\CodeIgniter.php(333): CodeIgniter\CodeIgniter->handleRequest(NULL, Object(Config\Cache), false)
#4 C:\xampp\htdocs\cs\public\index.php(44): CodeIgniter\CodeIgniter->run()
#5 {main}
CRITICAL - 2021-05-09 10:14:48 --> Undefined property: App\Controllers\Inicio::$load
#0 C:\xampp\htdocs\cs\app\Controllers\Inicio.php(11): CodeIgniter\Debug\Exceptions->errorHandler(8, 'Undefined prope...', 'C:\\xampp\\htdocs...', 11, Array)
#1 C:\xampp\htdocs\cs\system\CodeIgniter.php(936): App\Controllers\Inicio->index()
#2 C:\xampp\htdocs\cs\system\CodeIgniter.php(432): CodeIgniter\CodeIgniter->runController(Object(App\Controllers\Inicio))
#3 C:\xampp\htdocs\cs\system\CodeIgniter.php(333): CodeIgniter\CodeIgniter->handleRequest(NULL, Object(Config\Cache), false)
#4 C:\xampp\htdocs\cs\public\index.php(44): CodeIgniter\CodeIgniter->run()
#5 {main}
CRITICAL - 2021-05-09 10:14:59 --> Undefined property: App\Controllers\Inicio::$load
#0 C:\xampp\htdocs\cs\app\Controllers\Inicio.php(11): CodeIgniter\Debug\Exceptions->errorHandler(8, 'Undefined prope...', 'C:\\xampp\\htdocs...', 11, Array)
#1 C:\xampp\htdocs\cs\system\CodeIgniter.php(936): App\Controllers\Inicio->index()
#2 C:\xampp\htdocs\cs\system\CodeIgniter.php(432): CodeIgniter\CodeIgniter->runController(Object(App\Controllers\Inicio))
#3 C:\xampp\htdocs\cs\system\CodeIgniter.php(333): CodeIgniter\CodeIgniter->handleRequest(NULL, Object(Config\Cache), false)
#4 C:\xampp\htdocs\cs\public\index.php(44): CodeIgniter\CodeIgniter->run()
#5 {main}
CRITICAL - 2021-05-09 10:16:02 --> Undefined property: App\Controllers\Inicio::$load
#0 C:\xampp\htdocs\cs\app\Controllers\Inicio.php(11): CodeIgniter\Debug\Exceptions->errorHandler(8, 'Undefined prope...', 'C:\\xampp\\htdocs...', 11, Array)
#1 C:\xampp\htdocs\cs\system\CodeIgniter.php(936): App\Controllers\Inicio->index()
#2 C:\xampp\htdocs\cs\system\CodeIgniter.php(432): CodeIgniter\CodeIgniter->runController(Object(App\Controllers\Inicio))
#3 C:\xampp\htdocs\cs\system\CodeIgniter.php(333): CodeIgniter\CodeIgniter->handleRequest(NULL, Object(Config\Cache), false)
#4 C:\xampp\htdocs\cs\public\index.php(44): CodeIgniter\CodeIgniter->run()
#5 {main}
CRITICAL - 2021-05-09 20:49:36 --> SQLSTATE[42000]: Syntax error or access violation: 1064 You have an error in your SQL syntax; check the manual that corresponds to your MariaDB server version for the right syntax to use near 'ORDER BY `id_alergia` ASC
			 LIMIT 0, 10' at line 4
#0 C:\xampp\htdocs\cs\app\Libraries\Ssp.php(465): PDOStatement->execute()
#1 C:\xampp\htdocs\cs\app\Libraries\Ssp.php(367): App\Libraries\Ssp::sql_exec(Object(PDO), Array, 'SELECT `id_aler...')
#2 C:\xampp\htdocs\cs\app\Controllers\Tratamiento.php(54): App\Libraries\Ssp::complex(Array, Array, 'sp_view_tratami...', 'id_alergia', Array, ' ')
#3 C:\xampp\htdocs\cs\system\CodeIgniter.php(936): App\Controllers\Tratamiento->ajaxListarAlergias()
#4 C:\xampp\htdocs\cs\system\CodeIgniter.php(432): CodeIgniter\CodeIgniter->runController(Object(App\Controllers\Tratamiento))
#5 C:\xampp\htdocs\cs\system\CodeIgniter.php(333): CodeIgniter\CodeIgniter->handleRequest(NULL, Object(Config\Cache), false)
#6 C:\xampp\htdocs\cs\public\index.php(44): CodeIgniter\CodeIgniter->run()
#7 {main}
CRITICAL - 2021-05-09 21:52:06 --> SQLSTATE[42000]: Syntax error or access violation: 1064 You have an error in your SQL syntax; check the manual that corresponds to your MariaDB server version for the right syntax to use near 'ORDER BY `id_alergia` ASC
			 LIMIT 0, 10' at line 4
#0 C:\xampp\htdocs\cs\app\Libraries\Ssp.php(465): PDOStatement->execute()
#1 C:\xampp\htdocs\cs\app\Libraries\Ssp.php(367): App\Libraries\Ssp::sql_exec(Object(PDO), Array, 'SELECT `id_aler...')
#2 C:\xampp\htdocs\cs\app\Controllers\Tratamiento.php(54): App\Libraries\Ssp::complex(Array, Array, 'sp_view_tratami...', 'id_alergia', Array, ' ')
#3 C:\xampp\htdocs\cs\system\CodeIgniter.php(936): App\Controllers\Tratamiento->ajaxListarAlergias()
#4 C:\xampp\htdocs\cs\system\CodeIgniter.php(432): CodeIgniter\CodeIgniter->runController(Object(App\Controllers\Tratamiento))
#5 C:\xampp\htdocs\cs\system\CodeIgniter.php(333): CodeIgniter\CodeIgniter->handleRequest(NULL, Object(Config\Cache), false)
#6 C:\xampp\htdocs\cs\public\index.php(44): CodeIgniter\CodeIgniter->run()
#7 {main}
CRITICAL - 2021-05-09 22:24:43 --> SQLSTATE[42000]: Syntax error or access violation: 1064 You have an error in your SQL syntax; check the manual that corresponds to your MariaDB server version for the right syntax to use near 'ORDER BY `id_alergia` ASC
			 LIMIT 0, 10' at line 4
#0 C:\xampp\htdocs\cs\app\Libraries\Ssp.php(465): PDOStatement->execute()
#1 C:\xampp\htdocs\cs\app\Libraries\Ssp.php(367): App\Libraries\Ssp::sql_exec(Object(PDO), Array, 'SELECT `id_aler...')
#2 C:\xampp\htdocs\cs\app\Controllers\Tratamiento.php(54): App\Libraries\Ssp::complex(Array, Array, 'sp_view_tratami...', 'id_alergia', Array, ' ')
#3 C:\xampp\htdocs\cs\system\CodeIgniter.php(936): App\Controllers\Tratamiento->ajaxListarAlergias()
#4 C:\xampp\htdocs\cs\system\CodeIgniter.php(432): CodeIgniter\CodeIgniter->runController(Object(App\Controllers\Tratamiento))
#5 C:\xampp\htdocs\cs\system\CodeIgniter.php(333): CodeIgniter\CodeIgniter->handleRequest(NULL, Object(Config\Cache), false)
#6 C:\xampp\htdocs\cs\public\index.php(44): CodeIgniter\CodeIgniter->run()
#7 {main}
