CRITICAL - 2021-03-02 16:51:31 --> SQLSTATE[42S22]: Column not found: 1054 Unknown column 'fecha' in 'field list'
#0 /var/www/html/cs/app/Libraries/Ssp.php(465): PDOStatement->execute()
#1 /var/www/html/cs/app/Libraries/Ssp.php(367): App\Libraries\Ssp::sql_exec()
#2 /var/www/html/cs/app/Controllers/Cita.php(55): App\Libraries\Ssp::complex()
#3 /var/www/html/cs/system/CodeIgniter.php(936): App\Controllers\Cita->ajaxListarCitas()
#4 /var/www/html/cs/system/CodeIgniter.php(432): CodeIgniter\CodeIgniter->runController()
#5 /var/www/html/cs/system/CodeIgniter.php(333): CodeIgniter\CodeIgniter->handleRequest()
#6 /var/www/html/cs/public/index.php(44): CodeIgniter\CodeIgniter->run()
#7 {main}
CRITICAL - 2021-03-02 16:52:28 --> SQLSTATE[42S22]: Column not found: 1054 Unknown column 'fecha' in 'field list'
#0 /var/www/html/cs/app/Libraries/Ssp.php(465): PDOStatement->execute()
#1 /var/www/html/cs/app/Libraries/Ssp.php(367): App\Libraries\Ssp::sql_exec()
#2 /var/www/html/cs/app/Controllers/Cita.php(55): App\Libraries\Ssp::complex()
#3 /var/www/html/cs/system/CodeIgniter.php(936): App\Controllers\Cita->ajaxListarCitas()
#4 /var/www/html/cs/system/CodeIgniter.php(432): CodeIgniter\CodeIgniter->runController()
#5 /var/www/html/cs/system/CodeIgniter.php(333): CodeIgniter\CodeIgniter->handleRequest()
#6 /var/www/html/cs/public/index.php(44): CodeIgniter\CodeIgniter->run()
#7 {main}
CRITICAL - 2021-03-02 16:52:40 --> SQLSTATE[42S22]: Column not found: 1054 Unknown column 'fecha' in 'field list'
#0 /var/www/html/cs/app/Libraries/Ssp.php(465): PDOStatement->execute()
#1 /var/www/html/cs/app/Libraries/Ssp.php(367): App\Libraries\Ssp::sql_exec()
#2 /var/www/html/cs/app/Controllers/Cita.php(55): App\Libraries\Ssp::complex()
#3 /var/www/html/cs/system/CodeIgniter.php(936): App\Controllers\Cita->ajaxListarCitas()
#4 /var/www/html/cs/system/CodeIgniter.php(432): CodeIgniter\CodeIgniter->runController()
#5 /var/www/html/cs/system/CodeIgniter.php(333): CodeIgniter\CodeIgniter->handleRequest()
#6 /var/www/html/cs/public/index.php(44): CodeIgniter\CodeIgniter->run()
#7 {main}
CRITICAL - 2021-03-02 16:54:30 --> SQLSTATE[42S22]: Column not found: 1054 Unknown column 'fecha' in 'field list'
#0 /var/www/html/cs/app/Libraries/Ssp.php(465): PDOStatement->execute()
#1 /var/www/html/cs/app/Libraries/Ssp.php(367): App\Libraries\Ssp::sql_exec()
#2 /var/www/html/cs/app/Controllers/Cita.php(55): App\Libraries\Ssp::complex()
#3 /var/www/html/cs/system/CodeIgniter.php(936): App\Controllers\Cita->ajaxListarCitas()
#4 /var/www/html/cs/system/CodeIgniter.php(432): CodeIgniter\CodeIgniter->runController()
#5 /var/www/html/cs/system/CodeIgniter.php(333): CodeIgniter\CodeIgniter->handleRequest()
#6 /var/www/html/cs/public/index.php(44): CodeIgniter\CodeIgniter->run()
#7 {main}
CRITICAL - 2021-03-02 16:59:02 --> SQLSTATE[42S22]: Column not found: 1054 Unknown column 'fecha' in 'field list'
#0 /var/www/html/cs/app/Libraries/Ssp.php(465): PDOStatement->execute()
#1 /var/www/html/cs/app/Libraries/Ssp.php(367): App\Libraries\Ssp::sql_exec()
#2 /var/www/html/cs/app/Controllers/Cita.php(55): App\Libraries\Ssp::complex()
#3 /var/www/html/cs/system/CodeIgniter.php(936): App\Controllers\Cita->ajaxListarCitas()
#4 /var/www/html/cs/system/CodeIgniter.php(432): CodeIgniter\CodeIgniter->runController()
#5 /var/www/html/cs/system/CodeIgniter.php(333): CodeIgniter\CodeIgniter->handleRequest()
#6 /var/www/html/cs/public/index.php(44): CodeIgniter\CodeIgniter->run()
#7 {main}
CRITICAL - 2021-03-02 17:02:53 --> SQLSTATE[42S22]: Column not found: 1054 Unknown column 'hora' in 'field list'
#0 /var/www/html/cs/app/Libraries/Ssp.php(465): PDOStatement->execute()
#1 /var/www/html/cs/app/Libraries/Ssp.php(367): App\Libraries\Ssp::sql_exec()
#2 /var/www/html/cs/app/Controllers/Cita.php(55): App\Libraries\Ssp::complex()
#3 /var/www/html/cs/system/CodeIgniter.php(936): App\Controllers\Cita->ajaxListarCitas()
#4 /var/www/html/cs/system/CodeIgniter.php(432): CodeIgniter\CodeIgniter->runController()
#5 /var/www/html/cs/system/CodeIgniter.php(333): CodeIgniter\CodeIgniter->handleRequest()
#6 /var/www/html/cs/public/index.php(44): CodeIgniter\CodeIgniter->run()
#7 {main}
CRITICAL - 2021-03-02 17:03:37 --> SQLSTATE[42S22]: Column not found: 1054 Unknown column 'costo' in 'field list'
#0 /var/www/html/cs/app/Libraries/Ssp.php(465): PDOStatement->execute()
#1 /var/www/html/cs/app/Libraries/Ssp.php(367): App\Libraries\Ssp::sql_exec()
#2 /var/www/html/cs/app/Controllers/Cita.php(54): App\Libraries\Ssp::complex()
#3 /var/www/html/cs/system/CodeIgniter.php(936): App\Controllers\Cita->ajaxListarCitas()
#4 /var/www/html/cs/system/CodeIgniter.php(432): CodeIgniter\CodeIgniter->runController()
#5 /var/www/html/cs/system/CodeIgniter.php(333): CodeIgniter\CodeIgniter->handleRequest()
#6 /var/www/html/cs/public/index.php(44): CodeIgniter\CodeIgniter->run()
#7 {main}
CRITICAL - 2021-03-02 17:06:08 --> SQLSTATE[42S22]: Column not found: 1054 Unknown column 'estado' in 'where clause'
#0 /var/www/html/cs/app/Libraries/Ssp.php(465): PDOStatement->execute()
#1 /var/www/html/cs/app/Libraries/Ssp.php(367): App\Libraries\Ssp::sql_exec()
#2 /var/www/html/cs/app/Controllers/Cita.php(54): App\Libraries\Ssp::complex()
#3 /var/www/html/cs/system/CodeIgniter.php(936): App\Controllers\Cita->ajaxListarCitas()
#4 /var/www/html/cs/system/CodeIgniter.php(432): CodeIgniter\CodeIgniter->runController()
#5 /var/www/html/cs/system/CodeIgniter.php(333): CodeIgniter\CodeIgniter->handleRequest()
#6 /var/www/html/cs/public/index.php(44): CodeIgniter\CodeIgniter->run()
#7 {main}
CRITICAL - 2021-03-02 17:15:33 --> SQLSTATE[42S22]: Column not found: 1054 Unknown column 'fecha_hora_cita' in 'field list'
#0 /var/www/html/cs/app/Libraries/Ssp.php(465): PDOStatement->execute()
#1 /var/www/html/cs/app/Libraries/Ssp.php(367): App\Libraries\Ssp::sql_exec()
#2 /var/www/html/cs/app/Controllers/Cita.php(54): App\Libraries\Ssp::complex()
#3 /var/www/html/cs/system/CodeIgniter.php(936): App\Controllers\Cita->ajaxListarCitas()
#4 /var/www/html/cs/system/CodeIgniter.php(432): CodeIgniter\CodeIgniter->runController()
#5 /var/www/html/cs/system/CodeIgniter.php(333): CodeIgniter\CodeIgniter->handleRequest()
#6 /var/www/html/cs/public/index.php(44): CodeIgniter\CodeIgniter->run()
#7 {main}
CRITICAL - 2021-03-02 17:15:55 --> SQLSTATE[42S22]: Column not found: 1054 Unknown column 'costo' in 'field list'
#0 /var/www/html/cs/app/Libraries/Ssp.php(465): PDOStatement->execute()
#1 /var/www/html/cs/app/Libraries/Ssp.php(367): App\Libraries\Ssp::sql_exec()
#2 /var/www/html/cs/app/Controllers/Cita.php(55): App\Libraries\Ssp::complex()
#3 /var/www/html/cs/system/CodeIgniter.php(936): App\Controllers\Cita->ajaxListarCitas()
#4 /var/www/html/cs/system/CodeIgniter.php(432): CodeIgniter\CodeIgniter->runController()
#5 /var/www/html/cs/system/CodeIgniter.php(333): CodeIgniter\CodeIgniter->handleRequest()
#6 /var/www/html/cs/public/index.php(44): CodeIgniter\CodeIgniter->run()
#7 {main}
CRITICAL - 2021-03-02 17:16:53 --> SQLSTATE[42S22]: Column not found: 1054 Unknown column 'estado' in 'where clause'
#0 /var/www/html/cs/app/Libraries/Ssp.php(465): PDOStatement->execute()
#1 /var/www/html/cs/app/Libraries/Ssp.php(367): App\Libraries\Ssp::sql_exec()
#2 /var/www/html/cs/app/Controllers/Cita.php(55): App\Libraries\Ssp::complex()
#3 /var/www/html/cs/system/CodeIgniter.php(936): App\Controllers\Cita->ajaxListarCitas()
#4 /var/www/html/cs/system/CodeIgniter.php(432): CodeIgniter\CodeIgniter->runController()
#5 /var/www/html/cs/system/CodeIgniter.php(333): CodeIgniter\CodeIgniter->handleRequest()
#6 /var/www/html/cs/public/index.php(44): CodeIgniter\CodeIgniter->run()
#7 {main}
