ERROR - 2021-02-22 00:18:22 --> mysqli_sql_exception: Table 'sanpedro.sp_view_usuario' doesn't exist in /var/www/html/cs/system/Database/MySQLi/Connection.php:314
Stack trace:
#0 /var/www/html/cs/system/Database/MySQLi/Connection.php(314): mysqli->query()
#1 /var/www/html/cs/system/Database/BaseConnection.php(713): CodeIgniter\Database\MySQLi\Connection->execute()
#2 /var/www/html/cs/system/Database/BaseConnection.php(641): CodeIgniter\Database\BaseConnection->simpleQuery()
#3 /var/www/html/cs/system/Database/BaseBuilder.php(1866): CodeIgniter\Database\BaseConnection->query()
#4 /var/www/html/cs/app/Models/PerfilModel.php(52): CodeIgniter\Database\BaseBuilder->get()
#5 /var/www/html/cs/app/Controllers/Perfil.php(29): App\Models\PerfilModel->datos_usuario_perfil()
#6 /var/www/html/cs/system/CodeIgniter.php(936): App\Controllers\Perfil->datos_usuario()
#7 /var/www/html/cs/system/CodeIgniter.php(432): CodeIgniter\CodeIgniter->runController()
#8 /var/www/html/cs/system/CodeIgniter.php(333): CodeIgniter\CodeIgniter->handleRequest()
#9 /var/www/html/cs/public/index.php(44): CodeIgniter\CodeIgniter->run()
#10 {main}
ERROR - 2021-02-22 00:19:31 --> mysqli_sql_exception: Table 'sanpedro.sp_view_usuario' doesn't exist in /var/www/html/cs/system/Database/MySQLi/Connection.php:314
Stack trace:
#0 /var/www/html/cs/system/Database/MySQLi/Connection.php(314): mysqli->query()
#1 /var/www/html/cs/system/Database/BaseConnection.php(713): CodeIgniter\Database\MySQLi\Connection->execute()
#2 /var/www/html/cs/system/Database/BaseConnection.php(641): CodeIgniter\Database\BaseConnection->simpleQuery()
#3 /var/www/html/cs/system/Database/BaseBuilder.php(1866): CodeIgniter\Database\BaseConnection->query()
#4 /var/www/html/cs/app/Models/PerfilModel.php(52): CodeIgniter\Database\BaseBuilder->get()
#5 /var/www/html/cs/app/Controllers/Perfil.php(29): App\Models\PerfilModel->datos_usuario_perfil()
#6 /var/www/html/cs/system/CodeIgniter.php(936): App\Controllers\Perfil->datos_usuario()
#7 /var/www/html/cs/system/CodeIgniter.php(432): CodeIgniter\CodeIgniter->runController()
#8 /var/www/html/cs/system/CodeIgniter.php(333): CodeIgniter\CodeIgniter->handleRequest()
#9 /var/www/html/cs/public/index.php(44): CodeIgniter\CodeIgniter->run()
#10 {main}
ERROR - 2021-02-22 00:20:14 --> mysqli_sql_exception: Table 'sanpedro.sp_view_usuario' doesn't exist in /var/www/html/cs/system/Database/MySQLi/Connection.php:314
Stack trace:
#0 /var/www/html/cs/system/Database/MySQLi/Connection.php(314): mysqli->query()
#1 /var/www/html/cs/system/Database/BaseConnection.php(713): CodeIgniter\Database\MySQLi\Connection->execute()
#2 /var/www/html/cs/system/Database/BaseConnection.php(641): CodeIgniter\Database\BaseConnection->simpleQuery()
#3 /var/www/html/cs/system/Database/BaseBuilder.php(1866): CodeIgniter\Database\BaseConnection->query()
#4 /var/www/html/cs/app/Models/PerfilModel.php(52): CodeIgniter\Database\BaseBuilder->get()
#5 /var/www/html/cs/app/Controllers/Perfil.php(29): App\Models\PerfilModel->datos_usuario_perfil()
#6 /var/www/html/cs/system/CodeIgniter.php(936): App\Controllers\Perfil->datos_usuario()
#7 /var/www/html/cs/system/CodeIgniter.php(432): CodeIgniter\CodeIgniter->runController()
#8 /var/www/html/cs/system/CodeIgniter.php(333): CodeIgniter\CodeIgniter->handleRequest()
#9 /var/www/html/cs/public/index.php(44): CodeIgniter\CodeIgniter->run()
#10 {main}
ERROR - 2021-02-22 00:20:58 --> mysqli_sql_exception: Table 'sanpedro.sp_view_usuario' doesn't exist in /var/www/html/cs/system/Database/MySQLi/Connection.php:314
Stack trace:
#0 /var/www/html/cs/system/Database/MySQLi/Connection.php(314): mysqli->query()
#1 /var/www/html/cs/system/Database/BaseConnection.php(713): CodeIgniter\Database\MySQLi\Connection->execute()
#2 /var/www/html/cs/system/Database/BaseConnection.php(641): CodeIgniter\Database\BaseConnection->simpleQuery()
#3 /var/www/html/cs/system/Database/BaseBuilder.php(1866): CodeIgniter\Database\BaseConnection->query()
#4 /var/www/html/cs/app/Models/PerfilModel.php(52): CodeIgniter\Database\BaseBuilder->get()
#5 /var/www/html/cs/app/Controllers/Perfil.php(29): App\Models\PerfilModel->datos_usuario_perfil()
#6 /var/www/html/cs/system/CodeIgniter.php(936): App\Controllers\Perfil->datos_usuario()
#7 /var/www/html/cs/system/CodeIgniter.php(432): CodeIgniter\CodeIgniter->runController()
#8 /var/www/html/cs/system/CodeIgniter.php(333): CodeIgniter\CodeIgniter->handleRequest()
#9 /var/www/html/cs/public/index.php(44): CodeIgniter\CodeIgniter->run()
#10 {main}
ERROR - 2021-02-22 00:21:50 --> mysqli_sql_exception: Table 'sanpedro.sp_view_usuario' doesn't exist in /var/www/html/cs/system/Database/MySQLi/Connection.php:314
Stack trace:
#0 /var/www/html/cs/system/Database/MySQLi/Connection.php(314): mysqli->query()
#1 /var/www/html/cs/system/Database/BaseConnection.php(713): CodeIgniter\Database\MySQLi\Connection->execute()
#2 /var/www/html/cs/system/Database/BaseConnection.php(641): CodeIgniter\Database\BaseConnection->simpleQuery()
#3 /var/www/html/cs/system/Database/BaseBuilder.php(1866): CodeIgniter\Database\BaseConnection->query()
#4 /var/www/html/cs/app/Models/PerfilModel.php(52): CodeIgniter\Database\BaseBuilder->get()
#5 /var/www/html/cs/app/Controllers/Perfil.php(29): App\Models\PerfilModel->datos_usuario_perfil()
#6 /var/www/html/cs/system/CodeIgniter.php(936): App\Controllers\Perfil->datos_usuario()
#7 /var/www/html/cs/system/CodeIgniter.php(432): CodeIgniter\CodeIgniter->runController()
#8 /var/www/html/cs/system/CodeIgniter.php(333): CodeIgniter\CodeIgniter->handleRequest()
#9 /var/www/html/cs/public/index.php(44): CodeIgniter\CodeIgniter->run()
#10 {main}
ERROR - 2021-02-22 00:23:44 --> mysqli_sql_exception: Table 'sanpedro.sp_view_usuario' doesn't exist in /var/www/html/cs/system/Database/MySQLi/Connection.php:314
Stack trace:
#0 /var/www/html/cs/system/Database/MySQLi/Connection.php(314): mysqli->query()
#1 /var/www/html/cs/system/Database/BaseConnection.php(713): CodeIgniter\Database\MySQLi\Connection->execute()
#2 /var/www/html/cs/system/Database/BaseConnection.php(641): CodeIgniter\Database\BaseConnection->simpleQuery()
#3 /var/www/html/cs/system/Database/BaseBuilder.php(1866): CodeIgniter\Database\BaseConnection->query()
#4 /var/www/html/cs/app/Models/PerfilModel.php(52): CodeIgniter\Database\BaseBuilder->get()
#5 /var/www/html/cs/app/Controllers/Perfil.php(26): App\Models\PerfilModel->datos_usuario_perfil()
#6 /var/www/html/cs/system/CodeIgniter.php(936): App\Controllers\Perfil->datos_usuario()
#7 /var/www/html/cs/system/CodeIgniter.php(432): CodeIgniter\CodeIgniter->runController()
#8 /var/www/html/cs/system/CodeIgniter.php(333): CodeIgniter\CodeIgniter->handleRequest()
#9 /var/www/html/cs/public/index.php(44): CodeIgniter\CodeIgniter->run()
#10 {main}
CRITICAL - 2021-02-22 14:27:04 --> Call to undefined method App\Models\PerfilModel::usuario()
#0 /var/www/html/cs/system/CodeIgniter.php(936): App\Controllers\Perfil->cambiar_password()
#1 /var/www/html/cs/system/CodeIgniter.php(432): CodeIgniter\CodeIgniter->runController()
#2 /var/www/html/cs/system/CodeIgniter.php(333): CodeIgniter\CodeIgniter->handleRequest()
#3 /var/www/html/cs/public/index.php(44): CodeIgniter\CodeIgniter->run()
#4 {main}
CRITICAL - 2021-02-22 14:27:05 --> Call to undefined method App\Models\PerfilModel::usuario()
#0 /var/www/html/cs/system/CodeIgniter.php(936): App\Controllers\Perfil->cambiar_password()
#1 /var/www/html/cs/system/CodeIgniter.php(432): CodeIgniter\CodeIgniter->runController()
#2 /var/www/html/cs/system/CodeIgniter.php(333): CodeIgniter\CodeIgniter->handleRequest()
#3 /var/www/html/cs/public/index.php(44): CodeIgniter\CodeIgniter->run()
#4 {main}
CRITICAL - 2021-02-22 14:27:13 --> Call to undefined method App\Models\PerfilModel::usuario()
#0 /var/www/html/cs/system/CodeIgniter.php(936): App\Controllers\Perfil->cambiar_password()
#1 /var/www/html/cs/system/CodeIgniter.php(432): CodeIgniter\CodeIgniter->runController()
#2 /var/www/html/cs/system/CodeIgniter.php(333): CodeIgniter\CodeIgniter->handleRequest()
#3 /var/www/html/cs/public/index.php(44): CodeIgniter\CodeIgniter->run()
#4 {main}
CRITICAL - 2021-02-22 14:28:16 --> Call to undefined method App\Models\PerfilModel::usuario()
#0 /var/www/html/cs/system/CodeIgniter.php(936): App\Controllers\Perfil->cambiar_password()
#1 /var/www/html/cs/system/CodeIgniter.php(432): CodeIgniter\CodeIgniter->runController()
#2 /var/www/html/cs/system/CodeIgniter.php(333): CodeIgniter\CodeIgniter->handleRequest()
#3 /var/www/html/cs/public/index.php(44): CodeIgniter\CodeIgniter->run()
#4 {main}
CRITICAL - 2021-02-22 14:48:44 --> Call to a member function isValid() on null
#0 /var/www/html/cs/system/CodeIgniter.php(936): App\Controllers\Perfil->subir_foto()
#1 /var/www/html/cs/system/CodeIgniter.php(432): CodeIgniter\CodeIgniter->runController()
#2 /var/www/html/cs/system/CodeIgniter.php(333): CodeIgniter\CodeIgniter->handleRequest()
#3 /var/www/html/cs/public/index.php(44): CodeIgniter\CodeIgniter->run()
#4 {main}
CRITICAL - 2021-02-22 14:49:10 --> Call to a member function isValid() on null
#0 /var/www/html/cs/system/CodeIgniter.php(936): App\Controllers\Perfil->subir_foto()
#1 /var/www/html/cs/system/CodeIgniter.php(432): CodeIgniter\CodeIgniter->runController()
#2 /var/www/html/cs/system/CodeIgniter.php(333): CodeIgniter\CodeIgniter->handleRequest()
#3 /var/www/html/cs/public/index.php(44): CodeIgniter\CodeIgniter->run()
#4 {main}
CRITICAL - 2021-02-22 14:50:36 --> Call to a member function isValid() on null
#0 /var/www/html/cs/system/CodeIgniter.php(936): App\Controllers\Perfil->subir_foto()
#1 /var/www/html/cs/system/CodeIgniter.php(432): CodeIgniter\CodeIgniter->runController()
#2 /var/www/html/cs/system/CodeIgniter.php(333): CodeIgniter\CodeIgniter->handleRequest()
#3 /var/www/html/cs/public/index.php(44): CodeIgniter\CodeIgniter->run()
#4 {main}
CRITICAL - 2021-02-22 14:50:53 --> Call to a member function getName() on null
#0 /var/www/html/cs/system/CodeIgniter.php(936): App\Controllers\Perfil->subir_foto()
#1 /var/www/html/cs/system/CodeIgniter.php(432): CodeIgniter\CodeIgniter->runController()
#2 /var/www/html/cs/system/CodeIgniter.php(333): CodeIgniter\CodeIgniter->handleRequest()
#3 /var/www/html/cs/public/index.php(44): CodeIgniter\CodeIgniter->run()
#4 {main}
CRITICAL - 2021-02-22 14:51:41 --> Call to a member function getName() on null
#0 /var/www/html/cs/system/CodeIgniter.php(936): App\Controllers\Perfil->subir_foto()
#1 /var/www/html/cs/system/CodeIgniter.php(432): CodeIgniter\CodeIgniter->runController()
#2 /var/www/html/cs/system/CodeIgniter.php(333): CodeIgniter\CodeIgniter->handleRequest()
#3 /var/www/html/cs/public/index.php(44): CodeIgniter\CodeIgniter->run()
#4 {main}
CRITICAL - 2021-02-22 14:52:18 --> Call to a member function getName() on null
#0 /var/www/html/cs/system/CodeIgniter.php(936): App\Controllers\Perfil->subir_foto()
#1 /var/www/html/cs/system/CodeIgniter.php(432): CodeIgniter\CodeIgniter->runController()
#2 /var/www/html/cs/system/CodeIgniter.php(333): CodeIgniter\CodeIgniter->handleRequest()
#3 /var/www/html/cs/public/index.php(44): CodeIgniter\CodeIgniter->run()
#4 {main}
CRITICAL - 2021-02-22 14:53:18 --> Call to a member function getName() on null
#0 /var/www/html/cs/system/CodeIgniter.php(936): App\Controllers\Perfil->subir_foto()
#1 /var/www/html/cs/system/CodeIgniter.php(432): CodeIgniter\CodeIgniter->runController()
#2 /var/www/html/cs/system/CodeIgniter.php(333): CodeIgniter\CodeIgniter->handleRequest()
#3 /var/www/html/cs/public/index.php(44): CodeIgniter\CodeIgniter->run()
#4 {main}
CRITICAL - 2021-02-22 14:53:31 --> Call to a member function getName() on null
#0 /var/www/html/cs/system/CodeIgniter.php(936): App\Controllers\Perfil->subir_foto()
#1 /var/www/html/cs/system/CodeIgniter.php(432): CodeIgniter\CodeIgniter->runController()
#2 /var/www/html/cs/system/CodeIgniter.php(333): CodeIgniter\CodeIgniter->handleRequest()
#3 /var/www/html/cs/public/index.php(44): CodeIgniter\CodeIgniter->run()
#4 {main}
CRITICAL - 2021-02-22 14:53:38 --> Call to a member function getName() on null
#0 /var/www/html/cs/system/CodeIgniter.php(936): App\Controllers\Perfil->subir_foto()
#1 /var/www/html/cs/system/CodeIgniter.php(432): CodeIgniter\CodeIgniter->runController()
#2 /var/www/html/cs/system/CodeIgniter.php(333): CodeIgniter\CodeIgniter->handleRequest()
#3 /var/www/html/cs/public/index.php(44): CodeIgniter\CodeIgniter->run()
#4 {main}
CRITICAL - 2021-02-22 14:56:13 --> Call to a member function getName() on null
#0 /var/www/html/cs/system/CodeIgniter.php(936): App\Controllers\Perfil->subir_foto()
#1 /var/www/html/cs/system/CodeIgniter.php(432): CodeIgniter\CodeIgniter->runController()
#2 /var/www/html/cs/system/CodeIgniter.php(333): CodeIgniter\CodeIgniter->handleRequest()
#3 /var/www/html/cs/public/index.php(44): CodeIgniter\CodeIgniter->run()
#4 {main}
CRITICAL - 2021-02-22 14:57:04 --> Call to a member function getName() on null
#0 /var/www/html/cs/system/CodeIgniter.php(936): App\Controllers\Perfil->subir_foto()
#1 /var/www/html/cs/system/CodeIgniter.php(432): CodeIgniter\CodeIgniter->runController()
#2 /var/www/html/cs/system/CodeIgniter.php(333): CodeIgniter\CodeIgniter->handleRequest()
#3 /var/www/html/cs/public/index.php(44): CodeIgniter\CodeIgniter->run()
#4 {main}
CRITICAL - 2021-02-22 14:57:53 --> Call to a member function getClientName() on null
#0 /var/www/html/cs/system/CodeIgniter.php(936): App\Controllers\Perfil->subir_foto()
#1 /var/www/html/cs/system/CodeIgniter.php(432): CodeIgniter\CodeIgniter->runController()
#2 /var/www/html/cs/system/CodeIgniter.php(333): CodeIgniter\CodeIgniter->handleRequest()
#3 /var/www/html/cs/public/index.php(44): CodeIgniter\CodeIgniter->run()
#4 {main}
CRITICAL - 2021-02-22 14:58:30 --> Call to a member function getClientExtension() on null
#0 /var/www/html/cs/system/CodeIgniter.php(936): App\Controllers\Perfil->subir_foto()
#1 /var/www/html/cs/system/CodeIgniter.php(432): CodeIgniter\CodeIgniter->runController()
#2 /var/www/html/cs/system/CodeIgniter.php(333): CodeIgniter\CodeIgniter->handleRequest()
#3 /var/www/html/cs/public/index.php(44): CodeIgniter\CodeIgniter->run()
#4 {main}
CRITICAL - 2021-02-22 15:04:41 --> Argument 1 passed to CodeIgniter\Files\File::__construct() must be of the type string, null given, called in /var/www/html/cs/app/Controllers/Perfil.php on line 136
#0 /var/www/html/cs/app/Controllers/Perfil.php(136): CodeIgniter\Files\File->__construct()
#1 /var/www/html/cs/system/CodeIgniter.php(936): App\Controllers\Perfil->subir_foto()
#2 /var/www/html/cs/system/CodeIgniter.php(432): CodeIgniter\CodeIgniter->runController()
#3 /var/www/html/cs/system/CodeIgniter.php(333): CodeIgniter\CodeIgniter->handleRequest()
#4 /var/www/html/cs/public/index.php(44): CodeIgniter\CodeIgniter->run()
#5 {main}
