CRITICAL - 2021-05-13 23:15:21 --> Namespace declaration statement has to be the very first statement or after any declare call in the script
#0 [internal function]: CodeIgniter\Debug\Exceptions->shutdownHandler()
#1 {main}
CRITICAL - 2021-05-13 23:15:22 --> Namespace declaration statement has to be the very first statement or after any declare call in the script
#0 [internal function]: CodeIgniter\Debug\Exceptions->shutdownHandler()
#1 {main}
CRITICAL - 2021-05-13 23:15:23 --> Namespace declaration statement has to be the very first statement or after any declare call in the script
#0 [internal function]: CodeIgniter\Debug\Exceptions->shutdownHandler()
#1 {main}
CRITICAL - 2021-05-13 23:15:23 --> Namespace declaration statement has to be the very first statement or after any declare call in the script
#0 [internal function]: CodeIgniter\Debug\Exceptions->shutdownHandler()
#1 {main}
CRITICAL - 2021-05-13 23:15:23 --> Namespace declaration statement has to be the very first statement or after any declare call in the script
#0 [internal function]: CodeIgniter\Debug\Exceptions->shutdownHandler()
#1 {main}
CRITICAL - 2021-05-13 23:15:24 --> Namespace declaration statement has to be the very first statement or after any declare call in the script
#0 [internal function]: CodeIgniter\Debug\Exceptions->shutdownHandler()
#1 {main}
CRITICAL - 2021-05-13 23:15:24 --> Namespace declaration statement has to be the very first statement or after any declare call in the script
#0 [internal function]: CodeIgniter\Debug\Exceptions->shutdownHandler()
#1 {main}
CRITICAL - 2021-05-13 23:15:24 --> Namespace declaration statement has to be the very first statement or after any declare call in the script
#0 [internal function]: CodeIgniter\Debug\Exceptions->shutdownHandler()
#1 {main}
CRITICAL - 2021-05-13 23:15:28 --> Namespace declaration statement has to be the very first statement or after any declare call in the script
#0 [internal function]: CodeIgniter\Debug\Exceptions->shutdownHandler()
#1 {main}
CRITICAL - 2021-05-13 23:15:29 --> Namespace declaration statement has to be the very first statement or after any declare call in the script
#0 [internal function]: CodeIgniter\Debug\Exceptions->shutdownHandler()
#1 {main}
CRITICAL - 2021-05-13 23:15:29 --> Namespace declaration statement has to be the very first statement or after any declare call in the script
#0 [internal function]: CodeIgniter\Debug\Exceptions->shutdownHandler()
#1 {main}
CRITICAL - 2021-05-13 23:15:30 --> Namespace declaration statement has to be the very first statement or after any declare call in the script
#0 [internal function]: CodeIgniter\Debug\Exceptions->shutdownHandler()
#1 {main}
CRITICAL - 2021-05-13 23:15:30 --> Namespace declaration statement has to be the very first statement or after any declare call in the script
#0 [internal function]: CodeIgniter\Debug\Exceptions->shutdownHandler()
#1 {main}
CRITICAL - 2021-05-13 23:17:34 --> Namespace declaration statement has to be the very first statement or after any declare call in the script
#0 [internal function]: CodeIgniter\Debug\Exceptions->shutdownHandler()
#1 {main}
CRITICAL - 2021-05-13 23:20:14 --> Namespace declaration statement has to be the very first statement or after any declare call in the script
#0 [internal function]: CodeIgniter\Debug\Exceptions->shutdownHandler()
#1 {main}
CRITICAL - 2021-05-13 23:20:16 --> Namespace declaration statement has to be the very first statement or after any declare call in the script
#0 [internal function]: CodeIgniter\Debug\Exceptions->shutdownHandler()
#1 {main}
CRITICAL - 2021-05-13 23:20:16 --> Namespace declaration statement has to be the very first statement or after any declare call in the script
#0 [internal function]: CodeIgniter\Debug\Exceptions->shutdownHandler()
#1 {main}
CRITICAL - 2021-05-13 23:20:16 --> Namespace declaration statement has to be the very first statement or after any declare call in the script
#0 [internal function]: CodeIgniter\Debug\Exceptions->shutdownHandler()
#1 {main}
CRITICAL - 2021-05-13 23:20:17 --> Namespace declaration statement has to be the very first statement or after any declare call in the script
#0 [internal function]: CodeIgniter\Debug\Exceptions->shutdownHandler()
#1 {main}
CRITICAL - 2021-05-13 23:20:17 --> Namespace declaration statement has to be the very first statement or after any declare call in the script
#0 [internal function]: CodeIgniter\Debug\Exceptions->shutdownHandler()
#1 {main}
CRITICAL - 2021-05-13 23:20:17 --> Namespace declaration statement has to be the very first statement or after any declare call in the script
#0 [internal function]: CodeIgniter\Debug\Exceptions->shutdownHandler()
#1 {main}
CRITICAL - 2021-05-13 23:20:17 --> Namespace declaration statement has to be the very first statement or after any declare call in the script
#0 [internal function]: CodeIgniter\Debug\Exceptions->shutdownHandler()
#1 {main}
CRITICAL - 2021-05-13 23:20:18 --> Namespace declaration statement has to be the very first statement or after any declare call in the script
#0 [internal function]: CodeIgniter\Debug\Exceptions->shutdownHandler()
#1 {main}
CRITICAL - 2021-05-13 23:20:18 --> Namespace declaration statement has to be the very first statement or after any declare call in the script
#0 [internal function]: CodeIgniter\Debug\Exceptions->shutdownHandler()
#1 {main}
CRITICAL - 2021-05-13 23:20:18 --> Namespace declaration statement has to be the very first statement or after any declare call in the script
#0 [internal function]: CodeIgniter\Debug\Exceptions->shutdownHandler()
#1 {main}
CRITICAL - 2021-05-13 23:20:19 --> Namespace declaration statement has to be the very first statement or after any declare call in the script
#0 [internal function]: CodeIgniter\Debug\Exceptions->shutdownHandler()
#1 {main}
CRITICAL - 2021-05-13 23:20:19 --> Namespace declaration statement has to be the very first statement or after any declare call in the script
#0 [internal function]: CodeIgniter\Debug\Exceptions->shutdownHandler()
#1 {main}
CRITICAL - 2021-05-13 23:20:21 --> Namespace declaration statement has to be the very first statement or after any declare call in the script
#0 [internal function]: CodeIgniter\Debug\Exceptions->shutdownHandler()
#1 {main}
CRITICAL - 2021-05-13 23:21:22 --> Namespace declaration statement has to be the very first statement or after any declare call in the script
#0 [internal function]: CodeIgniter\Debug\Exceptions->shutdownHandler()
#1 {main}
CRITICAL - 2021-05-13 23:21:23 --> Namespace declaration statement has to be the very first statement or after any declare call in the script
#0 [internal function]: CodeIgniter\Debug\Exceptions->shutdownHandler()
#1 {main}
CRITICAL - 2021-05-13 23:21:23 --> Namespace declaration statement has to be the very first statement or after any declare call in the script
#0 [internal function]: CodeIgniter\Debug\Exceptions->shutdownHandler()
#1 {main}
CRITICAL - 2021-05-13 23:21:23 --> Namespace declaration statement has to be the very first statement or after any declare call in the script
#0 [internal function]: CodeIgniter\Debug\Exceptions->shutdownHandler()
#1 {main}
CRITICAL - 2021-05-13 23:21:30 --> Namespace declaration statement has to be the very first statement or after any declare call in the script
#0 [internal function]: CodeIgniter\Debug\Exceptions->shutdownHandler()
#1 {main}
CRITICAL - 2021-05-13 23:23:02 --> Undefined index: image
#0 C:\xampp\htdocs\cs\app\Controllers\Odontograma.php(23): CodeIgniter\Debug\Exceptions->errorHandler(8, 'Undefined index...', 'C:\\xampp\\htdocs...', 23, Array)
#1 C:\xampp\htdocs\cs\system\Router\Router.php(562): include_once('C:\\xampp\\htdocs...')
#2 C:\xampp\htdocs\cs\system\Router\Router.php(170): CodeIgniter\Router\Router->autoRoute('odontograma')
#3 C:\xampp\htdocs\cs\system\CodeIgniter.php(816): CodeIgniter\Router\Router->handle('odontograma')
#4 C:\xampp\htdocs\cs\system\CodeIgniter.php(385): CodeIgniter\CodeIgniter->tryToRouteIt(Object(CodeIgniter\Router\RouteCollection))
#5 C:\xampp\htdocs\cs\system\CodeIgniter.php(333): CodeIgniter\CodeIgniter->handleRequest(NULL, Object(Config\Cache), false)
#6 C:\xampp\htdocs\cs\public\index.php(44): CodeIgniter\CodeIgniter->run()
#7 {main}
CRITICAL - 2021-05-13 23:23:03 --> Undefined index: image
#0 C:\xampp\htdocs\cs\app\Controllers\Odontograma.php(23): CodeIgniter\Debug\Exceptions->errorHandler(8, 'Undefined index...', 'C:\\xampp\\htdocs...', 23, Array)
#1 C:\xampp\htdocs\cs\system\Router\Router.php(562): include_once('C:\\xampp\\htdocs...')
#2 C:\xampp\htdocs\cs\system\Router\Router.php(170): CodeIgniter\Router\Router->autoRoute('odontograma')
#3 C:\xampp\htdocs\cs\system\CodeIgniter.php(816): CodeIgniter\Router\Router->handle('odontograma')
#4 C:\xampp\htdocs\cs\system\CodeIgniter.php(385): CodeIgniter\CodeIgniter->tryToRouteIt(Object(CodeIgniter\Router\RouteCollection))
#5 C:\xampp\htdocs\cs\system\CodeIgniter.php(333): CodeIgniter\CodeIgniter->handleRequest(NULL, Object(Config\Cache), false)
#6 C:\xampp\htdocs\cs\public\index.php(44): CodeIgniter\CodeIgniter->run()
#7 {main}
CRITICAL - 2021-05-13 23:23:03 --> Undefined index: image
#0 C:\xampp\htdocs\cs\app\Controllers\Odontograma.php(23): CodeIgniter\Debug\Exceptions->errorHandler(8, 'Undefined index...', 'C:\\xampp\\htdocs...', 23, Array)
#1 C:\xampp\htdocs\cs\system\Router\Router.php(562): include_once('C:\\xampp\\htdocs...')
#2 C:\xampp\htdocs\cs\system\Router\Router.php(170): CodeIgniter\Router\Router->autoRoute('odontograma')
#3 C:\xampp\htdocs\cs\system\CodeIgniter.php(816): CodeIgniter\Router\Router->handle('odontograma')
#4 C:\xampp\htdocs\cs\system\CodeIgniter.php(385): CodeIgniter\CodeIgniter->tryToRouteIt(Object(CodeIgniter\Router\RouteCollection))
#5 C:\xampp\htdocs\cs\system\CodeIgniter.php(333): CodeIgniter\CodeIgniter->handleRequest(NULL, Object(Config\Cache), false)
#6 C:\xampp\htdocs\cs\public\index.php(44): CodeIgniter\CodeIgniter->run()
#7 {main}
CRITICAL - 2021-05-13 23:23:03 --> Undefined index: image
#0 C:\xampp\htdocs\cs\app\Controllers\Odontograma.php(23): CodeIgniter\Debug\Exceptions->errorHandler(8, 'Undefined index...', 'C:\\xampp\\htdocs...', 23, Array)
#1 C:\xampp\htdocs\cs\system\Router\Router.php(562): include_once('C:\\xampp\\htdocs...')
#2 C:\xampp\htdocs\cs\system\Router\Router.php(170): CodeIgniter\Router\Router->autoRoute('odontograma')
#3 C:\xampp\htdocs\cs\system\CodeIgniter.php(816): CodeIgniter\Router\Router->handle('odontograma')
#4 C:\xampp\htdocs\cs\system\CodeIgniter.php(385): CodeIgniter\CodeIgniter->tryToRouteIt(Object(CodeIgniter\Router\RouteCollection))
#5 C:\xampp\htdocs\cs\system\CodeIgniter.php(333): CodeIgniter\CodeIgniter->handleRequest(NULL, Object(Config\Cache), false)
#6 C:\xampp\htdocs\cs\public\index.php(44): CodeIgniter\CodeIgniter->run()
#7 {main}
CRITICAL - 2021-05-13 23:23:03 --> Undefined index: image
#0 C:\xampp\htdocs\cs\app\Controllers\Odontograma.php(23): CodeIgniter\Debug\Exceptions->errorHandler(8, 'Undefined index...', 'C:\\xampp\\htdocs...', 23, Array)
#1 C:\xampp\htdocs\cs\system\Router\Router.php(562): include_once('C:\\xampp\\htdocs...')
#2 C:\xampp\htdocs\cs\system\Router\Router.php(170): CodeIgniter\Router\Router->autoRoute('odontograma')
#3 C:\xampp\htdocs\cs\system\CodeIgniter.php(816): CodeIgniter\Router\Router->handle('odontograma')
#4 C:\xampp\htdocs\cs\system\CodeIgniter.php(385): CodeIgniter\CodeIgniter->tryToRouteIt(Object(CodeIgniter\Router\RouteCollection))
#5 C:\xampp\htdocs\cs\system\CodeIgniter.php(333): CodeIgniter\CodeIgniter->handleRequest(NULL, Object(Config\Cache), false)
#6 C:\xampp\htdocs\cs\public\index.php(44): CodeIgniter\CodeIgniter->run()
#7 {main}
CRITICAL - 2021-05-13 23:23:04 --> Undefined index: image
#0 C:\xampp\htdocs\cs\app\Controllers\Odontograma.php(23): CodeIgniter\Debug\Exceptions->errorHandler(8, 'Undefined index...', 'C:\\xampp\\htdocs...', 23, Array)
#1 C:\xampp\htdocs\cs\system\Router\Router.php(562): include_once('C:\\xampp\\htdocs...')
#2 C:\xampp\htdocs\cs\system\Router\Router.php(170): CodeIgniter\Router\Router->autoRoute('odontograma')
#3 C:\xampp\htdocs\cs\system\CodeIgniter.php(816): CodeIgniter\Router\Router->handle('odontograma')
#4 C:\xampp\htdocs\cs\system\CodeIgniter.php(385): CodeIgniter\CodeIgniter->tryToRouteIt(Object(CodeIgniter\Router\RouteCollection))
#5 C:\xampp\htdocs\cs\system\CodeIgniter.php(333): CodeIgniter\CodeIgniter->handleRequest(NULL, Object(Config\Cache), false)
#6 C:\xampp\htdocs\cs\public\index.php(44): CodeIgniter\CodeIgniter->run()
#7 {main}
CRITICAL - 2021-05-13 23:23:04 --> Undefined index: image
#0 C:\xampp\htdocs\cs\app\Controllers\Odontograma.php(23): CodeIgniter\Debug\Exceptions->errorHandler(8, 'Undefined index...', 'C:\\xampp\\htdocs...', 23, Array)
#1 C:\xampp\htdocs\cs\system\Router\Router.php(562): include_once('C:\\xampp\\htdocs...')
#2 C:\xampp\htdocs\cs\system\Router\Router.php(170): CodeIgniter\Router\Router->autoRoute('odontograma')
#3 C:\xampp\htdocs\cs\system\CodeIgniter.php(816): CodeIgniter\Router\Router->handle('odontograma')
#4 C:\xampp\htdocs\cs\system\CodeIgniter.php(385): CodeIgniter\CodeIgniter->tryToRouteIt(Object(CodeIgniter\Router\RouteCollection))
#5 C:\xampp\htdocs\cs\system\CodeIgniter.php(333): CodeIgniter\CodeIgniter->handleRequest(NULL, Object(Config\Cache), false)
#6 C:\xampp\htdocs\cs\public\index.php(44): CodeIgniter\CodeIgniter->run()
#7 {main}
CRITICAL - 2021-05-13 23:23:04 --> Undefined index: image
#0 C:\xampp\htdocs\cs\app\Controllers\Odontograma.php(23): CodeIgniter\Debug\Exceptions->errorHandler(8, 'Undefined index...', 'C:\\xampp\\htdocs...', 23, Array)
#1 C:\xampp\htdocs\cs\system\Router\Router.php(562): include_once('C:\\xampp\\htdocs...')
#2 C:\xampp\htdocs\cs\system\Router\Router.php(170): CodeIgniter\Router\Router->autoRoute('odontograma')
#3 C:\xampp\htdocs\cs\system\CodeIgniter.php(816): CodeIgniter\Router\Router->handle('odontograma')
#4 C:\xampp\htdocs\cs\system\CodeIgniter.php(385): CodeIgniter\CodeIgniter->tryToRouteIt(Object(CodeIgniter\Router\RouteCollection))
#5 C:\xampp\htdocs\cs\system\CodeIgniter.php(333): CodeIgniter\CodeIgniter->handleRequest(NULL, Object(Config\Cache), false)
#6 C:\xampp\htdocs\cs\public\index.php(44): CodeIgniter\CodeIgniter->run()
#7 {main}
CRITICAL - 2021-05-13 23:23:04 --> Undefined index: image
#0 C:\xampp\htdocs\cs\app\Controllers\Odontograma.php(23): CodeIgniter\Debug\Exceptions->errorHandler(8, 'Undefined index...', 'C:\\xampp\\htdocs...', 23, Array)
#1 C:\xampp\htdocs\cs\system\Router\Router.php(562): include_once('C:\\xampp\\htdocs...')
#2 C:\xampp\htdocs\cs\system\Router\Router.php(170): CodeIgniter\Router\Router->autoRoute('odontograma')
#3 C:\xampp\htdocs\cs\system\CodeIgniter.php(816): CodeIgniter\Router\Router->handle('odontograma')
#4 C:\xampp\htdocs\cs\system\CodeIgniter.php(385): CodeIgniter\CodeIgniter->tryToRouteIt(Object(CodeIgniter\Router\RouteCollection))
#5 C:\xampp\htdocs\cs\system\CodeIgniter.php(333): CodeIgniter\CodeIgniter->handleRequest(NULL, Object(Config\Cache), false)
#6 C:\xampp\htdocs\cs\public\index.php(44): CodeIgniter\CodeIgniter->run()
#7 {main}
CRITICAL - 2021-05-13 23:23:04 --> Undefined index: image
#0 C:\xampp\htdocs\cs\app\Controllers\Odontograma.php(23): CodeIgniter\Debug\Exceptions->errorHandler(8, 'Undefined index...', 'C:\\xampp\\htdocs...', 23, Array)
#1 C:\xampp\htdocs\cs\system\Router\Router.php(562): include_once('C:\\xampp\\htdocs...')
#2 C:\xampp\htdocs\cs\system\Router\Router.php(170): CodeIgniter\Router\Router->autoRoute('odontograma')
#3 C:\xampp\htdocs\cs\system\CodeIgniter.php(816): CodeIgniter\Router\Router->handle('odontograma')
#4 C:\xampp\htdocs\cs\system\CodeIgniter.php(385): CodeIgniter\CodeIgniter->tryToRouteIt(Object(CodeIgniter\Router\RouteCollection))
#5 C:\xampp\htdocs\cs\system\CodeIgniter.php(333): CodeIgniter\CodeIgniter->handleRequest(NULL, Object(Config\Cache), false)
#6 C:\xampp\htdocs\cs\public\index.php(44): CodeIgniter\CodeIgniter->run()
#7 {main}
CRITICAL - 2021-05-13 23:23:05 --> Undefined index: image
#0 C:\xampp\htdocs\cs\app\Controllers\Odontograma.php(23): CodeIgniter\Debug\Exceptions->errorHandler(8, 'Undefined index...', 'C:\\xampp\\htdocs...', 23, Array)
#1 C:\xampp\htdocs\cs\system\Router\Router.php(562): include_once('C:\\xampp\\htdocs...')
#2 C:\xampp\htdocs\cs\system\Router\Router.php(170): CodeIgniter\Router\Router->autoRoute('odontograma')
#3 C:\xampp\htdocs\cs\system\CodeIgniter.php(816): CodeIgniter\Router\Router->handle('odontograma')
#4 C:\xampp\htdocs\cs\system\CodeIgniter.php(385): CodeIgniter\CodeIgniter->tryToRouteIt(Object(CodeIgniter\Router\RouteCollection))
#5 C:\xampp\htdocs\cs\system\CodeIgniter.php(333): CodeIgniter\CodeIgniter->handleRequest(NULL, Object(Config\Cache), false)
#6 C:\xampp\htdocs\cs\public\index.php(44): CodeIgniter\CodeIgniter->run()
#7 {main}
CRITICAL - 2021-05-13 23:23:05 --> Undefined index: image
#0 C:\xampp\htdocs\cs\app\Controllers\Odontograma.php(23): CodeIgniter\Debug\Exceptions->errorHandler(8, 'Undefined index...', 'C:\\xampp\\htdocs...', 23, Array)
#1 C:\xampp\htdocs\cs\system\Router\Router.php(562): include_once('C:\\xampp\\htdocs...')
#2 C:\xampp\htdocs\cs\system\Router\Router.php(170): CodeIgniter\Router\Router->autoRoute('odontograma')
#3 C:\xampp\htdocs\cs\system\CodeIgniter.php(816): CodeIgniter\Router\Router->handle('odontograma')
#4 C:\xampp\htdocs\cs\system\CodeIgniter.php(385): CodeIgniter\CodeIgniter->tryToRouteIt(Object(CodeIgniter\Router\RouteCollection))
#5 C:\xampp\htdocs\cs\system\CodeIgniter.php(333): CodeIgniter\CodeIgniter->handleRequest(NULL, Object(Config\Cache), false)
#6 C:\xampp\htdocs\cs\public\index.php(44): CodeIgniter\CodeIgniter->run()
#7 {main}
CRITICAL - 2021-05-13 23:23:05 --> Undefined index: image
#0 C:\xampp\htdocs\cs\app\Controllers\Odontograma.php(23): CodeIgniter\Debug\Exceptions->errorHandler(8, 'Undefined index...', 'C:\\xampp\\htdocs...', 23, Array)
#1 C:\xampp\htdocs\cs\system\Router\Router.php(562): include_once('C:\\xampp\\htdocs...')
#2 C:\xampp\htdocs\cs\system\Router\Router.php(170): CodeIgniter\Router\Router->autoRoute('odontograma')
#3 C:\xampp\htdocs\cs\system\CodeIgniter.php(816): CodeIgniter\Router\Router->handle('odontograma')
#4 C:\xampp\htdocs\cs\system\CodeIgniter.php(385): CodeIgniter\CodeIgniter->tryToRouteIt(Object(CodeIgniter\Router\RouteCollection))
#5 C:\xampp\htdocs\cs\system\CodeIgniter.php(333): CodeIgniter\CodeIgniter->handleRequest(NULL, Object(Config\Cache), false)
#6 C:\xampp\htdocs\cs\public\index.php(44): CodeIgniter\CodeIgniter->run()
#7 {main}
CRITICAL - 2021-05-13 23:23:05 --> Undefined index: image
#0 C:\xampp\htdocs\cs\app\Controllers\Odontograma.php(23): CodeIgniter\Debug\Exceptions->errorHandler(8, 'Undefined index...', 'C:\\xampp\\htdocs...', 23, Array)
#1 C:\xampp\htdocs\cs\system\Router\Router.php(562): include_once('C:\\xampp\\htdocs...')
#2 C:\xampp\htdocs\cs\system\Router\Router.php(170): CodeIgniter\Router\Router->autoRoute('odontograma')
#3 C:\xampp\htdocs\cs\system\CodeIgniter.php(816): CodeIgniter\Router\Router->handle('odontograma')
#4 C:\xampp\htdocs\cs\system\CodeIgniter.php(385): CodeIgniter\CodeIgniter->tryToRouteIt(Object(CodeIgniter\Router\RouteCollection))
#5 C:\xampp\htdocs\cs\system\CodeIgniter.php(333): CodeIgniter\CodeIgniter->handleRequest(NULL, Object(Config\Cache), false)
#6 C:\xampp\htdocs\cs\public\index.php(44): CodeIgniter\CodeIgniter->run()
#7 {main}
CRITICAL - 2021-05-13 23:24:40 --> Undefined index: image
#0 C:\xampp\htdocs\cs\app\Controllers\Odontograma.php(23): CodeIgniter\Debug\Exceptions->errorHandler(8, 'Undefined index...', 'C:\\xampp\\htdocs...', 23, Array)
#1 C:\xampp\htdocs\cs\system\Router\Router.php(562): include_once('C:\\xampp\\htdocs...')
#2 C:\xampp\htdocs\cs\system\Router\Router.php(170): CodeIgniter\Router\Router->autoRoute('odontograma')
#3 C:\xampp\htdocs\cs\system\CodeIgniter.php(816): CodeIgniter\Router\Router->handle('odontograma')
#4 C:\xampp\htdocs\cs\system\CodeIgniter.php(385): CodeIgniter\CodeIgniter->tryToRouteIt(Object(CodeIgniter\Router\RouteCollection))
#5 C:\xampp\htdocs\cs\system\CodeIgniter.php(333): CodeIgniter\CodeIgniter->handleRequest(NULL, Object(Config\Cache), false)
#6 C:\xampp\htdocs\cs\public\index.php(44): CodeIgniter\CodeIgniter->run()
#7 {main}
CRITICAL - 2021-05-13 23:24:49 --> Undefined index: image
#0 C:\xampp\htdocs\cs\app\Controllers\Odontograma.php(23): CodeIgniter\Debug\Exceptions->errorHandler(8, 'Undefined index...', 'C:\\xampp\\htdocs...', 23, Array)
#1 C:\xampp\htdocs\cs\system\Router\Router.php(562): include_once('C:\\xampp\\htdocs...')
#2 C:\xampp\htdocs\cs\system\Router\Router.php(170): CodeIgniter\Router\Router->autoRoute('odontograma')
#3 C:\xampp\htdocs\cs\system\CodeIgniter.php(816): CodeIgniter\Router\Router->handle('odontograma')
#4 C:\xampp\htdocs\cs\system\CodeIgniter.php(385): CodeIgniter\CodeIgniter->tryToRouteIt(Object(CodeIgniter\Router\RouteCollection))
#5 C:\xampp\htdocs\cs\system\CodeIgniter.php(333): CodeIgniter\CodeIgniter->handleRequest(NULL, Object(Config\Cache), false)
#6 C:\xampp\htdocs\cs\public\index.php(44): CodeIgniter\CodeIgniter->run()
#7 {main}
CRITICAL - 2021-05-13 23:24:50 --> Undefined index: image
#0 C:\xampp\htdocs\cs\app\Controllers\Odontograma.php(23): CodeIgniter\Debug\Exceptions->errorHandler(8, 'Undefined index...', 'C:\\xampp\\htdocs...', 23, Array)
#1 C:\xampp\htdocs\cs\system\Router\Router.php(562): include_once('C:\\xampp\\htdocs...')
#2 C:\xampp\htdocs\cs\system\Router\Router.php(170): CodeIgniter\Router\Router->autoRoute('odontograma')
#3 C:\xampp\htdocs\cs\system\CodeIgniter.php(816): CodeIgniter\Router\Router->handle('odontograma')
#4 C:\xampp\htdocs\cs\system\CodeIgniter.php(385): CodeIgniter\CodeIgniter->tryToRouteIt(Object(CodeIgniter\Router\RouteCollection))
#5 C:\xampp\htdocs\cs\system\CodeIgniter.php(333): CodeIgniter\CodeIgniter->handleRequest(NULL, Object(Config\Cache), false)
#6 C:\xampp\htdocs\cs\public\index.php(44): CodeIgniter\CodeIgniter->run()
#7 {main}
CRITICAL - 2021-05-13 23:24:50 --> Undefined index: image
#0 C:\xampp\htdocs\cs\app\Controllers\Odontograma.php(23): CodeIgniter\Debug\Exceptions->errorHandler(8, 'Undefined index...', 'C:\\xampp\\htdocs...', 23, Array)
#1 C:\xampp\htdocs\cs\system\Router\Router.php(562): include_once('C:\\xampp\\htdocs...')
#2 C:\xampp\htdocs\cs\system\Router\Router.php(170): CodeIgniter\Router\Router->autoRoute('odontograma')
#3 C:\xampp\htdocs\cs\system\CodeIgniter.php(816): CodeIgniter\Router\Router->handle('odontograma')
#4 C:\xampp\htdocs\cs\system\CodeIgniter.php(385): CodeIgniter\CodeIgniter->tryToRouteIt(Object(CodeIgniter\Router\RouteCollection))
#5 C:\xampp\htdocs\cs\system\CodeIgniter.php(333): CodeIgniter\CodeIgniter->handleRequest(NULL, Object(Config\Cache), false)
#6 C:\xampp\htdocs\cs\public\index.php(44): CodeIgniter\CodeIgniter->run()
#7 {main}
CRITICAL - 2021-05-13 23:24:50 --> Undefined index: image
#0 C:\xampp\htdocs\cs\app\Controllers\Odontograma.php(23): CodeIgniter\Debug\Exceptions->errorHandler(8, 'Undefined index...', 'C:\\xampp\\htdocs...', 23, Array)
#1 C:\xampp\htdocs\cs\system\Router\Router.php(562): include_once('C:\\xampp\\htdocs...')
#2 C:\xampp\htdocs\cs\system\Router\Router.php(170): CodeIgniter\Router\Router->autoRoute('odontograma')
#3 C:\xampp\htdocs\cs\system\CodeIgniter.php(816): CodeIgniter\Router\Router->handle('odontograma')
#4 C:\xampp\htdocs\cs\system\CodeIgniter.php(385): CodeIgniter\CodeIgniter->tryToRouteIt(Object(CodeIgniter\Router\RouteCollection))
#5 C:\xampp\htdocs\cs\system\CodeIgniter.php(333): CodeIgniter\CodeIgniter->handleRequest(NULL, Object(Config\Cache), false)
#6 C:\xampp\htdocs\cs\public\index.php(44): CodeIgniter\CodeIgniter->run()
#7 {main}
CRITICAL - 2021-05-13 23:24:50 --> Undefined index: image
#0 C:\xampp\htdocs\cs\app\Controllers\Odontograma.php(23): CodeIgniter\Debug\Exceptions->errorHandler(8, 'Undefined index...', 'C:\\xampp\\htdocs...', 23, Array)
#1 C:\xampp\htdocs\cs\system\Router\Router.php(562): include_once('C:\\xampp\\htdocs...')
#2 C:\xampp\htdocs\cs\system\Router\Router.php(170): CodeIgniter\Router\Router->autoRoute('odontograma')
#3 C:\xampp\htdocs\cs\system\CodeIgniter.php(816): CodeIgniter\Router\Router->handle('odontograma')
#4 C:\xampp\htdocs\cs\system\CodeIgniter.php(385): CodeIgniter\CodeIgniter->tryToRouteIt(Object(CodeIgniter\Router\RouteCollection))
#5 C:\xampp\htdocs\cs\system\CodeIgniter.php(333): CodeIgniter\CodeIgniter->handleRequest(NULL, Object(Config\Cache), false)
#6 C:\xampp\htdocs\cs\public\index.php(44): CodeIgniter\CodeIgniter->run()
#7 {main}
CRITICAL - 2021-05-13 23:24:50 --> Undefined index: image
#0 C:\xampp\htdocs\cs\app\Controllers\Odontograma.php(23): CodeIgniter\Debug\Exceptions->errorHandler(8, 'Undefined index...', 'C:\\xampp\\htdocs...', 23, Array)
#1 C:\xampp\htdocs\cs\system\Router\Router.php(562): include_once('C:\\xampp\\htdocs...')
#2 C:\xampp\htdocs\cs\system\Router\Router.php(170): CodeIgniter\Router\Router->autoRoute('odontograma')
#3 C:\xampp\htdocs\cs\system\CodeIgniter.php(816): CodeIgniter\Router\Router->handle('odontograma')
#4 C:\xampp\htdocs\cs\system\CodeIgniter.php(385): CodeIgniter\CodeIgniter->tryToRouteIt(Object(CodeIgniter\Router\RouteCollection))
#5 C:\xampp\htdocs\cs\system\CodeIgniter.php(333): CodeIgniter\CodeIgniter->handleRequest(NULL, Object(Config\Cache), false)
#6 C:\xampp\htdocs\cs\public\index.php(44): CodeIgniter\CodeIgniter->run()
#7 {main}
CRITICAL - 2021-05-13 23:24:51 --> Undefined index: image
#0 C:\xampp\htdocs\cs\app\Controllers\Odontograma.php(23): CodeIgniter\Debug\Exceptions->errorHandler(8, 'Undefined index...', 'C:\\xampp\\htdocs...', 23, Array)
#1 C:\xampp\htdocs\cs\system\Router\Router.php(562): include_once('C:\\xampp\\htdocs...')
#2 C:\xampp\htdocs\cs\system\Router\Router.php(170): CodeIgniter\Router\Router->autoRoute('odontograma')
#3 C:\xampp\htdocs\cs\system\CodeIgniter.php(816): CodeIgniter\Router\Router->handle('odontograma')
#4 C:\xampp\htdocs\cs\system\CodeIgniter.php(385): CodeIgniter\CodeIgniter->tryToRouteIt(Object(CodeIgniter\Router\RouteCollection))
#5 C:\xampp\htdocs\cs\system\CodeIgniter.php(333): CodeIgniter\CodeIgniter->handleRequest(NULL, Object(Config\Cache), false)
#6 C:\xampp\htdocs\cs\public\index.php(44): CodeIgniter\CodeIgniter->run()
#7 {main}
CRITICAL - 2021-05-13 23:24:51 --> Undefined index: image
#0 C:\xampp\htdocs\cs\app\Controllers\Odontograma.php(23): CodeIgniter\Debug\Exceptions->errorHandler(8, 'Undefined index...', 'C:\\xampp\\htdocs...', 23, Array)
#1 C:\xampp\htdocs\cs\system\Router\Router.php(562): include_once('C:\\xampp\\htdocs...')
#2 C:\xampp\htdocs\cs\system\Router\Router.php(170): CodeIgniter\Router\Router->autoRoute('odontograma')
#3 C:\xampp\htdocs\cs\system\CodeIgniter.php(816): CodeIgniter\Router\Router->handle('odontograma')
#4 C:\xampp\htdocs\cs\system\CodeIgniter.php(385): CodeIgniter\CodeIgniter->tryToRouteIt(Object(CodeIgniter\Router\RouteCollection))
#5 C:\xampp\htdocs\cs\system\CodeIgniter.php(333): CodeIgniter\CodeIgniter->handleRequest(NULL, Object(Config\Cache), false)
#6 C:\xampp\htdocs\cs\public\index.php(44): CodeIgniter\CodeIgniter->run()
#7 {main}
CRITICAL - 2021-05-13 23:24:51 --> Undefined index: image
#0 C:\xampp\htdocs\cs\app\Controllers\Odontograma.php(23): CodeIgniter\Debug\Exceptions->errorHandler(8, 'Undefined index...', 'C:\\xampp\\htdocs...', 23, Array)
#1 C:\xampp\htdocs\cs\system\Router\Router.php(562): include_once('C:\\xampp\\htdocs...')
#2 C:\xampp\htdocs\cs\system\Router\Router.php(170): CodeIgniter\Router\Router->autoRoute('odontograma')
#3 C:\xampp\htdocs\cs\system\CodeIgniter.php(816): CodeIgniter\Router\Router->handle('odontograma')
#4 C:\xampp\htdocs\cs\system\CodeIgniter.php(385): CodeIgniter\CodeIgniter->tryToRouteIt(Object(CodeIgniter\Router\RouteCollection))
#5 C:\xampp\htdocs\cs\system\CodeIgniter.php(333): CodeIgniter\CodeIgniter->handleRequest(NULL, Object(Config\Cache), false)
#6 C:\xampp\htdocs\cs\public\index.php(44): CodeIgniter\CodeIgniter->run()
#7 {main}
CRITICAL - 2021-05-13 23:25:12 --> Undefined index: image
#0 C:\xampp\htdocs\cs\app\Controllers\Odontograma.php(23): CodeIgniter\Debug\Exceptions->errorHandler(8, 'Undefined index...', 'C:\\xampp\\htdocs...', 23, Array)
#1 C:\xampp\htdocs\cs\system\Router\Router.php(562): include_once('C:\\xampp\\htdocs...')
#2 C:\xampp\htdocs\cs\system\Router\Router.php(170): CodeIgniter\Router\Router->autoRoute('odontograma')
#3 C:\xampp\htdocs\cs\system\CodeIgniter.php(816): CodeIgniter\Router\Router->handle('odontograma')
#4 C:\xampp\htdocs\cs\system\CodeIgniter.php(385): CodeIgniter\CodeIgniter->tryToRouteIt(Object(CodeIgniter\Router\RouteCollection))
#5 C:\xampp\htdocs\cs\system\CodeIgniter.php(333): CodeIgniter\CodeIgniter->handleRequest(NULL, Object(Config\Cache), false)
#6 C:\xampp\htdocs\cs\public\index.php(44): CodeIgniter\CodeIgniter->run()
#7 {main}
