ERROR - 2021-05-26 11:55:27 --> Error connecting to the database: No route to host
CRITICAL - 2021-05-26 11:55:27 --> Unable to connect to the database.
#0 /var/www/html/cs/system/Database/BaseConnection.php(618): CodeIgniter\Database\BaseConnection->initialize()
#1 /var/www/html/cs/system/Database/BaseBuilder.php(1866): CodeIgniter\Database\BaseConnection->query()
#2 /var/www/html/cs/app/Models/Querys.php(32): CodeIgniter\Database\BaseBuilder->get()
#3 /var/www/html/cs/app/Helpers/SanPedro_helper.php(10): App\Models\Querys->verifyUser()
#4 /var/www/html/cs/app/Controllers/Auth.php(32): authenticated()
#5 /var/www/html/cs/system/CodeIgniter.php(936): App\Controllers\Auth->login()
#6 /var/www/html/cs/system/CodeIgniter.php(432): CodeIgniter\CodeIgniter->runController()
#7 /var/www/html/cs/system/CodeIgniter.php(333): CodeIgniter\CodeIgniter->handleRequest()
#8 /var/www/html/cs/public/index.php(44): CodeIgniter\CodeIgniter->run()
#9 {main}
ERROR - 2021-05-26 11:56:42 --> Error connecting to the database: No route to host
CRITICAL - 2021-05-26 11:56:42 --> Unable to connect to the database.
#0 /var/www/html/cs/system/Database/BaseConnection.php(618): CodeIgniter\Database\BaseConnection->initialize()
#1 /var/www/html/cs/system/Database/BaseBuilder.php(1866): CodeIgniter\Database\BaseConnection->query()
#2 /var/www/html/cs/app/Models/Querys.php(32): CodeIgniter\Database\BaseBuilder->get()
#3 /var/www/html/cs/app/Helpers/SanPedro_helper.php(10): App\Models\Querys->verifyUser()
#4 /var/www/html/cs/app/Controllers/Auth.php(32): authenticated()
#5 /var/www/html/cs/system/CodeIgniter.php(936): App\Controllers\Auth->login()
#6 /var/www/html/cs/system/CodeIgniter.php(432): CodeIgniter\CodeIgniter->runController()
#7 /var/www/html/cs/system/CodeIgniter.php(333): CodeIgniter\CodeIgniter->handleRequest()
#8 /var/www/html/cs/public/index.php(44): CodeIgniter\CodeIgniter->run()
#9 {main}
ERROR - 2021-05-26 11:56:55 --> Error connecting to the database: No route to host
CRITICAL - 2021-05-26 11:56:55 --> Unable to connect to the database.
#0 /var/www/html/cs/system/Database/BaseConnection.php(618): CodeIgniter\Database\BaseConnection->initialize()
#1 /var/www/html/cs/system/Database/BaseBuilder.php(1866): CodeIgniter\Database\BaseConnection->query()
#2 /var/www/html/cs/app/Models/Querys.php(32): CodeIgniter\Database\BaseBuilder->get()
#3 /var/www/html/cs/app/Helpers/SanPedro_helper.php(10): App\Models\Querys->verifyUser()
#4 /var/www/html/cs/app/Controllers/Auth.php(32): authenticated()
#5 /var/www/html/cs/system/CodeIgniter.php(936): App\Controllers\Auth->login()
#6 /var/www/html/cs/system/CodeIgniter.php(432): CodeIgniter\CodeIgniter->runController()
#7 /var/www/html/cs/system/CodeIgniter.php(333): CodeIgniter\CodeIgniter->handleRequest()
#8 /var/www/html/cs/public/index.php(44): CodeIgniter\CodeIgniter->run()
#9 {main}
CRITICAL - 2021-05-26 11:58:44 --> SQLSTATE[42S22]: Column not found: 1054 Unknown column 'sexo' in 'field list'
#0 /var/www/html/cs/app/Libraries/Ssp.php(465): PDOStatement->execute()
#1 /var/www/html/cs/app/Libraries/Ssp.php(367): App\Libraries\Ssp::sql_exec()
#2 /var/www/html/cs/app/Controllers/Paciente.php(56): App\Libraries\Ssp::complex()
#3 /var/www/html/cs/system/CodeIgniter.php(936): App\Controllers\Paciente->ajaxListarPacientes()
#4 /var/www/html/cs/system/CodeIgniter.php(432): CodeIgniter\CodeIgniter->runController()
#5 /var/www/html/cs/system/CodeIgniter.php(333): CodeIgniter\CodeIgniter->handleRequest()
#6 /var/www/html/cs/public/index.php(44): CodeIgniter\CodeIgniter->run()
#7 {main}
CRITICAL - 2021-05-26 12:04:33 --> SQLSTATE[42S22]: Column not found: 1054 Unknown column 'sexo' in 'field list'
#0 /var/www/html/cs/app/Libraries/Ssp.php(465): PDOStatement->execute()
#1 /var/www/html/cs/app/Libraries/Ssp.php(367): App\Libraries\Ssp::sql_exec()
#2 /var/www/html/cs/app/Controllers/Paciente.php(56): App\Libraries\Ssp::complex()
#3 /var/www/html/cs/system/CodeIgniter.php(936): App\Controllers\Paciente->ajaxListarPacientes()
#4 /var/www/html/cs/system/CodeIgniter.php(432): CodeIgniter\CodeIgniter->runController()
#5 /var/www/html/cs/system/CodeIgniter.php(333): CodeIgniter\CodeIgniter->handleRequest()
#6 /var/www/html/cs/public/index.php(44): CodeIgniter\CodeIgniter->run()
#7 {main}
CRITICAL - 2021-05-26 12:04:37 --> SQLSTATE[42S22]: Column not found: 1054 Unknown column 'sexo' in 'field list'
#0 /var/www/html/cs/app/Libraries/Ssp.php(465): PDOStatement->execute()
#1 /var/www/html/cs/app/Libraries/Ssp.php(367): App\Libraries\Ssp::sql_exec()
#2 /var/www/html/cs/app/Controllers/Paciente.php(56): App\Libraries\Ssp::complex()
#3 /var/www/html/cs/system/CodeIgniter.php(936): App\Controllers\Paciente->ajaxListarPacientes()
#4 /var/www/html/cs/system/CodeIgniter.php(432): CodeIgniter\CodeIgniter->runController()
#5 /var/www/html/cs/system/CodeIgniter.php(333): CodeIgniter\CodeIgniter->handleRequest()
#6 /var/www/html/cs/public/index.php(44): CodeIgniter\CodeIgniter->run()
#7 {main}
