CRITICAL - 2021-04-01 15:05:56 --> Undefined index: foto
#0 C:\xampp\htdocs\cs\app\Controllers\Auth.php(58): CodeIgniter\Debug\Exceptions->errorHandler(8, 'Undefined index...', 'C:\\xampp\\htdocs...', 58, Array)
#1 C:\xampp\htdocs\cs\system\CodeIgniter.php(936): App\Controllers\Auth->authenticate()
#2 C:\xampp\htdocs\cs\system\CodeIgniter.php(432): CodeIgniter\CodeIgniter->runController(Object(App\Controllers\Auth))
#3 C:\xampp\htdocs\cs\system\CodeIgniter.php(333): CodeIgniter\CodeIgniter->handleRequest(NULL, Object(Config\Cache), false)
#4 C:\xampp\htdocs\cs\public\index.php(44): CodeIgniter\CodeIgniter->run()
#5 {main}
CRITICAL - 2021-04-01 19:21:46 --> Undefined index: foto
#0 C:\xampp\htdocs\cs\app\Controllers\Auth.php(58): CodeIgniter\Debug\Exceptions->errorHandler(8, 'Undefined index...', 'C:\\xampp\\htdocs...', 58, Array)
#1 C:\xampp\htdocs\cs\system\CodeIgniter.php(936): App\Controllers\Auth->authenticate()
#2 C:\xampp\htdocs\cs\system\CodeIgniter.php(432): CodeIgniter\CodeIgniter->runController(Object(App\Controllers\Auth))
#3 C:\xampp\htdocs\cs\system\CodeIgniter.php(333): CodeIgniter\CodeIgniter->handleRequest(NULL, Object(Config\Cache), false)
#4 C:\xampp\htdocs\cs\public\index.php(44): CodeIgniter\CodeIgniter->run()
#5 {main}
CRITICAL - 2021-04-01 19:46:34 --> SQLSTATE[42000]: Syntax error or access violation: 1064 You have an error in your SQL syntax; check the manual that corresponds to your MariaDB server version for the right syntax to use near 'ORDER BY `id_cita` ASC
			 LIMIT 0, 10' at line 4
#0 C:\xampp\htdocs\cs\app\Libraries\Ssp.php(465): PDOStatement->execute()
#1 C:\xampp\htdocs\cs\app\Libraries\Ssp.php(367): App\Libraries\Ssp::sql_exec(Object(PDO), Array, 'SELECT `id_cita...')
#2 C:\xampp\htdocs\cs\app\Controllers\ListarCita.php(57): App\Libraries\Ssp::complex(Array, Array, 'sp_view_cita', 'id_cita', Array, ' ')
#3 C:\xampp\htdocs\cs\system\CodeIgniter.php(936): App\Controllers\ListarCita->ajaxListarCitas()
#4 C:\xampp\htdocs\cs\system\CodeIgniter.php(432): CodeIgniter\CodeIgniter->runController(Object(App\Controllers\ListarCita))
#5 C:\xampp\htdocs\cs\system\CodeIgniter.php(333): CodeIgniter\CodeIgniter->handleRequest(NULL, Object(Config\Cache), false)
#6 C:\xampp\htdocs\cs\public\index.php(44): CodeIgniter\CodeIgniter->run()
#7 {main}
CRITICAL - 2021-04-01 21:17:40 --> SQLSTATE[42S22]: Column not found: 1054 Unknown column 'pendiente' in 'where clause'
#0 C:\xampp\htdocs\cs\app\Libraries\Ssp.php(465): PDOStatement->execute()
#1 C:\xampp\htdocs\cs\app\Libraries\Ssp.php(367): App\Libraries\Ssp::sql_exec(Object(PDO), Array, 'SELECT `id_cita...')
#2 C:\xampp\htdocs\cs\app\Controllers\GestionarCita.php(57): App\Libraries\Ssp::complex(Array, Array, 'sp_view_cita', 'id_cita', Array, 'estatus=pendien...')
#3 C:\xampp\htdocs\cs\system\CodeIgniter.php(936): App\Controllers\GestionarCita->ajaxListarCitasPendientes()
#4 C:\xampp\htdocs\cs\system\CodeIgniter.php(432): CodeIgniter\CodeIgniter->runController(Object(App\Controllers\GestionarCita))
#5 C:\xampp\htdocs\cs\system\CodeIgniter.php(333): CodeIgniter\CodeIgniter->handleRequest(NULL, Object(Config\Cache), false)
#6 C:\xampp\htdocs\cs\public\index.php(44): CodeIgniter\CodeIgniter->run()
#7 {main}
CRITICAL - 2021-04-01 21:17:56 --> SQLSTATE[42S22]: Column not found: 1054 Unknown column 'pendiente' in 'where clause'
#0 C:\xampp\htdocs\cs\app\Libraries\Ssp.php(465): PDOStatement->execute()
#1 C:\xampp\htdocs\cs\app\Libraries\Ssp.php(367): App\Libraries\Ssp::sql_exec(Object(PDO), Array, 'SELECT `id_cita...')
#2 C:\xampp\htdocs\cs\app\Controllers\GestionarCita.php(57): App\Libraries\Ssp::complex(Array, Array, 'sp_view_cita', 'id_cita', Array, 'estatus=pendien...')
#3 C:\xampp\htdocs\cs\system\CodeIgniter.php(936): App\Controllers\GestionarCita->ajaxListarCitasPendientes()
#4 C:\xampp\htdocs\cs\system\CodeIgniter.php(432): CodeIgniter\CodeIgniter->runController(Object(App\Controllers\GestionarCita))
#5 C:\xampp\htdocs\cs\system\CodeIgniter.php(333): CodeIgniter\CodeIgniter->handleRequest(NULL, Object(Config\Cache), false)
#6 C:\xampp\htdocs\cs\public\index.php(44): CodeIgniter\CodeIgniter->run()
#7 {main}
