ERROR - 2021-05-27 08:17:42 --> mysqli_sql_exception: Table 'sanpedro.sp_odontograma' doesn't exist in /var/www/html/cs/system/Database/MySQLi/Connection.php:314
Stack trace:
#0 /var/www/html/cs/system/Database/MySQLi/Connection.php(314): mysqli->query()
#1 /var/www/html/cs/system/Database/BaseConnection.php(713): CodeIgniter\Database\MySQLi\Connection->execute()
#2 /var/www/html/cs/system/Database/BaseConnection.php(641): CodeIgniter\Database\BaseConnection->simpleQuery()
#3 /var/www/html/cs/system/Database/BaseBuilder.php(2035): CodeIgniter\Database\BaseConnection->query()
#4 /var/www/html/cs/app/Controllers/Paciente.php(64): CodeIgniter\Database\BaseBuilder->getWhere()
#5 /var/www/html/cs/system/CodeIgniter.php(936): App\Controllers\Paciente->editar_odontograma()
#6 /var/www/html/cs/system/CodeIgniter.php(432): CodeIgniter\CodeIgniter->runController()
#7 /var/www/html/cs/system/CodeIgniter.php(333): CodeIgniter\CodeIgniter->handleRequest()
#8 /var/www/html/cs/public/index.php(44): CodeIgniter\CodeIgniter->run()
#9 {main}
CRITICAL - 2021-05-27 08:17:42 --> Table 'sanpedro.sp_odontograma' doesn't exist
#0 /var/www/html/cs/system/Database/MySQLi/Connection.php(314): mysqli->query()
#1 /var/www/html/cs/system/Database/BaseConnection.php(713): CodeIgniter\Database\MySQLi\Connection->execute()
#2 /var/www/html/cs/system/Database/BaseConnection.php(641): CodeIgniter\Database\BaseConnection->simpleQuery()
#3 /var/www/html/cs/system/Database/BaseBuilder.php(2035): CodeIgniter\Database\BaseConnection->query()
#4 /var/www/html/cs/app/Controllers/Paciente.php(64): CodeIgniter\Database\BaseBuilder->getWhere()
#5 /var/www/html/cs/system/CodeIgniter.php(936): App\Controllers\Paciente->editar_odontograma()
#6 /var/www/html/cs/system/CodeIgniter.php(432): CodeIgniter\CodeIgniter->runController()
#7 /var/www/html/cs/system/CodeIgniter.php(333): CodeIgniter\CodeIgniter->handleRequest()
#8 /var/www/html/cs/public/index.php(44): CodeIgniter\CodeIgniter->run()
#9 {main}
ERROR - 2021-05-27 21:58:47 --> mysqli_sql_exception: Table 'sanpedro.sp_odontograma' doesn't exist in /var/www/html/cs/system/Database/MySQLi/Connection.php:314
Stack trace:
#0 /var/www/html/cs/system/Database/MySQLi/Connection.php(314): mysqli->query()
#1 /var/www/html/cs/system/Database/BaseConnection.php(713): CodeIgniter\Database\MySQLi\Connection->execute()
#2 /var/www/html/cs/system/Database/BaseConnection.php(641): CodeIgniter\Database\BaseConnection->simpleQuery()
#3 /var/www/html/cs/system/Database/BaseBuilder.php(2035): CodeIgniter\Database\BaseConnection->query()
#4 /var/www/html/cs/app/Controllers/Paciente.php(64): CodeIgniter\Database\BaseBuilder->getWhere()
#5 /var/www/html/cs/system/CodeIgniter.php(936): App\Controllers\Paciente->editar_odontograma()
#6 /var/www/html/cs/system/CodeIgniter.php(432): CodeIgniter\CodeIgniter->runController()
#7 /var/www/html/cs/system/CodeIgniter.php(333): CodeIgniter\CodeIgniter->handleRequest()
#8 /var/www/html/cs/public/index.php(44): CodeIgniter\CodeIgniter->run()
#9 {main}
CRITICAL - 2021-05-27 21:58:47 --> Table 'sanpedro.sp_odontograma' doesn't exist
#0 /var/www/html/cs/system/Database/MySQLi/Connection.php(314): mysqli->query()
#1 /var/www/html/cs/system/Database/BaseConnection.php(713): CodeIgniter\Database\MySQLi\Connection->execute()
#2 /var/www/html/cs/system/Database/BaseConnection.php(641): CodeIgniter\Database\BaseConnection->simpleQuery()
#3 /var/www/html/cs/system/Database/BaseBuilder.php(2035): CodeIgniter\Database\BaseConnection->query()
#4 /var/www/html/cs/app/Controllers/Paciente.php(64): CodeIgniter\Database\BaseBuilder->getWhere()
#5 /var/www/html/cs/system/CodeIgniter.php(936): App\Controllers\Paciente->editar_odontograma()
#6 /var/www/html/cs/system/CodeIgniter.php(432): CodeIgniter\CodeIgniter->runController()
#7 /var/www/html/cs/system/CodeIgniter.php(333): CodeIgniter\CodeIgniter->handleRequest()
#8 /var/www/html/cs/public/index.php(44): CodeIgniter\CodeIgniter->run()
#9 {main}
ERROR - 2021-05-27 22:05:17 --> mysqli_sql_exception: Table 'sanpedro.sp_odontograma' doesn't exist in /var/www/html/cs/system/Database/MySQLi/Connection.php:314
Stack trace:
#0 /var/www/html/cs/system/Database/MySQLi/Connection.php(314): mysqli->query()
#1 /var/www/html/cs/system/Database/BaseConnection.php(713): CodeIgniter\Database\MySQLi\Connection->execute()
#2 /var/www/html/cs/system/Database/BaseConnection.php(641): CodeIgniter\Database\BaseConnection->simpleQuery()
#3 /var/www/html/cs/system/Database/BaseBuilder.php(2035): CodeIgniter\Database\BaseConnection->query()
#4 /var/www/html/cs/app/Controllers/Paciente.php(64): CodeIgniter\Database\BaseBuilder->getWhere()
#5 /var/www/html/cs/system/CodeIgniter.php(936): App\Controllers\Paciente->editar_odontograma()
#6 /var/www/html/cs/system/CodeIgniter.php(432): CodeIgniter\CodeIgniter->runController()
#7 /var/www/html/cs/system/CodeIgniter.php(333): CodeIgniter\CodeIgniter->handleRequest()
#8 /var/www/html/cs/public/index.php(44): CodeIgniter\CodeIgniter->run()
#9 {main}
CRITICAL - 2021-05-27 22:05:17 --> Table 'sanpedro.sp_odontograma' doesn't exist
#0 /var/www/html/cs/system/Database/MySQLi/Connection.php(314): mysqli->query()
#1 /var/www/html/cs/system/Database/BaseConnection.php(713): CodeIgniter\Database\MySQLi\Connection->execute()
#2 /var/www/html/cs/system/Database/BaseConnection.php(641): CodeIgniter\Database\BaseConnection->simpleQuery()
#3 /var/www/html/cs/system/Database/BaseBuilder.php(2035): CodeIgniter\Database\BaseConnection->query()
#4 /var/www/html/cs/app/Controllers/Paciente.php(64): CodeIgniter\Database\BaseBuilder->getWhere()
#5 /var/www/html/cs/system/CodeIgniter.php(936): App\Controllers\Paciente->editar_odontograma()
#6 /var/www/html/cs/system/CodeIgniter.php(432): CodeIgniter\CodeIgniter->runController()
#7 /var/www/html/cs/system/CodeIgniter.php(333): CodeIgniter\CodeIgniter->handleRequest()
#8 /var/www/html/cs/public/index.php(44): CodeIgniter\CodeIgniter->run()
#9 {main}
ERROR - 2021-05-27 22:08:14 --> mysqli_sql_exception: Table 'sanpedro.sp_odontograma' doesn't exist in /var/www/html/cs/system/Database/MySQLi/Connection.php:314
Stack trace:
#0 /var/www/html/cs/system/Database/MySQLi/Connection.php(314): mysqli->query()
#1 /var/www/html/cs/system/Database/BaseConnection.php(713): CodeIgniter\Database\MySQLi\Connection->execute()
#2 /var/www/html/cs/system/Database/BaseConnection.php(641): CodeIgniter\Database\BaseConnection->simpleQuery()
#3 /var/www/html/cs/system/Database/BaseBuilder.php(2035): CodeIgniter\Database\BaseConnection->query()
#4 /var/www/html/cs/app/Controllers/Paciente.php(64): CodeIgniter\Database\BaseBuilder->getWhere()
#5 /var/www/html/cs/system/CodeIgniter.php(936): App\Controllers\Paciente->editar_odontograma()
#6 /var/www/html/cs/system/CodeIgniter.php(432): CodeIgniter\CodeIgniter->runController()
#7 /var/www/html/cs/system/CodeIgniter.php(333): CodeIgniter\CodeIgniter->handleRequest()
#8 /var/www/html/cs/public/index.php(44): CodeIgniter\CodeIgniter->run()
#9 {main}
CRITICAL - 2021-05-27 22:08:14 --> Table 'sanpedro.sp_odontograma' doesn't exist
#0 /var/www/html/cs/system/Database/MySQLi/Connection.php(314): mysqli->query()
#1 /var/www/html/cs/system/Database/BaseConnection.php(713): CodeIgniter\Database\MySQLi\Connection->execute()
#2 /var/www/html/cs/system/Database/BaseConnection.php(641): CodeIgniter\Database\BaseConnection->simpleQuery()
#3 /var/www/html/cs/system/Database/BaseBuilder.php(2035): CodeIgniter\Database\BaseConnection->query()
#4 /var/www/html/cs/app/Controllers/Paciente.php(64): CodeIgniter\Database\BaseBuilder->getWhere()
#5 /var/www/html/cs/system/CodeIgniter.php(936): App\Controllers\Paciente->editar_odontograma()
#6 /var/www/html/cs/system/CodeIgniter.php(432): CodeIgniter\CodeIgniter->runController()
#7 /var/www/html/cs/system/CodeIgniter.php(333): CodeIgniter\CodeIgniter->handleRequest()
#8 /var/www/html/cs/public/index.php(44): CodeIgniter\CodeIgniter->run()
#9 {main}
ERROR - 2021-05-27 22:09:52 --> mysqli_sql_exception: Table 'sanpedro.sp_odontograma' doesn't exist in /var/www/html/cs/system/Database/MySQLi/Connection.php:314
Stack trace:
#0 /var/www/html/cs/system/Database/MySQLi/Connection.php(314): mysqli->query()
#1 /var/www/html/cs/system/Database/BaseConnection.php(713): CodeIgniter\Database\MySQLi\Connection->execute()
#2 /var/www/html/cs/system/Database/BaseConnection.php(641): CodeIgniter\Database\BaseConnection->simpleQuery()
#3 /var/www/html/cs/system/Database/BaseBuilder.php(2035): CodeIgniter\Database\BaseConnection->query()
#4 /var/www/html/cs/app/Controllers/Paciente.php(64): CodeIgniter\Database\BaseBuilder->getWhere()
#5 /var/www/html/cs/system/CodeIgniter.php(936): App\Controllers\Paciente->editar_odontograma()
#6 /var/www/html/cs/system/CodeIgniter.php(432): CodeIgniter\CodeIgniter->runController()
#7 /var/www/html/cs/system/CodeIgniter.php(333): CodeIgniter\CodeIgniter->handleRequest()
#8 /var/www/html/cs/public/index.php(44): CodeIgniter\CodeIgniter->run()
#9 {main}
CRITICAL - 2021-05-27 22:09:52 --> Table 'sanpedro.sp_odontograma' doesn't exist
#0 /var/www/html/cs/system/Database/MySQLi/Connection.php(314): mysqli->query()
#1 /var/www/html/cs/system/Database/BaseConnection.php(713): CodeIgniter\Database\MySQLi\Connection->execute()
#2 /var/www/html/cs/system/Database/BaseConnection.php(641): CodeIgniter\Database\BaseConnection->simpleQuery()
#3 /var/www/html/cs/system/Database/BaseBuilder.php(2035): CodeIgniter\Database\BaseConnection->query()
#4 /var/www/html/cs/app/Controllers/Paciente.php(64): CodeIgniter\Database\BaseBuilder->getWhere()
#5 /var/www/html/cs/system/CodeIgniter.php(936): App\Controllers\Paciente->editar_odontograma()
#6 /var/www/html/cs/system/CodeIgniter.php(432): CodeIgniter\CodeIgniter->runController()
#7 /var/www/html/cs/system/CodeIgniter.php(333): CodeIgniter\CodeIgniter->handleRequest()
#8 /var/www/html/cs/public/index.php(44): CodeIgniter\CodeIgniter->run()
#9 {main}
