ERROR - 2021-02-15 06:25:53 --> Error connecting to the database: Access denied for user '****'@'localhost'
CRITICAL - 2021-02-15 06:25:53 --> Unable to connect to the database.
#0 /var/www/html/cs/system/Database/BaseConnection.php(618): CodeIgniter\Database\BaseConnection->initialize()
#1 /var/www/html/cs/system/Database/BaseBuilder.php(1866): CodeIgniter\Database\BaseConnection->query()
#2 /var/www/html/cs/app/Models/Querys.php(32): CodeIgniter\Database\BaseBuilder->get()
#3 /var/www/html/cs/app/Helpers/SanPedro_helper.php(10): App\Models\Querys->verifyUser()
#4 /var/www/html/cs/app/Controllers/BaseController.php(56): authenticated()
#5 /var/www/html/cs/system/CodeIgniter.php(909): App\Controllers\BaseController->initController()
#6 /var/www/html/cs/system/CodeIgniter.php(422): CodeIgniter\CodeIgniter->createController()
#7 /var/www/html/cs/system/CodeIgniter.php(333): CodeIgniter\CodeIgniter->handleRequest()
#8 /var/www/html/cs/public/index.php(44): CodeIgniter\CodeIgniter->run()
#9 {main}
ERROR - 2021-02-15 12:41:33 --> Error connecting to the database: Access denied for user '****'@'localhost'
CRITICAL - 2021-02-15 12:41:33 --> Unable to connect to the database.
#0 /var/www/html/cs/system/Database/BaseConnection.php(618): CodeIgniter\Database\BaseConnection->initialize()
#1 /var/www/html/cs/system/Database/BaseBuilder.php(1866): CodeIgniter\Database\BaseConnection->query()
#2 /var/www/html/cs/app/Models/Querys.php(32): CodeIgniter\Database\BaseBuilder->get()
#3 /var/www/html/cs/app/Helpers/SanPedro_helper.php(10): App\Models\Querys->verifyUser()
#4 /var/www/html/cs/app/Controllers/BaseController.php(56): authenticated()
#5 /var/www/html/cs/system/CodeIgniter.php(909): App\Controllers\BaseController->initController()
#6 /var/www/html/cs/system/CodeIgniter.php(422): CodeIgniter\CodeIgniter->createController()
#7 /var/www/html/cs/system/CodeIgniter.php(333): CodeIgniter\CodeIgniter->handleRequest()
#8 /var/www/html/cs/public/index.php(44): CodeIgniter\CodeIgniter->run()
#9 {main}
CRITICAL - 2021-02-15 17:59:25 --> Undefined variable: session
#0 /var/www/html/cs/app/Views/header.php(73): CodeIgniter\Debug\Exceptions->errorHandler()
#1 /var/www/html/cs/system/View/View.php(220): include('/var/www/html/c...')
#2 /var/www/html/cs/system/View/View.php(222): CodeIgniter\View\View->CodeIgniter\View\{closure}()
#3 /var/www/html/cs/system/Common.php(1217): CodeIgniter\View\View->render()
#4 /var/www/html/cs/app/Libraries/Templater.php(32): view()
#5 /var/www/html/cs/app/Controllers/Home.php(9): App\Libraries\Templater->view()
#6 /var/www/html/cs/system/CodeIgniter.php(936): App\Controllers\Home->index()
#7 /var/www/html/cs/system/CodeIgniter.php(432): CodeIgniter\CodeIgniter->runController()
#8 /var/www/html/cs/system/CodeIgniter.php(333): CodeIgniter\CodeIgniter->handleRequest()
#9 /var/www/html/cs/public/index.php(44): CodeIgniter\CodeIgniter->run()
#10 {main}
CRITICAL - 2021-02-15 18:01:34 --> Undefined property: CodeIgniter\View\View::$session
#0 /var/www/html/cs/app/Views/header.php(73): CodeIgniter\Debug\Exceptions->errorHandler()
#1 /var/www/html/cs/system/View/View.php(220): include('/var/www/html/c...')
#2 /var/www/html/cs/system/View/View.php(222): CodeIgniter\View\View->CodeIgniter\View\{closure}()
#3 /var/www/html/cs/system/Common.php(1217): CodeIgniter\View\View->render()
#4 /var/www/html/cs/app/Libraries/Templater.php(32): view()
#5 /var/www/html/cs/app/Controllers/Home.php(9): App\Libraries\Templater->view()
#6 /var/www/html/cs/system/CodeIgniter.php(936): App\Controllers\Home->index()
#7 /var/www/html/cs/system/CodeIgniter.php(432): CodeIgniter\CodeIgniter->runController()
#8 /var/www/html/cs/system/CodeIgniter.php(333): CodeIgniter\CodeIgniter->handleRequest()
#9 /var/www/html/cs/public/index.php(44): CodeIgniter\CodeIgniter->run()
#10 {main}
