CRITICAL - 2021-05-25 10:09:40 --> syntax error, unexpected 'public' (T_PUBLIC)
#0 C:\xampp\htdocs\cs\system\Router\Router.php(170): CodeIgniter\Router\Router->autoRoute('gestionarCita')
#1 C:\xampp\htdocs\cs\system\CodeIgniter.php(816): CodeIgniter\Router\Router->handle('gestionarCita')
#2 C:\xampp\htdocs\cs\system\CodeIgniter.php(385): CodeIgniter\CodeIgniter->tryToRouteIt(Object(CodeIgniter\Router\RouteCollection))
#3 C:\xampp\htdocs\cs\system\CodeIgniter.php(333): CodeIgniter\CodeIgniter->handleRequest(NULL, Object(Config\Cache), false)
#4 C:\xampp\htdocs\cs\public\index.php(44): CodeIgniter\CodeIgniter->run()
#5 {main}
CRITICAL - 2021-05-25 20:31:39 --> syntax error, unexpected end of file, expecting function (T_FUNCTION) or const (T_CONST)
#0 C:\xampp\htdocs\cs\system\Router\Router.php(170): CodeIgniter\Router\Router->autoRoute('paciente')
#1 C:\xampp\htdocs\cs\system\CodeIgniter.php(816): CodeIgniter\Router\Router->handle('paciente')
#2 C:\xampp\htdocs\cs\system\CodeIgniter.php(385): CodeIgniter\CodeIgniter->tryToRouteIt(Object(CodeIgniter\Router\RouteCollection))
#3 C:\xampp\htdocs\cs\system\CodeIgniter.php(333): CodeIgniter\CodeIgniter->handleRequest(NULL, Object(Config\Cache), false)
#4 C:\xampp\htdocs\cs\public\index.php(44): CodeIgniter\CodeIgniter->run()
#5 {main}
ERROR - 2021-05-25 21:38:27 --> mysqli_sql_exception: Column 'foto' cannot be null in C:\xampp\htdocs\cs\system\Database\MySQLi\Connection.php:314
Stack trace:
#0 C:\xampp\htdocs\cs\system\Database\MySQLi\Connection.php(314): mysqli->query('INSERT INTO `sp...')
#1 C:\xampp\htdocs\cs\system\Database\BaseConnection.php(713): CodeIgniter\Database\MySQLi\Connection->execute('INSERT INTO `sp...')
#2 C:\xampp\htdocs\cs\system\Database\BaseConnection.php(641): CodeIgniter\Database\BaseConnection->simpleQuery('INSERT INTO `sp...')
#3 C:\xampp\htdocs\cs\system\Database\BaseBuilder.php(2263): CodeIgniter\Database\BaseConnection->query('INSERT INTO `sp...', Array, false)
#4 C:\xampp\htdocs\cs\app\Models\PacienteModel.php(33): CodeIgniter\Database\BaseBuilder->insert(Array)
#5 C:\xampp\htdocs\cs\app\Controllers\Paciente.php(176): App\Models\PacienteModel->persona('insert', Array, NULL, NULL)
#6 C:\xampp\htdocs\cs\system\CodeIgniter.php(936): App\Controllers\Paciente->guardar_paciente()
#7 C:\xampp\htdocs\cs\system\CodeIgniter.php(432): CodeIgniter\CodeIgniter->runController(Object(App\Controllers\Paciente))
#8 C:\xampp\htdocs\cs\system\CodeIgniter.php(333): CodeIgniter\CodeIgniter->handleRequest(NULL, Object(Config\Cache), false)
#9 C:\xampp\htdocs\cs\public\index.php(44): CodeIgniter\CodeIgniter->run()
#10 {main}
CRITICAL - 2021-05-25 21:38:27 --> Column 'foto' cannot be null
#0 C:\xampp\htdocs\cs\system\Database\MySQLi\Connection.php(314): mysqli->query('INSERT INTO `sp...')
#1 C:\xampp\htdocs\cs\system\Database\BaseConnection.php(713): CodeIgniter\Database\MySQLi\Connection->execute('INSERT INTO `sp...')
#2 C:\xampp\htdocs\cs\system\Database\BaseConnection.php(641): CodeIgniter\Database\BaseConnection->simpleQuery('INSERT INTO `sp...')
#3 C:\xampp\htdocs\cs\system\Database\BaseBuilder.php(2263): CodeIgniter\Database\BaseConnection->query('INSERT INTO `sp...', Array, false)
#4 C:\xampp\htdocs\cs\app\Models\PacienteModel.php(33): CodeIgniter\Database\BaseBuilder->insert(Array)
#5 C:\xampp\htdocs\cs\app\Controllers\Paciente.php(176): App\Models\PacienteModel->persona('insert', Array, NULL, NULL)
#6 C:\xampp\htdocs\cs\system\CodeIgniter.php(936): App\Controllers\Paciente->guardar_paciente()
#7 C:\xampp\htdocs\cs\system\CodeIgniter.php(432): CodeIgniter\CodeIgniter->runController(Object(App\Controllers\Paciente))
#8 C:\xampp\htdocs\cs\system\CodeIgniter.php(333): CodeIgniter\CodeIgniter->handleRequest(NULL, Object(Config\Cache), false)
#9 C:\xampp\htdocs\cs\public\index.php(44): CodeIgniter\CodeIgniter->run()
#10 {main}
ERROR - 2021-05-25 21:38:28 --> mysqli_sql_exception: Unknown column 'foto' in 'field list' in C:\xampp\htdocs\cs\system\Database\MySQLi\Connection.php:314
Stack trace:
#0 C:\xampp\htdocs\cs\system\Database\MySQLi\Connection.php(314): mysqli->query('UPDATE `sp_paci...')
#1 C:\xampp\htdocs\cs\system\Database\BaseConnection.php(713): CodeIgniter\Database\MySQLi\Connection->execute('UPDATE `sp_paci...')
#2 C:\xampp\htdocs\cs\system\Database\BaseConnection.php(641): CodeIgniter\Database\BaseConnection->simpleQuery('UPDATE `sp_paci...')
#3 C:\xampp\htdocs\cs\system\Database\BaseBuilder.php(2468): CodeIgniter\Database\BaseConnection->query('UPDATE `sp_paci...', Array, false)
#4 C:\xampp\htdocs\cs\app\Models\PacienteModel.php(64): CodeIgniter\Database\BaseBuilder->update(Array, Array)
#5 C:\xampp\htdocs\cs\app\Controllers\Paciente.php(455): App\Models\PacienteModel->paciente('update', Array, Array)
#6 C:\xampp\htdocs\cs\system\CodeIgniter.php(936): App\Controllers\Paciente->subir_foto()
#7 C:\xampp\htdocs\cs\system\CodeIgniter.php(432): CodeIgniter\CodeIgniter->runController(Object(App\Controllers\Paciente))
#8 C:\xampp\htdocs\cs\system\CodeIgniter.php(333): CodeIgniter\CodeIgniter->handleRequest(NULL, Object(Config\Cache), false)
#9 C:\xampp\htdocs\cs\public\index.php(44): CodeIgniter\CodeIgniter->run()
#10 {main}
CRITICAL - 2021-05-25 21:38:28 --> Unknown column 'foto' in 'field list'
#0 C:\xampp\htdocs\cs\system\Database\MySQLi\Connection.php(314): mysqli->query('UPDATE `sp_paci...')
#1 C:\xampp\htdocs\cs\system\Database\BaseConnection.php(713): CodeIgniter\Database\MySQLi\Connection->execute('UPDATE `sp_paci...')
#2 C:\xampp\htdocs\cs\system\Database\BaseConnection.php(641): CodeIgniter\Database\BaseConnection->simpleQuery('UPDATE `sp_paci...')
#3 C:\xampp\htdocs\cs\system\Database\BaseBuilder.php(2468): CodeIgniter\Database\BaseConnection->query('UPDATE `sp_paci...', Array, false)
#4 C:\xampp\htdocs\cs\app\Models\PacienteModel.php(64): CodeIgniter\Database\BaseBuilder->update(Array, Array)
#5 C:\xampp\htdocs\cs\app\Controllers\Paciente.php(455): App\Models\PacienteModel->paciente('update', Array, Array)
#6 C:\xampp\htdocs\cs\system\CodeIgniter.php(936): App\Controllers\Paciente->subir_foto()
#7 C:\xampp\htdocs\cs\system\CodeIgniter.php(432): CodeIgniter\CodeIgniter->runController(Object(App\Controllers\Paciente))
#8 C:\xampp\htdocs\cs\system\CodeIgniter.php(333): CodeIgniter\CodeIgniter->handleRequest(NULL, Object(Config\Cache), false)
#9 C:\xampp\htdocs\cs\public\index.php(44): CodeIgniter\CodeIgniter->run()
#10 {main}
ERROR - 2021-05-25 21:38:54 --> mysqli_sql_exception: Column 'foto' cannot be null in C:\xampp\htdocs\cs\system\Database\MySQLi\Connection.php:314
Stack trace:
#0 C:\xampp\htdocs\cs\system\Database\MySQLi\Connection.php(314): mysqli->query('INSERT INTO `sp...')
#1 C:\xampp\htdocs\cs\system\Database\BaseConnection.php(713): CodeIgniter\Database\MySQLi\Connection->execute('INSERT INTO `sp...')
#2 C:\xampp\htdocs\cs\system\Database\BaseConnection.php(641): CodeIgniter\Database\BaseConnection->simpleQuery('INSERT INTO `sp...')
#3 C:\xampp\htdocs\cs\system\Database\BaseBuilder.php(2263): CodeIgniter\Database\BaseConnection->query('INSERT INTO `sp...', Array, false)
#4 C:\xampp\htdocs\cs\app\Models\PacienteModel.php(33): CodeIgniter\Database\BaseBuilder->insert(Array)
#5 C:\xampp\htdocs\cs\app\Controllers\Paciente.php(176): App\Models\PacienteModel->persona('insert', Array, NULL, NULL)
#6 C:\xampp\htdocs\cs\system\CodeIgniter.php(936): App\Controllers\Paciente->guardar_paciente()
#7 C:\xampp\htdocs\cs\system\CodeIgniter.php(432): CodeIgniter\CodeIgniter->runController(Object(App\Controllers\Paciente))
#8 C:\xampp\htdocs\cs\system\CodeIgniter.php(333): CodeIgniter\CodeIgniter->handleRequest(NULL, Object(Config\Cache), false)
#9 C:\xampp\htdocs\cs\public\index.php(44): CodeIgniter\CodeIgniter->run()
#10 {main}
CRITICAL - 2021-05-25 21:38:54 --> Column 'foto' cannot be null
#0 C:\xampp\htdocs\cs\system\Database\MySQLi\Connection.php(314): mysqli->query('INSERT INTO `sp...')
#1 C:\xampp\htdocs\cs\system\Database\BaseConnection.php(713): CodeIgniter\Database\MySQLi\Connection->execute('INSERT INTO `sp...')
#2 C:\xampp\htdocs\cs\system\Database\BaseConnection.php(641): CodeIgniter\Database\BaseConnection->simpleQuery('INSERT INTO `sp...')
#3 C:\xampp\htdocs\cs\system\Database\BaseBuilder.php(2263): CodeIgniter\Database\BaseConnection->query('INSERT INTO `sp...', Array, false)
#4 C:\xampp\htdocs\cs\app\Models\PacienteModel.php(33): CodeIgniter\Database\BaseBuilder->insert(Array)
#5 C:\xampp\htdocs\cs\app\Controllers\Paciente.php(176): App\Models\PacienteModel->persona('insert', Array, NULL, NULL)
#6 C:\xampp\htdocs\cs\system\CodeIgniter.php(936): App\Controllers\Paciente->guardar_paciente()
#7 C:\xampp\htdocs\cs\system\CodeIgniter.php(432): CodeIgniter\CodeIgniter->runController(Object(App\Controllers\Paciente))
#8 C:\xampp\htdocs\cs\system\CodeIgniter.php(333): CodeIgniter\CodeIgniter->handleRequest(NULL, Object(Config\Cache), false)
#9 C:\xampp\htdocs\cs\public\index.php(44): CodeIgniter\CodeIgniter->run()
#10 {main}
ERROR - 2021-05-25 21:38:54 --> mysqli_sql_exception: Unknown column 'foto' in 'field list' in C:\xampp\htdocs\cs\system\Database\MySQLi\Connection.php:314
Stack trace:
#0 C:\xampp\htdocs\cs\system\Database\MySQLi\Connection.php(314): mysqli->query('UPDATE `sp_paci...')
#1 C:\xampp\htdocs\cs\system\Database\BaseConnection.php(713): CodeIgniter\Database\MySQLi\Connection->execute('UPDATE `sp_paci...')
#2 C:\xampp\htdocs\cs\system\Database\BaseConnection.php(641): CodeIgniter\Database\BaseConnection->simpleQuery('UPDATE `sp_paci...')
#3 C:\xampp\htdocs\cs\system\Database\BaseBuilder.php(2468): CodeIgniter\Database\BaseConnection->query('UPDATE `sp_paci...', Array, false)
#4 C:\xampp\htdocs\cs\app\Models\PacienteModel.php(64): CodeIgniter\Database\BaseBuilder->update(Array, Array)
#5 C:\xampp\htdocs\cs\app\Controllers\Paciente.php(455): App\Models\PacienteModel->paciente('update', Array, Array)
#6 C:\xampp\htdocs\cs\system\CodeIgniter.php(936): App\Controllers\Paciente->subir_foto()
#7 C:\xampp\htdocs\cs\system\CodeIgniter.php(432): CodeIgniter\CodeIgniter->runController(Object(App\Controllers\Paciente))
#8 C:\xampp\htdocs\cs\system\CodeIgniter.php(333): CodeIgniter\CodeIgniter->handleRequest(NULL, Object(Config\Cache), false)
#9 C:\xampp\htdocs\cs\public\index.php(44): CodeIgniter\CodeIgniter->run()
#10 {main}
CRITICAL - 2021-05-25 21:38:54 --> Unknown column 'foto' in 'field list'
#0 C:\xampp\htdocs\cs\system\Database\MySQLi\Connection.php(314): mysqli->query('UPDATE `sp_paci...')
#1 C:\xampp\htdocs\cs\system\Database\BaseConnection.php(713): CodeIgniter\Database\MySQLi\Connection->execute('UPDATE `sp_paci...')
#2 C:\xampp\htdocs\cs\system\Database\BaseConnection.php(641): CodeIgniter\Database\BaseConnection->simpleQuery('UPDATE `sp_paci...')
#3 C:\xampp\htdocs\cs\system\Database\BaseBuilder.php(2468): CodeIgniter\Database\BaseConnection->query('UPDATE `sp_paci...', Array, false)
#4 C:\xampp\htdocs\cs\app\Models\PacienteModel.php(64): CodeIgniter\Database\BaseBuilder->update(Array, Array)
#5 C:\xampp\htdocs\cs\app\Controllers\Paciente.php(455): App\Models\PacienteModel->paciente('update', Array, Array)
#6 C:\xampp\htdocs\cs\system\CodeIgniter.php(936): App\Controllers\Paciente->subir_foto()
#7 C:\xampp\htdocs\cs\system\CodeIgniter.php(432): CodeIgniter\CodeIgniter->runController(Object(App\Controllers\Paciente))
#8 C:\xampp\htdocs\cs\system\CodeIgniter.php(333): CodeIgniter\CodeIgniter->handleRequest(NULL, Object(Config\Cache), false)
#9 C:\xampp\htdocs\cs\public\index.php(44): CodeIgniter\CodeIgniter->run()
#10 {main}
ERROR - 2021-05-25 22:02:41 --> mysqli_sql_exception: Column 'foto' cannot be null in C:\xampp\htdocs\cs\system\Database\MySQLi\Connection.php:314
Stack trace:
#0 C:\xampp\htdocs\cs\system\Database\MySQLi\Connection.php(314): mysqli->query('INSERT INTO `sp...')
#1 C:\xampp\htdocs\cs\system\Database\BaseConnection.php(713): CodeIgniter\Database\MySQLi\Connection->execute('INSERT INTO `sp...')
#2 C:\xampp\htdocs\cs\system\Database\BaseConnection.php(641): CodeIgniter\Database\BaseConnection->simpleQuery('INSERT INTO `sp...')
#3 C:\xampp\htdocs\cs\system\Database\BaseBuilder.php(2263): CodeIgniter\Database\BaseConnection->query('INSERT INTO `sp...', Array, false)
#4 C:\xampp\htdocs\cs\app\Models\PacienteModel.php(33): CodeIgniter\Database\BaseBuilder->insert(Array)
#5 C:\xampp\htdocs\cs\app\Controllers\Paciente.php(176): App\Models\PacienteModel->persona('insert', Array, NULL, NULL)
#6 C:\xampp\htdocs\cs\system\CodeIgniter.php(936): App\Controllers\Paciente->guardar_paciente()
#7 C:\xampp\htdocs\cs\system\CodeIgniter.php(432): CodeIgniter\CodeIgniter->runController(Object(App\Controllers\Paciente))
#8 C:\xampp\htdocs\cs\system\CodeIgniter.php(333): CodeIgniter\CodeIgniter->handleRequest(NULL, Object(Config\Cache), false)
#9 C:\xampp\htdocs\cs\public\index.php(44): CodeIgniter\CodeIgniter->run()
#10 {main}
CRITICAL - 2021-05-25 22:02:41 --> Column 'foto' cannot be null
#0 C:\xampp\htdocs\cs\system\Database\MySQLi\Connection.php(314): mysqli->query('INSERT INTO `sp...')
#1 C:\xampp\htdocs\cs\system\Database\BaseConnection.php(713): CodeIgniter\Database\MySQLi\Connection->execute('INSERT INTO `sp...')
#2 C:\xampp\htdocs\cs\system\Database\BaseConnection.php(641): CodeIgniter\Database\BaseConnection->simpleQuery('INSERT INTO `sp...')
#3 C:\xampp\htdocs\cs\system\Database\BaseBuilder.php(2263): CodeIgniter\Database\BaseConnection->query('INSERT INTO `sp...', Array, false)
#4 C:\xampp\htdocs\cs\app\Models\PacienteModel.php(33): CodeIgniter\Database\BaseBuilder->insert(Array)
#5 C:\xampp\htdocs\cs\app\Controllers\Paciente.php(176): App\Models\PacienteModel->persona('insert', Array, NULL, NULL)
#6 C:\xampp\htdocs\cs\system\CodeIgniter.php(936): App\Controllers\Paciente->guardar_paciente()
#7 C:\xampp\htdocs\cs\system\CodeIgniter.php(432): CodeIgniter\CodeIgniter->runController(Object(App\Controllers\Paciente))
#8 C:\xampp\htdocs\cs\system\CodeIgniter.php(333): CodeIgniter\CodeIgniter->handleRequest(NULL, Object(Config\Cache), false)
#9 C:\xampp\htdocs\cs\public\index.php(44): CodeIgniter\CodeIgniter->run()
#10 {main}
ERROR - 2021-05-25 22:08:05 --> mysqli_sql_exception: Column 'foto' cannot be null in C:\xampp\htdocs\cs\system\Database\MySQLi\Connection.php:314
Stack trace:
#0 C:\xampp\htdocs\cs\system\Database\MySQLi\Connection.php(314): mysqli->query('INSERT INTO `sp...')
#1 C:\xampp\htdocs\cs\system\Database\BaseConnection.php(713): CodeIgniter\Database\MySQLi\Connection->execute('INSERT INTO `sp...')
#2 C:\xampp\htdocs\cs\system\Database\BaseConnection.php(641): CodeIgniter\Database\BaseConnection->simpleQuery('INSERT INTO `sp...')
#3 C:\xampp\htdocs\cs\system\Database\BaseBuilder.php(2263): CodeIgniter\Database\BaseConnection->query('INSERT INTO `sp...', Array, false)
#4 C:\xampp\htdocs\cs\app\Models\PacienteModel.php(33): CodeIgniter\Database\BaseBuilder->insert(Array)
#5 C:\xampp\htdocs\cs\app\Controllers\Paciente.php(176): App\Models\PacienteModel->persona('insert', Array, NULL, NULL)
#6 C:\xampp\htdocs\cs\system\CodeIgniter.php(936): App\Controllers\Paciente->guardar_paciente()
#7 C:\xampp\htdocs\cs\system\CodeIgniter.php(432): CodeIgniter\CodeIgniter->runController(Object(App\Controllers\Paciente))
#8 C:\xampp\htdocs\cs\system\CodeIgniter.php(333): CodeIgniter\CodeIgniter->handleRequest(NULL, Object(Config\Cache), false)
#9 C:\xampp\htdocs\cs\public\index.php(44): CodeIgniter\CodeIgniter->run()
#10 {main}
CRITICAL - 2021-05-25 22:08:05 --> Column 'foto' cannot be null
#0 C:\xampp\htdocs\cs\system\Database\MySQLi\Connection.php(314): mysqli->query('INSERT INTO `sp...')
#1 C:\xampp\htdocs\cs\system\Database\BaseConnection.php(713): CodeIgniter\Database\MySQLi\Connection->execute('INSERT INTO `sp...')
#2 C:\xampp\htdocs\cs\system\Database\BaseConnection.php(641): CodeIgniter\Database\BaseConnection->simpleQuery('INSERT INTO `sp...')
#3 C:\xampp\htdocs\cs\system\Database\BaseBuilder.php(2263): CodeIgniter\Database\BaseConnection->query('INSERT INTO `sp...', Array, false)
#4 C:\xampp\htdocs\cs\app\Models\PacienteModel.php(33): CodeIgniter\Database\BaseBuilder->insert(Array)
#5 C:\xampp\htdocs\cs\app\Controllers\Paciente.php(176): App\Models\PacienteModel->persona('insert', Array, NULL, NULL)
#6 C:\xampp\htdocs\cs\system\CodeIgniter.php(936): App\Controllers\Paciente->guardar_paciente()
#7 C:\xampp\htdocs\cs\system\CodeIgniter.php(432): CodeIgniter\CodeIgniter->runController(Object(App\Controllers\Paciente))
#8 C:\xampp\htdocs\cs\system\CodeIgniter.php(333): CodeIgniter\CodeIgniter->handleRequest(NULL, Object(Config\Cache), false)
#9 C:\xampp\htdocs\cs\public\index.php(44): CodeIgniter\CodeIgniter->run()
#10 {main}
ERROR - 2021-05-25 22:08:29 --> mysqli_sql_exception: Column 'foto' cannot be null in C:\xampp\htdocs\cs\system\Database\MySQLi\Connection.php:314
Stack trace:
#0 C:\xampp\htdocs\cs\system\Database\MySQLi\Connection.php(314): mysqli->query('INSERT INTO `sp...')
#1 C:\xampp\htdocs\cs\system\Database\BaseConnection.php(713): CodeIgniter\Database\MySQLi\Connection->execute('INSERT INTO `sp...')
#2 C:\xampp\htdocs\cs\system\Database\BaseConnection.php(641): CodeIgniter\Database\BaseConnection->simpleQuery('INSERT INTO `sp...')
#3 C:\xampp\htdocs\cs\system\Database\BaseBuilder.php(2263): CodeIgniter\Database\BaseConnection->query('INSERT INTO `sp...', Array, false)
#4 C:\xampp\htdocs\cs\app\Models\PacienteModel.php(33): CodeIgniter\Database\BaseBuilder->insert(Array)
#5 C:\xampp\htdocs\cs\app\Controllers\Paciente.php(176): App\Models\PacienteModel->persona('insert', Array, NULL, NULL)
#6 C:\xampp\htdocs\cs\system\CodeIgniter.php(936): App\Controllers\Paciente->guardar_paciente()
#7 C:\xampp\htdocs\cs\system\CodeIgniter.php(432): CodeIgniter\CodeIgniter->runController(Object(App\Controllers\Paciente))
#8 C:\xampp\htdocs\cs\system\CodeIgniter.php(333): CodeIgniter\CodeIgniter->handleRequest(NULL, Object(Config\Cache), false)
#9 C:\xampp\htdocs\cs\public\index.php(44): CodeIgniter\CodeIgniter->run()
#10 {main}
CRITICAL - 2021-05-25 22:08:29 --> Column 'foto' cannot be null
#0 C:\xampp\htdocs\cs\system\Database\MySQLi\Connection.php(314): mysqli->query('INSERT INTO `sp...')
#1 C:\xampp\htdocs\cs\system\Database\BaseConnection.php(713): CodeIgniter\Database\MySQLi\Connection->execute('INSERT INTO `sp...')
#2 C:\xampp\htdocs\cs\system\Database\BaseConnection.php(641): CodeIgniter\Database\BaseConnection->simpleQuery('INSERT INTO `sp...')
#3 C:\xampp\htdocs\cs\system\Database\BaseBuilder.php(2263): CodeIgniter\Database\BaseConnection->query('INSERT INTO `sp...', Array, false)
#4 C:\xampp\htdocs\cs\app\Models\PacienteModel.php(33): CodeIgniter\Database\BaseBuilder->insert(Array)
#5 C:\xampp\htdocs\cs\app\Controllers\Paciente.php(176): App\Models\PacienteModel->persona('insert', Array, NULL, NULL)
#6 C:\xampp\htdocs\cs\system\CodeIgniter.php(936): App\Controllers\Paciente->guardar_paciente()
#7 C:\xampp\htdocs\cs\system\CodeIgniter.php(432): CodeIgniter\CodeIgniter->runController(Object(App\Controllers\Paciente))
#8 C:\xampp\htdocs\cs\system\CodeIgniter.php(333): CodeIgniter\CodeIgniter->handleRequest(NULL, Object(Config\Cache), false)
#9 C:\xampp\htdocs\cs\public\index.php(44): CodeIgniter\CodeIgniter->run()
#10 {main}
ERROR - 2021-05-25 22:13:51 --> mysqli_sql_exception: Column 'foto' cannot be null in C:\xampp\htdocs\cs\system\Database\MySQLi\Connection.php:314
Stack trace:
#0 C:\xampp\htdocs\cs\system\Database\MySQLi\Connection.php(314): mysqli->query('INSERT INTO `sp...')
#1 C:\xampp\htdocs\cs\system\Database\BaseConnection.php(713): CodeIgniter\Database\MySQLi\Connection->execute('INSERT INTO `sp...')
#2 C:\xampp\htdocs\cs\system\Database\BaseConnection.php(641): CodeIgniter\Database\BaseConnection->simpleQuery('INSERT INTO `sp...')
#3 C:\xampp\htdocs\cs\system\Database\BaseBuilder.php(2263): CodeIgniter\Database\BaseConnection->query('INSERT INTO `sp...', Array, false)
#4 C:\xampp\htdocs\cs\app\Models\OdontologoModel.php(33): CodeIgniter\Database\BaseBuilder->insert(Array)
#5 C:\xampp\htdocs\cs\app\Controllers\Odontologo.php(163): App\Models\OdontologoModel->persona('insert', Array, NULL, NULL)
#6 C:\xampp\htdocs\cs\system\CodeIgniter.php(936): App\Controllers\Odontologo->guardar_odontologo()
#7 C:\xampp\htdocs\cs\system\CodeIgniter.php(432): CodeIgniter\CodeIgniter->runController(Object(App\Controllers\Odontologo))
#8 C:\xampp\htdocs\cs\system\CodeIgniter.php(333): CodeIgniter\CodeIgniter->handleRequest(NULL, Object(Config\Cache), false)
#9 C:\xampp\htdocs\cs\public\index.php(44): CodeIgniter\CodeIgniter->run()
#10 {main}
CRITICAL - 2021-05-25 22:13:51 --> Column 'foto' cannot be null
#0 C:\xampp\htdocs\cs\system\Database\MySQLi\Connection.php(314): mysqli->query('INSERT INTO `sp...')
#1 C:\xampp\htdocs\cs\system\Database\BaseConnection.php(713): CodeIgniter\Database\MySQLi\Connection->execute('INSERT INTO `sp...')
#2 C:\xampp\htdocs\cs\system\Database\BaseConnection.php(641): CodeIgniter\Database\BaseConnection->simpleQuery('INSERT INTO `sp...')
#3 C:\xampp\htdocs\cs\system\Database\BaseBuilder.php(2263): CodeIgniter\Database\BaseConnection->query('INSERT INTO `sp...', Array, false)
#4 C:\xampp\htdocs\cs\app\Models\OdontologoModel.php(33): CodeIgniter\Database\BaseBuilder->insert(Array)
#5 C:\xampp\htdocs\cs\app\Controllers\Odontologo.php(163): App\Models\OdontologoModel->persona('insert', Array, NULL, NULL)
#6 C:\xampp\htdocs\cs\system\CodeIgniter.php(936): App\Controllers\Odontologo->guardar_odontologo()
#7 C:\xampp\htdocs\cs\system\CodeIgniter.php(432): CodeIgniter\CodeIgniter->runController(Object(App\Controllers\Odontologo))
#8 C:\xampp\htdocs\cs\system\CodeIgniter.php(333): CodeIgniter\CodeIgniter->handleRequest(NULL, Object(Config\Cache), false)
#9 C:\xampp\htdocs\cs\public\index.php(44): CodeIgniter\CodeIgniter->run()
#10 {main}
ERROR - 2021-05-25 22:20:55 --> mysqli_sql_exception: Column 'foto' cannot be null in C:\xampp\htdocs\cs\system\Database\MySQLi\Connection.php:314
Stack trace:
#0 C:\xampp\htdocs\cs\system\Database\MySQLi\Connection.php(314): mysqli->query('INSERT INTO `sp...')
#1 C:\xampp\htdocs\cs\system\Database\BaseConnection.php(713): CodeIgniter\Database\MySQLi\Connection->execute('INSERT INTO `sp...')
#2 C:\xampp\htdocs\cs\system\Database\BaseConnection.php(641): CodeIgniter\Database\BaseConnection->simpleQuery('INSERT INTO `sp...')
#3 C:\xampp\htdocs\cs\system\Database\BaseBuilder.php(2263): CodeIgniter\Database\BaseConnection->query('INSERT INTO `sp...', Array, false)
#4 C:\xampp\htdocs\cs\app\Models\PacienteModel.php(33): CodeIgniter\Database\BaseBuilder->insert(Array)
#5 C:\xampp\htdocs\cs\app\Controllers\Paciente.php(176): App\Models\PacienteModel->persona('insert', Array, NULL, NULL)
#6 C:\xampp\htdocs\cs\system\CodeIgniter.php(936): App\Controllers\Paciente->guardar_paciente()
#7 C:\xampp\htdocs\cs\system\CodeIgniter.php(432): CodeIgniter\CodeIgniter->runController(Object(App\Controllers\Paciente))
#8 C:\xampp\htdocs\cs\system\CodeIgniter.php(333): CodeIgniter\CodeIgniter->handleRequest(NULL, Object(Config\Cache), false)
#9 C:\xampp\htdocs\cs\public\index.php(44): CodeIgniter\CodeIgniter->run()
#10 {main}
CRITICAL - 2021-05-25 22:20:55 --> Column 'foto' cannot be null
#0 C:\xampp\htdocs\cs\system\Database\MySQLi\Connection.php(314): mysqli->query('INSERT INTO `sp...')
#1 C:\xampp\htdocs\cs\system\Database\BaseConnection.php(713): CodeIgniter\Database\MySQLi\Connection->execute('INSERT INTO `sp...')
#2 C:\xampp\htdocs\cs\system\Database\BaseConnection.php(641): CodeIgniter\Database\BaseConnection->simpleQuery('INSERT INTO `sp...')
#3 C:\xampp\htdocs\cs\system\Database\BaseBuilder.php(2263): CodeIgniter\Database\BaseConnection->query('INSERT INTO `sp...', Array, false)
#4 C:\xampp\htdocs\cs\app\Models\PacienteModel.php(33): CodeIgniter\Database\BaseBuilder->insert(Array)
#5 C:\xampp\htdocs\cs\app\Controllers\Paciente.php(176): App\Models\PacienteModel->persona('insert', Array, NULL, NULL)
#6 C:\xampp\htdocs\cs\system\CodeIgniter.php(936): App\Controllers\Paciente->guardar_paciente()
#7 C:\xampp\htdocs\cs\system\CodeIgniter.php(432): CodeIgniter\CodeIgniter->runController(Object(App\Controllers\Paciente))
#8 C:\xampp\htdocs\cs\system\CodeIgniter.php(333): CodeIgniter\CodeIgniter->handleRequest(NULL, Object(Config\Cache), false)
#9 C:\xampp\htdocs\cs\public\index.php(44): CodeIgniter\CodeIgniter->run()
#10 {main}
ERROR - 2021-05-25 22:21:10 --> mysqli_sql_exception: Column 'foto' cannot be null in C:\xampp\htdocs\cs\system\Database\MySQLi\Connection.php:314
Stack trace:
#0 C:\xampp\htdocs\cs\system\Database\MySQLi\Connection.php(314): mysqli->query('INSERT INTO `sp...')
#1 C:\xampp\htdocs\cs\system\Database\BaseConnection.php(713): CodeIgniter\Database\MySQLi\Connection->execute('INSERT INTO `sp...')
#2 C:\xampp\htdocs\cs\system\Database\BaseConnection.php(641): CodeIgniter\Database\BaseConnection->simpleQuery('INSERT INTO `sp...')
#3 C:\xampp\htdocs\cs\system\Database\BaseBuilder.php(2263): CodeIgniter\Database\BaseConnection->query('INSERT INTO `sp...', Array, false)
#4 C:\xampp\htdocs\cs\app\Models\PacienteModel.php(33): CodeIgniter\Database\BaseBuilder->insert(Array)
#5 C:\xampp\htdocs\cs\app\Controllers\Paciente.php(176): App\Models\PacienteModel->persona('insert', Array, NULL, NULL)
#6 C:\xampp\htdocs\cs\system\CodeIgniter.php(936): App\Controllers\Paciente->guardar_paciente()
#7 C:\xampp\htdocs\cs\system\CodeIgniter.php(432): CodeIgniter\CodeIgniter->runController(Object(App\Controllers\Paciente))
#8 C:\xampp\htdocs\cs\system\CodeIgniter.php(333): CodeIgniter\CodeIgniter->handleRequest(NULL, Object(Config\Cache), false)
#9 C:\xampp\htdocs\cs\public\index.php(44): CodeIgniter\CodeIgniter->run()
#10 {main}
CRITICAL - 2021-05-25 22:21:10 --> Column 'foto' cannot be null
#0 C:\xampp\htdocs\cs\system\Database\MySQLi\Connection.php(314): mysqli->query('INSERT INTO `sp...')
#1 C:\xampp\htdocs\cs\system\Database\BaseConnection.php(713): CodeIgniter\Database\MySQLi\Connection->execute('INSERT INTO `sp...')
#2 C:\xampp\htdocs\cs\system\Database\BaseConnection.php(641): CodeIgniter\Database\BaseConnection->simpleQuery('INSERT INTO `sp...')
#3 C:\xampp\htdocs\cs\system\Database\BaseBuilder.php(2263): CodeIgniter\Database\BaseConnection->query('INSERT INTO `sp...', Array, false)
#4 C:\xampp\htdocs\cs\app\Models\PacienteModel.php(33): CodeIgniter\Database\BaseBuilder->insert(Array)
#5 C:\xampp\htdocs\cs\app\Controllers\Paciente.php(176): App\Models\PacienteModel->persona('insert', Array, NULL, NULL)
#6 C:\xampp\htdocs\cs\system\CodeIgniter.php(936): App\Controllers\Paciente->guardar_paciente()
#7 C:\xampp\htdocs\cs\system\CodeIgniter.php(432): CodeIgniter\CodeIgniter->runController(Object(App\Controllers\Paciente))
#8 C:\xampp\htdocs\cs\system\CodeIgniter.php(333): CodeIgniter\CodeIgniter->handleRequest(NULL, Object(Config\Cache), false)
#9 C:\xampp\htdocs\cs\public\index.php(44): CodeIgniter\CodeIgniter->run()
#10 {main}
ERROR - 2021-05-25 22:38:00 --> mysqli_sql_exception: Column 'foto' cannot be null in C:\xampp\htdocs\cs\system\Database\MySQLi\Connection.php:314
Stack trace:
#0 C:\xampp\htdocs\cs\system\Database\MySQLi\Connection.php(314): mysqli->query('INSERT INTO `sp...')
#1 C:\xampp\htdocs\cs\system\Database\BaseConnection.php(713): CodeIgniter\Database\MySQLi\Connection->execute('INSERT INTO `sp...')
#2 C:\xampp\htdocs\cs\system\Database\BaseConnection.php(641): CodeIgniter\Database\BaseConnection->simpleQuery('INSERT INTO `sp...')
#3 C:\xampp\htdocs\cs\system\Database\BaseBuilder.php(2263): CodeIgniter\Database\BaseConnection->query('INSERT INTO `sp...', Array, false)
#4 C:\xampp\htdocs\cs\app\Models\PacienteModel.php(33): CodeIgniter\Database\BaseBuilder->insert(Array)
#5 C:\xampp\htdocs\cs\app\Controllers\Paciente.php(176): App\Models\PacienteModel->persona('insert', Array, NULL, NULL)
#6 C:\xampp\htdocs\cs\system\CodeIgniter.php(936): App\Controllers\Paciente->guardar_paciente()
#7 C:\xampp\htdocs\cs\system\CodeIgniter.php(432): CodeIgniter\CodeIgniter->runController(Object(App\Controllers\Paciente))
#8 C:\xampp\htdocs\cs\system\CodeIgniter.php(333): CodeIgniter\CodeIgniter->handleRequest(NULL, Object(Config\Cache), false)
#9 C:\xampp\htdocs\cs\public\index.php(44): CodeIgniter\CodeIgniter->run()
#10 {main}
CRITICAL - 2021-05-25 22:38:00 --> Column 'foto' cannot be null
#0 C:\xampp\htdocs\cs\system\Database\MySQLi\Connection.php(314): mysqli->query('INSERT INTO `sp...')
#1 C:\xampp\htdocs\cs\system\Database\BaseConnection.php(713): CodeIgniter\Database\MySQLi\Connection->execute('INSERT INTO `sp...')
#2 C:\xampp\htdocs\cs\system\Database\BaseConnection.php(641): CodeIgniter\Database\BaseConnection->simpleQuery('INSERT INTO `sp...')
#3 C:\xampp\htdocs\cs\system\Database\BaseBuilder.php(2263): CodeIgniter\Database\BaseConnection->query('INSERT INTO `sp...', Array, false)
#4 C:\xampp\htdocs\cs\app\Models\PacienteModel.php(33): CodeIgniter\Database\BaseBuilder->insert(Array)
#5 C:\xampp\htdocs\cs\app\Controllers\Paciente.php(176): App\Models\PacienteModel->persona('insert', Array, NULL, NULL)
#6 C:\xampp\htdocs\cs\system\CodeIgniter.php(936): App\Controllers\Paciente->guardar_paciente()
#7 C:\xampp\htdocs\cs\system\CodeIgniter.php(432): CodeIgniter\CodeIgniter->runController(Object(App\Controllers\Paciente))
#8 C:\xampp\htdocs\cs\system\CodeIgniter.php(333): CodeIgniter\CodeIgniter->handleRequest(NULL, Object(Config\Cache), false)
#9 C:\xampp\htdocs\cs\public\index.php(44): CodeIgniter\CodeIgniter->run()
#10 {main}
ERROR - 2021-05-25 22:46:26 --> mysqli_sql_exception: Column 'foto' cannot be null in C:\xampp\htdocs\cs\system\Database\MySQLi\Connection.php:314
Stack trace:
#0 C:\xampp\htdocs\cs\system\Database\MySQLi\Connection.php(314): mysqli->query('INSERT INTO `sp...')
#1 C:\xampp\htdocs\cs\system\Database\BaseConnection.php(713): CodeIgniter\Database\MySQLi\Connection->execute('INSERT INTO `sp...')
#2 C:\xampp\htdocs\cs\system\Database\BaseConnection.php(641): CodeIgniter\Database\BaseConnection->simpleQuery('INSERT INTO `sp...')
#3 C:\xampp\htdocs\cs\system\Database\BaseBuilder.php(2263): CodeIgniter\Database\BaseConnection->query('INSERT INTO `sp...', Array, false)
#4 C:\xampp\htdocs\cs\app\Models\PacienteModel.php(33): CodeIgniter\Database\BaseBuilder->insert(Array)
#5 C:\xampp\htdocs\cs\app\Controllers\Paciente.php(176): App\Models\PacienteModel->persona('insert', Array, NULL, NULL)
#6 C:\xampp\htdocs\cs\system\CodeIgniter.php(936): App\Controllers\Paciente->guardar_paciente()
#7 C:\xampp\htdocs\cs\system\CodeIgniter.php(432): CodeIgniter\CodeIgniter->runController(Object(App\Controllers\Paciente))
#8 C:\xampp\htdocs\cs\system\CodeIgniter.php(333): CodeIgniter\CodeIgniter->handleRequest(NULL, Object(Config\Cache), false)
#9 C:\xampp\htdocs\cs\public\index.php(44): CodeIgniter\CodeIgniter->run()
#10 {main}
CRITICAL - 2021-05-25 22:46:26 --> Column 'foto' cannot be null
#0 C:\xampp\htdocs\cs\system\Database\MySQLi\Connection.php(314): mysqli->query('INSERT INTO `sp...')
#1 C:\xampp\htdocs\cs\system\Database\BaseConnection.php(713): CodeIgniter\Database\MySQLi\Connection->execute('INSERT INTO `sp...')
#2 C:\xampp\htdocs\cs\system\Database\BaseConnection.php(641): CodeIgniter\Database\BaseConnection->simpleQuery('INSERT INTO `sp...')
#3 C:\xampp\htdocs\cs\system\Database\BaseBuilder.php(2263): CodeIgniter\Database\BaseConnection->query('INSERT INTO `sp...', Array, false)
#4 C:\xampp\htdocs\cs\app\Models\PacienteModel.php(33): CodeIgniter\Database\BaseBuilder->insert(Array)
#5 C:\xampp\htdocs\cs\app\Controllers\Paciente.php(176): App\Models\PacienteModel->persona('insert', Array, NULL, NULL)
#6 C:\xampp\htdocs\cs\system\CodeIgniter.php(936): App\Controllers\Paciente->guardar_paciente()
#7 C:\xampp\htdocs\cs\system\CodeIgniter.php(432): CodeIgniter\CodeIgniter->runController(Object(App\Controllers\Paciente))
#8 C:\xampp\htdocs\cs\system\CodeIgniter.php(333): CodeIgniter\CodeIgniter->handleRequest(NULL, Object(Config\Cache), false)
#9 C:\xampp\htdocs\cs\public\index.php(44): CodeIgniter\CodeIgniter->run()
#10 {main}
ERROR - 2021-05-25 22:46:41 --> mysqli_sql_exception: Column 'foto' cannot be null in C:\xampp\htdocs\cs\system\Database\MySQLi\Connection.php:314
Stack trace:
#0 C:\xampp\htdocs\cs\system\Database\MySQLi\Connection.php(314): mysqli->query('INSERT INTO `sp...')
#1 C:\xampp\htdocs\cs\system\Database\BaseConnection.php(713): CodeIgniter\Database\MySQLi\Connection->execute('INSERT INTO `sp...')
#2 C:\xampp\htdocs\cs\system\Database\BaseConnection.php(641): CodeIgniter\Database\BaseConnection->simpleQuery('INSERT INTO `sp...')
#3 C:\xampp\htdocs\cs\system\Database\BaseBuilder.php(2263): CodeIgniter\Database\BaseConnection->query('INSERT INTO `sp...', Array, false)
#4 C:\xampp\htdocs\cs\app\Models\PacienteModel.php(33): CodeIgniter\Database\BaseBuilder->insert(Array)
#5 C:\xampp\htdocs\cs\app\Controllers\Paciente.php(176): App\Models\PacienteModel->persona('insert', Array, NULL, NULL)
#6 C:\xampp\htdocs\cs\system\CodeIgniter.php(936): App\Controllers\Paciente->guardar_paciente()
#7 C:\xampp\htdocs\cs\system\CodeIgniter.php(432): CodeIgniter\CodeIgniter->runController(Object(App\Controllers\Paciente))
#8 C:\xampp\htdocs\cs\system\CodeIgniter.php(333): CodeIgniter\CodeIgniter->handleRequest(NULL, Object(Config\Cache), false)
#9 C:\xampp\htdocs\cs\public\index.php(44): CodeIgniter\CodeIgniter->run()
#10 {main}
CRITICAL - 2021-05-25 22:46:41 --> Column 'foto' cannot be null
#0 C:\xampp\htdocs\cs\system\Database\MySQLi\Connection.php(314): mysqli->query('INSERT INTO `sp...')
#1 C:\xampp\htdocs\cs\system\Database\BaseConnection.php(713): CodeIgniter\Database\MySQLi\Connection->execute('INSERT INTO `sp...')
#2 C:\xampp\htdocs\cs\system\Database\BaseConnection.php(641): CodeIgniter\Database\BaseConnection->simpleQuery('INSERT INTO `sp...')
#3 C:\xampp\htdocs\cs\system\Database\BaseBuilder.php(2263): CodeIgniter\Database\BaseConnection->query('INSERT INTO `sp...', Array, false)
#4 C:\xampp\htdocs\cs\app\Models\PacienteModel.php(33): CodeIgniter\Database\BaseBuilder->insert(Array)
#5 C:\xampp\htdocs\cs\app\Controllers\Paciente.php(176): App\Models\PacienteModel->persona('insert', Array, NULL, NULL)
#6 C:\xampp\htdocs\cs\system\CodeIgniter.php(936): App\Controllers\Paciente->guardar_paciente()
#7 C:\xampp\htdocs\cs\system\CodeIgniter.php(432): CodeIgniter\CodeIgniter->runController(Object(App\Controllers\Paciente))
#8 C:\xampp\htdocs\cs\system\CodeIgniter.php(333): CodeIgniter\CodeIgniter->handleRequest(NULL, Object(Config\Cache), false)
#9 C:\xampp\htdocs\cs\public\index.php(44): CodeIgniter\CodeIgniter->run()
#10 {main}
ERROR - 2021-05-25 22:49:41 --> mysqli_sql_exception: Column 'foto' cannot be null in C:\xampp\htdocs\cs\system\Database\MySQLi\Connection.php:314
Stack trace:
#0 C:\xampp\htdocs\cs\system\Database\MySQLi\Connection.php(314): mysqli->query('INSERT INTO `sp...')
#1 C:\xampp\htdocs\cs\system\Database\BaseConnection.php(713): CodeIgniter\Database\MySQLi\Connection->execute('INSERT INTO `sp...')
#2 C:\xampp\htdocs\cs\system\Database\BaseConnection.php(641): CodeIgniter\Database\BaseConnection->simpleQuery('INSERT INTO `sp...')
#3 C:\xampp\htdocs\cs\system\Database\BaseBuilder.php(2263): CodeIgniter\Database\BaseConnection->query('INSERT INTO `sp...', Array, false)
#4 C:\xampp\htdocs\cs\app\Models\PacienteModel.php(33): CodeIgniter\Database\BaseBuilder->insert(Array)
#5 C:\xampp\htdocs\cs\app\Controllers\Paciente.php(176): App\Models\PacienteModel->persona('insert', Array, NULL, NULL)
#6 C:\xampp\htdocs\cs\system\CodeIgniter.php(936): App\Controllers\Paciente->guardar_paciente()
#7 C:\xampp\htdocs\cs\system\CodeIgniter.php(432): CodeIgniter\CodeIgniter->runController(Object(App\Controllers\Paciente))
#8 C:\xampp\htdocs\cs\system\CodeIgniter.php(333): CodeIgniter\CodeIgniter->handleRequest(NULL, Object(Config\Cache), false)
#9 C:\xampp\htdocs\cs\public\index.php(44): CodeIgniter\CodeIgniter->run()
#10 {main}
CRITICAL - 2021-05-25 22:49:41 --> Column 'foto' cannot be null
#0 C:\xampp\htdocs\cs\system\Database\MySQLi\Connection.php(314): mysqli->query('INSERT INTO `sp...')
#1 C:\xampp\htdocs\cs\system\Database\BaseConnection.php(713): CodeIgniter\Database\MySQLi\Connection->execute('INSERT INTO `sp...')
#2 C:\xampp\htdocs\cs\system\Database\BaseConnection.php(641): CodeIgniter\Database\BaseConnection->simpleQuery('INSERT INTO `sp...')
#3 C:\xampp\htdocs\cs\system\Database\BaseBuilder.php(2263): CodeIgniter\Database\BaseConnection->query('INSERT INTO `sp...', Array, false)
#4 C:\xampp\htdocs\cs\app\Models\PacienteModel.php(33): CodeIgniter\Database\BaseBuilder->insert(Array)
#5 C:\xampp\htdocs\cs\app\Controllers\Paciente.php(176): App\Models\PacienteModel->persona('insert', Array, NULL, NULL)
#6 C:\xampp\htdocs\cs\system\CodeIgniter.php(936): App\Controllers\Paciente->guardar_paciente()
#7 C:\xampp\htdocs\cs\system\CodeIgniter.php(432): CodeIgniter\CodeIgniter->runController(Object(App\Controllers\Paciente))
#8 C:\xampp\htdocs\cs\system\CodeIgniter.php(333): CodeIgniter\CodeIgniter->handleRequest(NULL, Object(Config\Cache), false)
#9 C:\xampp\htdocs\cs\public\index.php(44): CodeIgniter\CodeIgniter->run()
#10 {main}
ERROR - 2021-05-25 22:49:54 --> mysqli_sql_exception: Column 'foto' cannot be null in C:\xampp\htdocs\cs\system\Database\MySQLi\Connection.php:314
Stack trace:
#0 C:\xampp\htdocs\cs\system\Database\MySQLi\Connection.php(314): mysqli->query('INSERT INTO `sp...')
#1 C:\xampp\htdocs\cs\system\Database\BaseConnection.php(713): CodeIgniter\Database\MySQLi\Connection->execute('INSERT INTO `sp...')
#2 C:\xampp\htdocs\cs\system\Database\BaseConnection.php(641): CodeIgniter\Database\BaseConnection->simpleQuery('INSERT INTO `sp...')
#3 C:\xampp\htdocs\cs\system\Database\BaseBuilder.php(2263): CodeIgniter\Database\BaseConnection->query('INSERT INTO `sp...', Array, false)
#4 C:\xampp\htdocs\cs\app\Models\PacienteModel.php(33): CodeIgniter\Database\BaseBuilder->insert(Array)
#5 C:\xampp\htdocs\cs\app\Controllers\Paciente.php(176): App\Models\PacienteModel->persona('insert', Array, NULL, NULL)
#6 C:\xampp\htdocs\cs\system\CodeIgniter.php(936): App\Controllers\Paciente->guardar_paciente()
#7 C:\xampp\htdocs\cs\system\CodeIgniter.php(432): CodeIgniter\CodeIgniter->runController(Object(App\Controllers\Paciente))
#8 C:\xampp\htdocs\cs\system\CodeIgniter.php(333): CodeIgniter\CodeIgniter->handleRequest(NULL, Object(Config\Cache), false)
#9 C:\xampp\htdocs\cs\public\index.php(44): CodeIgniter\CodeIgniter->run()
#10 {main}
CRITICAL - 2021-05-25 22:49:54 --> Column 'foto' cannot be null
#0 C:\xampp\htdocs\cs\system\Database\MySQLi\Connection.php(314): mysqli->query('INSERT INTO `sp...')
#1 C:\xampp\htdocs\cs\system\Database\BaseConnection.php(713): CodeIgniter\Database\MySQLi\Connection->execute('INSERT INTO `sp...')
#2 C:\xampp\htdocs\cs\system\Database\BaseConnection.php(641): CodeIgniter\Database\BaseConnection->simpleQuery('INSERT INTO `sp...')
#3 C:\xampp\htdocs\cs\system\Database\BaseBuilder.php(2263): CodeIgniter\Database\BaseConnection->query('INSERT INTO `sp...', Array, false)
#4 C:\xampp\htdocs\cs\app\Models\PacienteModel.php(33): CodeIgniter\Database\BaseBuilder->insert(Array)
#5 C:\xampp\htdocs\cs\app\Controllers\Paciente.php(176): App\Models\PacienteModel->persona('insert', Array, NULL, NULL)
#6 C:\xampp\htdocs\cs\system\CodeIgniter.php(936): App\Controllers\Paciente->guardar_paciente()
#7 C:\xampp\htdocs\cs\system\CodeIgniter.php(432): CodeIgniter\CodeIgniter->runController(Object(App\Controllers\Paciente))
#8 C:\xampp\htdocs\cs\system\CodeIgniter.php(333): CodeIgniter\CodeIgniter->handleRequest(NULL, Object(Config\Cache), false)
#9 C:\xampp\htdocs\cs\public\index.php(44): CodeIgniter\CodeIgniter->run()
#10 {main}
ERROR - 2021-05-25 22:53:03 --> mysqli_sql_exception: Column 'foto' cannot be null in C:\xampp\htdocs\cs\system\Database\MySQLi\Connection.php:314
Stack trace:
#0 C:\xampp\htdocs\cs\system\Database\MySQLi\Connection.php(314): mysqli->query('INSERT INTO `sp...')
#1 C:\xampp\htdocs\cs\system\Database\BaseConnection.php(713): CodeIgniter\Database\MySQLi\Connection->execute('INSERT INTO `sp...')
#2 C:\xampp\htdocs\cs\system\Database\BaseConnection.php(641): CodeIgniter\Database\BaseConnection->simpleQuery('INSERT INTO `sp...')
#3 C:\xampp\htdocs\cs\system\Database\BaseBuilder.php(2263): CodeIgniter\Database\BaseConnection->query('INSERT INTO `sp...', Array, false)
#4 C:\xampp\htdocs\cs\app\Models\PacienteModel.php(33): CodeIgniter\Database\BaseBuilder->insert(Array)
#5 C:\xampp\htdocs\cs\app\Controllers\Paciente.php(176): App\Models\PacienteModel->persona('insert', Array, NULL, NULL)
#6 C:\xampp\htdocs\cs\system\CodeIgniter.php(936): App\Controllers\Paciente->guardar_paciente()
#7 C:\xampp\htdocs\cs\system\CodeIgniter.php(432): CodeIgniter\CodeIgniter->runController(Object(App\Controllers\Paciente))
#8 C:\xampp\htdocs\cs\system\CodeIgniter.php(333): CodeIgniter\CodeIgniter->handleRequest(NULL, Object(Config\Cache), false)
#9 C:\xampp\htdocs\cs\public\index.php(44): CodeIgniter\CodeIgniter->run()
#10 {main}
CRITICAL - 2021-05-25 22:53:03 --> Column 'foto' cannot be null
#0 C:\xampp\htdocs\cs\system\Database\MySQLi\Connection.php(314): mysqli->query('INSERT INTO `sp...')
#1 C:\xampp\htdocs\cs\system\Database\BaseConnection.php(713): CodeIgniter\Database\MySQLi\Connection->execute('INSERT INTO `sp...')
#2 C:\xampp\htdocs\cs\system\Database\BaseConnection.php(641): CodeIgniter\Database\BaseConnection->simpleQuery('INSERT INTO `sp...')
#3 C:\xampp\htdocs\cs\system\Database\BaseBuilder.php(2263): CodeIgniter\Database\BaseConnection->query('INSERT INTO `sp...', Array, false)
#4 C:\xampp\htdocs\cs\app\Models\PacienteModel.php(33): CodeIgniter\Database\BaseBuilder->insert(Array)
#5 C:\xampp\htdocs\cs\app\Controllers\Paciente.php(176): App\Models\PacienteModel->persona('insert', Array, NULL, NULL)
#6 C:\xampp\htdocs\cs\system\CodeIgniter.php(936): App\Controllers\Paciente->guardar_paciente()
#7 C:\xampp\htdocs\cs\system\CodeIgniter.php(432): CodeIgniter\CodeIgniter->runController(Object(App\Controllers\Paciente))
#8 C:\xampp\htdocs\cs\system\CodeIgniter.php(333): CodeIgniter\CodeIgniter->handleRequest(NULL, Object(Config\Cache), false)
#9 C:\xampp\htdocs\cs\public\index.php(44): CodeIgniter\CodeIgniter->run()
#10 {main}
ERROR - 2021-05-25 22:53:22 --> mysqli_sql_exception: Column 'foto' cannot be null in C:\xampp\htdocs\cs\system\Database\MySQLi\Connection.php:314
Stack trace:
#0 C:\xampp\htdocs\cs\system\Database\MySQLi\Connection.php(314): mysqli->query('INSERT INTO `sp...')
#1 C:\xampp\htdocs\cs\system\Database\BaseConnection.php(713): CodeIgniter\Database\MySQLi\Connection->execute('INSERT INTO `sp...')
#2 C:\xampp\htdocs\cs\system\Database\BaseConnection.php(641): CodeIgniter\Database\BaseConnection->simpleQuery('INSERT INTO `sp...')
#3 C:\xampp\htdocs\cs\system\Database\BaseBuilder.php(2263): CodeIgniter\Database\BaseConnection->query('INSERT INTO `sp...', Array, false)
#4 C:\xampp\htdocs\cs\app\Models\PacienteModel.php(33): CodeIgniter\Database\BaseBuilder->insert(Array)
#5 C:\xampp\htdocs\cs\app\Controllers\Paciente.php(176): App\Models\PacienteModel->persona('insert', Array, NULL, NULL)
#6 C:\xampp\htdocs\cs\system\CodeIgniter.php(936): App\Controllers\Paciente->guardar_paciente()
#7 C:\xampp\htdocs\cs\system\CodeIgniter.php(432): CodeIgniter\CodeIgniter->runController(Object(App\Controllers\Paciente))
#8 C:\xampp\htdocs\cs\system\CodeIgniter.php(333): CodeIgniter\CodeIgniter->handleRequest(NULL, Object(Config\Cache), false)
#9 C:\xampp\htdocs\cs\public\index.php(44): CodeIgniter\CodeIgniter->run()
#10 {main}
CRITICAL - 2021-05-25 22:53:22 --> Column 'foto' cannot be null
#0 C:\xampp\htdocs\cs\system\Database\MySQLi\Connection.php(314): mysqli->query('INSERT INTO `sp...')
#1 C:\xampp\htdocs\cs\system\Database\BaseConnection.php(713): CodeIgniter\Database\MySQLi\Connection->execute('INSERT INTO `sp...')
#2 C:\xampp\htdocs\cs\system\Database\BaseConnection.php(641): CodeIgniter\Database\BaseConnection->simpleQuery('INSERT INTO `sp...')
#3 C:\xampp\htdocs\cs\system\Database\BaseBuilder.php(2263): CodeIgniter\Database\BaseConnection->query('INSERT INTO `sp...', Array, false)
#4 C:\xampp\htdocs\cs\app\Models\PacienteModel.php(33): CodeIgniter\Database\BaseBuilder->insert(Array)
#5 C:\xampp\htdocs\cs\app\Controllers\Paciente.php(176): App\Models\PacienteModel->persona('insert', Array, NULL, NULL)
#6 C:\xampp\htdocs\cs\system\CodeIgniter.php(936): App\Controllers\Paciente->guardar_paciente()
#7 C:\xampp\htdocs\cs\system\CodeIgniter.php(432): CodeIgniter\CodeIgniter->runController(Object(App\Controllers\Paciente))
#8 C:\xampp\htdocs\cs\system\CodeIgniter.php(333): CodeIgniter\CodeIgniter->handleRequest(NULL, Object(Config\Cache), false)
#9 C:\xampp\htdocs\cs\public\index.php(44): CodeIgniter\CodeIgniter->run()
#10 {main}
CRITICAL - 2021-05-25 23:07:46 --> Undefined variable: row
#0 C:\xampp\htdocs\cs\app\Views\paciente\index.php(80): CodeIgniter\Debug\Exceptions->errorHandler(8, 'Undefined varia...', 'C:\\xampp\\htdocs...', 80, Array)
#1 C:\xampp\htdocs\cs\system\View\View.php(220): include('C:\\xampp\\htdocs...')
#2 C:\xampp\htdocs\cs\system\View\View.php(222): CodeIgniter\View\View->CodeIgniter\View\{closure}()
#3 C:\xampp\htdocs\cs\system\Common.php(1217): CodeIgniter\View\View->render('paciente/index', Array, true)
#4 C:\xampp\htdocs\cs\app\Libraries\Templater.php(34): view('paciente/index', Array)
#5 C:\xampp\htdocs\cs\app\Controllers\Paciente.php(25): App\Libraries\Templater->view('paciente/index', Array)
#6 C:\xampp\htdocs\cs\system\CodeIgniter.php(936): App\Controllers\Paciente->index()
#7 C:\xampp\htdocs\cs\system\CodeIgniter.php(432): CodeIgniter\CodeIgniter->runController(Object(App\Controllers\Paciente))
#8 C:\xampp\htdocs\cs\system\CodeIgniter.php(333): CodeIgniter\CodeIgniter->handleRequest(NULL, Object(Config\Cache), false)
#9 C:\xampp\htdocs\cs\public\index.php(44): CodeIgniter\CodeIgniter->run()
#10 {main}
