CRITICAL - 2021-05-14 14:49:57 --> syntax error, unexpected ']', expecting ')'
#0 C:\xampp\htdocs\cs\system\Router\Router.php(170): CodeIgniter\Router\Router->autoRoute('paciente/ajaxLi...')
#1 C:\xampp\htdocs\cs\system\CodeIgniter.php(816): CodeIgniter\Router\Router->handle('paciente/ajaxLi...')
#2 C:\xampp\htdocs\cs\system\CodeIgniter.php(385): CodeIgniter\CodeIgniter->tryToRouteIt(Object(CodeIgniter\Router\RouteCollection))
#3 C:\xampp\htdocs\cs\system\CodeIgniter.php(333): CodeIgniter\CodeIgniter->handleRequest(NULL, Object(Config\Cache), false)
#4 C:\xampp\htdocs\cs\public\index.php(44): CodeIgniter\CodeIgniter->run()
#5 {main}
CRITICAL - 2021-05-14 14:50:04 --> syntax error, unexpected ']', expecting ')'
#0 C:\xampp\htdocs\cs\system\Router\Router.php(170): CodeIgniter\Router\Router->autoRoute('paciente/ajaxLi...')
#1 C:\xampp\htdocs\cs\system\CodeIgniter.php(816): CodeIgniter\Router\Router->handle('paciente/ajaxLi...')
#2 C:\xampp\htdocs\cs\system\CodeIgniter.php(385): CodeIgniter\CodeIgniter->tryToRouteIt(Object(CodeIgniter\Router\RouteCollection))
#3 C:\xampp\htdocs\cs\system\CodeIgniter.php(333): CodeIgniter\CodeIgniter->handleRequest(NULL, Object(Config\Cache), false)
#4 C:\xampp\htdocs\cs\public\index.php(44): CodeIgniter\CodeIgniter->run()
#5 {main}
CRITICAL - 2021-05-14 14:50:35 --> Class 'App\Controllers\EnfermedadModel' not found
#0 C:\xampp\htdocs\cs\system\CodeIgniter.php(908): App\Controllers\Paciente->__construct()
#1 C:\xampp\htdocs\cs\system\CodeIgniter.php(422): CodeIgniter\CodeIgniter->createController()
#2 C:\xampp\htdocs\cs\system\CodeIgniter.php(333): CodeIgniter\CodeIgniter->handleRequest(NULL, Object(Config\Cache), false)
#3 C:\xampp\htdocs\cs\public\index.php(44): CodeIgniter\CodeIgniter->run()
#4 {main}
CRITICAL - 2021-05-14 14:50:50 --> Class 'App\Controllers\EnfermedadModel' not found
#0 C:\xampp\htdocs\cs\system\CodeIgniter.php(908): App\Controllers\Paciente->__construct()
#1 C:\xampp\htdocs\cs\system\CodeIgniter.php(422): CodeIgniter\CodeIgniter->createController()
#2 C:\xampp\htdocs\cs\system\CodeIgniter.php(333): CodeIgniter\CodeIgniter->handleRequest(NULL, Object(Config\Cache), false)
#3 C:\xampp\htdocs\cs\public\index.php(44): CodeIgniter\CodeIgniter->run()
#4 {main}
CRITICAL - 2021-05-14 14:51:47 --> Class 'App\Controllers\EnfermedadModel' not found
#0 C:\xampp\htdocs\cs\system\CodeIgniter.php(908): App\Controllers\Paciente->__construct()
#1 C:\xampp\htdocs\cs\system\CodeIgniter.php(422): CodeIgniter\CodeIgniter->createController()
#2 C:\xampp\htdocs\cs\system\CodeIgniter.php(333): CodeIgniter\CodeIgniter->handleRequest(NULL, Object(Config\Cache), false)
#3 C:\xampp\htdocs\cs\public\index.php(44): CodeIgniter\CodeIgniter->run()
#4 {main}
CRITICAL - 2021-05-14 14:52:58 --> syntax error, unexpected ']', expecting ')'
#0 C:\xampp\htdocs\cs\system\Router\Router.php(170): CodeIgniter\Router\Router->autoRoute('paciente/ajaxLi...')
#1 C:\xampp\htdocs\cs\system\CodeIgniter.php(816): CodeIgniter\Router\Router->handle('paciente/ajaxLi...')
#2 C:\xampp\htdocs\cs\system\CodeIgniter.php(385): CodeIgniter\CodeIgniter->tryToRouteIt(Object(CodeIgniter\Router\RouteCollection))
#3 C:\xampp\htdocs\cs\system\CodeIgniter.php(333): CodeIgniter\CodeIgniter->handleRequest(NULL, Object(Config\Cache), false)
#4 C:\xampp\htdocs\cs\public\index.php(44): CodeIgniter\CodeIgniter->run()
#5 {main}
CRITICAL - 2021-05-14 22:13:09 --> requerid is not a valid rule.
#0 C:\xampp\htdocs\cs\system\Validation\Validation.php(314): CodeIgniter\Validation\Exceptions\ValidationException::forRuleNotFound('requerid')
#1 C:\xampp\htdocs\cs\system\Validation\Validation.php(164): CodeIgniter\Validation\Validation->processRules('sexo', 'sexo', NULL, Array, Array)
#2 C:\xampp\htdocs\cs\system\Controller.php(181): CodeIgniter\Validation\Validation->run()
#3 C:\xampp\htdocs\cs\app\Controllers\Paciente.php(241): CodeIgniter\Controller->validate(Array, Array)
#4 C:\xampp\htdocs\cs\system\CodeIgniter.php(936): App\Controllers\Paciente->guardar_paciente()
#5 C:\xampp\htdocs\cs\system\CodeIgniter.php(432): CodeIgniter\CodeIgniter->runController(Object(App\Controllers\Paciente))
#6 C:\xampp\htdocs\cs\system\CodeIgniter.php(333): CodeIgniter\CodeIgniter->handleRequest(NULL, Object(Config\Cache), false)
#7 C:\xampp\htdocs\cs\public\index.php(44): CodeIgniter\CodeIgniter->run()
#8 {main}
CRITICAL - 2021-05-14 23:16:27 --> SQLSTATE[42S22]: Column not found: 1054 Unknown column 'id_id_paciente' in 'where clause'
#0 C:\xampp\htdocs\cs\app\Libraries\Ssp.php(465): PDOStatement->execute()
#1 C:\xampp\htdocs\cs\app\Libraries\Ssp.php(367): App\Libraries\Ssp::sql_exec(Object(PDO), Array, 'SELECT `id_cita...')
#2 C:\xampp\htdocs\cs\app\Controllers\ListarCita.php(58): App\Libraries\Ssp::complex(Array, Array, 'sp_view_cita', 'id_cita', Array, 'id_paciente=id_...')
#3 C:\xampp\htdocs\cs\system\CodeIgniter.php(936): App\Controllers\ListarCita->ajaxListarCitas()
#4 C:\xampp\htdocs\cs\system\CodeIgniter.php(432): CodeIgniter\CodeIgniter->runController(Object(App\Controllers\ListarCita))
#5 C:\xampp\htdocs\cs\system\CodeIgniter.php(333): CodeIgniter\CodeIgniter->handleRequest(NULL, Object(Config\Cache), false)
#6 C:\xampp\htdocs\cs\public\index.php(44): CodeIgniter\CodeIgniter->run()
#7 {main}
