CRITICAL - 2021-03-26 07:23:12 --> SQLSTATE[42S22]: Column not found: 1054 Unknown column 'estatus' in 'field list'
#0 /var/www/html/cs/app/Libraries/Ssp.php(465): PDOStatement->execute()
#1 /var/www/html/cs/app/Libraries/Ssp.php(367): App\Libraries\Ssp::sql_exec()
#2 /var/www/html/cs/app/Controllers/Paciente.php(53): App\Libraries\Ssp::complex()
#3 /var/www/html/cs/system/CodeIgniter.php(936): App\Controllers\Paciente->ajaxListarPacientes()
#4 /var/www/html/cs/system/CodeIgniter.php(432): CodeIgniter\CodeIgniter->runController()
#5 /var/www/html/cs/system/CodeIgniter.php(333): CodeIgniter\CodeIgniter->handleRequest()
#6 /var/www/html/cs/public/index.php(44): CodeIgniter\CodeIgniter->run()
#7 {main}
CRITICAL - 2021-03-26 07:23:20 --> SQLSTATE[42S22]: Column not found: 1054 Unknown column 'estatus' in 'field list'
#0 /var/www/html/cs/app/Libraries/Ssp.php(465): PDOStatement->execute()
#1 /var/www/html/cs/app/Libraries/Ssp.php(367): App\Libraries\Ssp::sql_exec()
#2 /var/www/html/cs/app/Controllers/Odontologo.php(52): App\Libraries\Ssp::complex()
#3 /var/www/html/cs/system/CodeIgniter.php(936): App\Controllers\Odontologo->ajaxListarOdontologos()
#4 /var/www/html/cs/system/CodeIgniter.php(432): CodeIgniter\CodeIgniter->runController()
#5 /var/www/html/cs/system/CodeIgniter.php(333): CodeIgniter\CodeIgniter->handleRequest()
#6 /var/www/html/cs/public/index.php(44): CodeIgniter\CodeIgniter->run()
#7 {main}
CRITICAL - 2021-03-26 07:23:32 --> SQLSTATE[42S22]: Column not found: 1054 Unknown column 'estatus' in 'field list'
#0 /var/www/html/cs/app/Libraries/Ssp.php(465): PDOStatement->execute()
#1 /var/www/html/cs/app/Libraries/Ssp.php(367): App\Libraries\Ssp::sql_exec()
#2 /var/www/html/cs/app/Controllers/Paciente.php(53): App\Libraries\Ssp::complex()
#3 /var/www/html/cs/system/CodeIgniter.php(936): App\Controllers\Paciente->ajaxListarPacientes()
#4 /var/www/html/cs/system/CodeIgniter.php(432): CodeIgniter\CodeIgniter->runController()
#5 /var/www/html/cs/system/CodeIgniter.php(333): CodeIgniter\CodeIgniter->handleRequest()
#6 /var/www/html/cs/public/index.php(44): CodeIgniter\CodeIgniter->run()
#7 {main}
ERROR - 2021-03-26 07:25:57 --> mysqli_sql_exception: Unknown column 'hora_inicio' in 'field list' in /var/www/html/cs/system/Database/MySQLi/Connection.php:314
Stack trace:
#0 /var/www/html/cs/system/Database/MySQLi/Connection.php(314): mysqli->query()
#1 /var/www/html/cs/system/Database/BaseConnection.php(713): CodeIgniter\Database\MySQLi\Connection->execute()
#2 /var/www/html/cs/system/Database/BaseConnection.php(641): CodeIgniter\Database\BaseConnection->simpleQuery()
#3 /var/www/html/cs/system/Database/BaseBuilder.php(1866): CodeIgniter\Database\BaseConnection->query()
#4 /var/www/html/cs/app/Models/CitaModel.php(71): CodeIgniter\Database\BaseBuilder->get()
#5 /var/www/html/cs/app/Controllers/Cita.php(300): App\Models\CitaModel->getEvents()
#6 /var/www/html/cs/system/CodeIgniter.php(936): App\Controllers\Cita->getEvents()
#7 /var/www/html/cs/system/CodeIgniter.php(432): CodeIgniter\CodeIgniter->runController()
#8 /var/www/html/cs/system/CodeIgniter.php(333): CodeIgniter\CodeIgniter->handleRequest()
#9 /var/www/html/cs/public/index.php(44): CodeIgniter\CodeIgniter->run()
#10 {main}
CRITICAL - 2021-03-26 07:25:57 --> Unknown column 'hora_inicio' in 'field list'
#0 /var/www/html/cs/system/Database/MySQLi/Connection.php(314): mysqli->query()
#1 /var/www/html/cs/system/Database/BaseConnection.php(713): CodeIgniter\Database\MySQLi\Connection->execute()
#2 /var/www/html/cs/system/Database/BaseConnection.php(641): CodeIgniter\Database\BaseConnection->simpleQuery()
#3 /var/www/html/cs/system/Database/BaseBuilder.php(1866): CodeIgniter\Database\BaseConnection->query()
#4 /var/www/html/cs/app/Models/CitaModel.php(71): CodeIgniter\Database\BaseBuilder->get()
#5 /var/www/html/cs/app/Controllers/Cita.php(300): App\Models\CitaModel->getEvents()
#6 /var/www/html/cs/system/CodeIgniter.php(936): App\Controllers\Cita->getEvents()
#7 /var/www/html/cs/system/CodeIgniter.php(432): CodeIgniter\CodeIgniter->runController()
#8 /var/www/html/cs/system/CodeIgniter.php(333): CodeIgniter\CodeIgniter->handleRequest()
#9 /var/www/html/cs/public/index.php(44): CodeIgniter\CodeIgniter->run()
#10 {main}
CRITICAL - 2021-03-26 07:25:57 --> SQLSTATE[42S22]: Column not found: 1054 Unknown column 'hora_inicio' in 'field list'
#0 /var/www/html/cs/app/Libraries/Ssp.php(465): PDOStatement->execute()
#1 /var/www/html/cs/app/Libraries/Ssp.php(367): App\Libraries\Ssp::sql_exec()
#2 /var/www/html/cs/app/Controllers/Cita.php(57): App\Libraries\Ssp::complex()
#3 /var/www/html/cs/system/CodeIgniter.php(936): App\Controllers\Cita->ajaxListarCitas()
#4 /var/www/html/cs/system/CodeIgniter.php(432): CodeIgniter\CodeIgniter->runController()
#5 /var/www/html/cs/system/CodeIgniter.php(333): CodeIgniter\CodeIgniter->handleRequest()
#6 /var/www/html/cs/public/index.php(44): CodeIgniter\CodeIgniter->run()
#7 {main}
ERROR - 2021-03-26 07:26:22 --> mysqli_sql_exception: Unknown column 'hora_inicio' in 'field list' in /var/www/html/cs/system/Database/MySQLi/Connection.php:314
Stack trace:
#0 /var/www/html/cs/system/Database/MySQLi/Connection.php(314): mysqli->query()
#1 /var/www/html/cs/system/Database/BaseConnection.php(713): CodeIgniter\Database\MySQLi\Connection->execute()
#2 /var/www/html/cs/system/Database/BaseConnection.php(641): CodeIgniter\Database\BaseConnection->simpleQuery()
#3 /var/www/html/cs/system/Database/BaseBuilder.php(1866): CodeIgniter\Database\BaseConnection->query()
#4 /var/www/html/cs/app/Models/CitaModel.php(71): CodeIgniter\Database\BaseBuilder->get()
#5 /var/www/html/cs/app/Controllers/Cita.php(300): App\Models\CitaModel->getEvents()
#6 /var/www/html/cs/system/CodeIgniter.php(936): App\Controllers\Cita->getEvents()
#7 /var/www/html/cs/system/CodeIgniter.php(432): CodeIgniter\CodeIgniter->runController()
#8 /var/www/html/cs/system/CodeIgniter.php(333): CodeIgniter\CodeIgniter->handleRequest()
#9 /var/www/html/cs/public/index.php(44): CodeIgniter\CodeIgniter->run()
#10 {main}
CRITICAL - 2021-03-26 07:26:22 --> Unknown column 'hora_inicio' in 'field list'
#0 /var/www/html/cs/system/Database/MySQLi/Connection.php(314): mysqli->query()
#1 /var/www/html/cs/system/Database/BaseConnection.php(713): CodeIgniter\Database\MySQLi\Connection->execute()
#2 /var/www/html/cs/system/Database/BaseConnection.php(641): CodeIgniter\Database\BaseConnection->simpleQuery()
#3 /var/www/html/cs/system/Database/BaseBuilder.php(1866): CodeIgniter\Database\BaseConnection->query()
#4 /var/www/html/cs/app/Models/CitaModel.php(71): CodeIgniter\Database\BaseBuilder->get()
#5 /var/www/html/cs/app/Controllers/Cita.php(300): App\Models\CitaModel->getEvents()
#6 /var/www/html/cs/system/CodeIgniter.php(936): App\Controllers\Cita->getEvents()
#7 /var/www/html/cs/system/CodeIgniter.php(432): CodeIgniter\CodeIgniter->runController()
#8 /var/www/html/cs/system/CodeIgniter.php(333): CodeIgniter\CodeIgniter->handleRequest()
#9 /var/www/html/cs/public/index.php(44): CodeIgniter\CodeIgniter->run()
#10 {main}
CRITICAL - 2021-03-26 07:26:22 --> SQLSTATE[42S22]: Column not found: 1054 Unknown column 'hora_inicio' in 'field list'
#0 /var/www/html/cs/app/Libraries/Ssp.php(465): PDOStatement->execute()
#1 /var/www/html/cs/app/Libraries/Ssp.php(367): App\Libraries\Ssp::sql_exec()
#2 /var/www/html/cs/app/Controllers/Cita.php(57): App\Libraries\Ssp::complex()
#3 /var/www/html/cs/system/CodeIgniter.php(936): App\Controllers\Cita->ajaxListarCitas()
#4 /var/www/html/cs/system/CodeIgniter.php(432): CodeIgniter\CodeIgniter->runController()
#5 /var/www/html/cs/system/CodeIgniter.php(333): CodeIgniter\CodeIgniter->handleRequest()
#6 /var/www/html/cs/public/index.php(44): CodeIgniter\CodeIgniter->run()
#7 {main}
ERROR - 2021-03-26 07:26:37 --> mysqli_sql_exception: Unknown column 'hora_inicio' in 'field list' in /var/www/html/cs/system/Database/MySQLi/Connection.php:314
Stack trace:
#0 /var/www/html/cs/system/Database/MySQLi/Connection.php(314): mysqli->query()
#1 /var/www/html/cs/system/Database/BaseConnection.php(713): CodeIgniter\Database\MySQLi\Connection->execute()
#2 /var/www/html/cs/system/Database/BaseConnection.php(641): CodeIgniter\Database\BaseConnection->simpleQuery()
#3 /var/www/html/cs/system/Database/BaseBuilder.php(1866): CodeIgniter\Database\BaseConnection->query()
#4 /var/www/html/cs/app/Models/CitaModel.php(71): CodeIgniter\Database\BaseBuilder->get()
#5 /var/www/html/cs/app/Controllers/Cita.php(300): App\Models\CitaModel->getEvents()
#6 /var/www/html/cs/system/CodeIgniter.php(936): App\Controllers\Cita->getEvents()
#7 /var/www/html/cs/system/CodeIgniter.php(432): CodeIgniter\CodeIgniter->runController()
#8 /var/www/html/cs/system/CodeIgniter.php(333): CodeIgniter\CodeIgniter->handleRequest()
#9 /var/www/html/cs/public/index.php(44): CodeIgniter\CodeIgniter->run()
#10 {main}
CRITICAL - 2021-03-26 07:26:37 --> Unknown column 'hora_inicio' in 'field list'
#0 /var/www/html/cs/system/Database/MySQLi/Connection.php(314): mysqli->query()
#1 /var/www/html/cs/system/Database/BaseConnection.php(713): CodeIgniter\Database\MySQLi\Connection->execute()
#2 /var/www/html/cs/system/Database/BaseConnection.php(641): CodeIgniter\Database\BaseConnection->simpleQuery()
#3 /var/www/html/cs/system/Database/BaseBuilder.php(1866): CodeIgniter\Database\BaseConnection->query()
#4 /var/www/html/cs/app/Models/CitaModel.php(71): CodeIgniter\Database\BaseBuilder->get()
#5 /var/www/html/cs/app/Controllers/Cita.php(300): App\Models\CitaModel->getEvents()
#6 /var/www/html/cs/system/CodeIgniter.php(936): App\Controllers\Cita->getEvents()
#7 /var/www/html/cs/system/CodeIgniter.php(432): CodeIgniter\CodeIgniter->runController()
#8 /var/www/html/cs/system/CodeIgniter.php(333): CodeIgniter\CodeIgniter->handleRequest()
#9 /var/www/html/cs/public/index.php(44): CodeIgniter\CodeIgniter->run()
#10 {main}
CRITICAL - 2021-03-26 07:26:37 --> SQLSTATE[42S22]: Column not found: 1054 Unknown column 'hora_inicio' in 'field list'
#0 /var/www/html/cs/app/Libraries/Ssp.php(465): PDOStatement->execute()
#1 /var/www/html/cs/app/Libraries/Ssp.php(367): App\Libraries\Ssp::sql_exec()
#2 /var/www/html/cs/app/Controllers/Cita.php(57): App\Libraries\Ssp::complex()
#3 /var/www/html/cs/system/CodeIgniter.php(936): App\Controllers\Cita->ajaxListarCitas()
#4 /var/www/html/cs/system/CodeIgniter.php(432): CodeIgniter\CodeIgniter->runController()
#5 /var/www/html/cs/system/CodeIgniter.php(333): CodeIgniter\CodeIgniter->handleRequest()
#6 /var/www/html/cs/public/index.php(44): CodeIgniter\CodeIgniter->run()
#7 {main}
CRITICAL - 2021-03-26 17:21:52 --> SQLSTATE[42S22]: Column not found: 1054 Unknown column 'estatus' in 'field list'
#0 /var/www/html/cs/app/Libraries/Ssp.php(465): PDOStatement->execute()
#1 /var/www/html/cs/app/Libraries/Ssp.php(367): App\Libraries\Ssp::sql_exec()
#2 /var/www/html/cs/app/Controllers/Paciente.php(53): App\Libraries\Ssp::complex()
#3 /var/www/html/cs/system/CodeIgniter.php(936): App\Controllers\Paciente->ajaxListarPacientes()
#4 /var/www/html/cs/system/CodeIgniter.php(432): CodeIgniter\CodeIgniter->runController()
#5 /var/www/html/cs/system/CodeIgniter.php(333): CodeIgniter\CodeIgniter->handleRequest()
#6 /var/www/html/cs/public/index.php(44): CodeIgniter\CodeIgniter->run()
#7 {main}
CRITICAL - 2021-03-26 17:21:58 --> SQLSTATE[42S22]: Column not found: 1054 Unknown column 'estatus' in 'field list'
#0 /var/www/html/cs/app/Libraries/Ssp.php(465): PDOStatement->execute()
#1 /var/www/html/cs/app/Libraries/Ssp.php(367): App\Libraries\Ssp::sql_exec()
#2 /var/www/html/cs/app/Controllers/Odontologo.php(52): App\Libraries\Ssp::complex()
#3 /var/www/html/cs/system/CodeIgniter.php(936): App\Controllers\Odontologo->ajaxListarOdontologos()
#4 /var/www/html/cs/system/CodeIgniter.php(432): CodeIgniter\CodeIgniter->runController()
#5 /var/www/html/cs/system/CodeIgniter.php(333): CodeIgniter\CodeIgniter->handleRequest()
#6 /var/www/html/cs/public/index.php(44): CodeIgniter\CodeIgniter->run()
#7 {main}
ERROR - 2021-03-26 17:22:13 --> mysqli_sql_exception: Unknown column 'hora_inicio' in 'field list' in /var/www/html/cs/system/Database/MySQLi/Connection.php:314
Stack trace:
#0 /var/www/html/cs/system/Database/MySQLi/Connection.php(314): mysqli->query()
#1 /var/www/html/cs/system/Database/BaseConnection.php(713): CodeIgniter\Database\MySQLi\Connection->execute()
#2 /var/www/html/cs/system/Database/BaseConnection.php(641): CodeIgniter\Database\BaseConnection->simpleQuery()
#3 /var/www/html/cs/system/Database/BaseBuilder.php(1866): CodeIgniter\Database\BaseConnection->query()
#4 /var/www/html/cs/app/Models/CitaModel.php(71): CodeIgniter\Database\BaseBuilder->get()
#5 /var/www/html/cs/app/Controllers/Cita.php(300): App\Models\CitaModel->getEvents()
#6 /var/www/html/cs/system/CodeIgniter.php(936): App\Controllers\Cita->getEvents()
#7 /var/www/html/cs/system/CodeIgniter.php(432): CodeIgniter\CodeIgniter->runController()
#8 /var/www/html/cs/system/CodeIgniter.php(333): CodeIgniter\CodeIgniter->handleRequest()
#9 /var/www/html/cs/public/index.php(44): CodeIgniter\CodeIgniter->run()
#10 {main}
CRITICAL - 2021-03-26 17:22:13 --> Unknown column 'hora_inicio' in 'field list'
#0 /var/www/html/cs/system/Database/MySQLi/Connection.php(314): mysqli->query()
#1 /var/www/html/cs/system/Database/BaseConnection.php(713): CodeIgniter\Database\MySQLi\Connection->execute()
#2 /var/www/html/cs/system/Database/BaseConnection.php(641): CodeIgniter\Database\BaseConnection->simpleQuery()
#3 /var/www/html/cs/system/Database/BaseBuilder.php(1866): CodeIgniter\Database\BaseConnection->query()
#4 /var/www/html/cs/app/Models/CitaModel.php(71): CodeIgniter\Database\BaseBuilder->get()
#5 /var/www/html/cs/app/Controllers/Cita.php(300): App\Models\CitaModel->getEvents()
#6 /var/www/html/cs/system/CodeIgniter.php(936): App\Controllers\Cita->getEvents()
#7 /var/www/html/cs/system/CodeIgniter.php(432): CodeIgniter\CodeIgniter->runController()
#8 /var/www/html/cs/system/CodeIgniter.php(333): CodeIgniter\CodeIgniter->handleRequest()
#9 /var/www/html/cs/public/index.php(44): CodeIgniter\CodeIgniter->run()
#10 {main}
CRITICAL - 2021-03-26 17:22:14 --> SQLSTATE[42S22]: Column not found: 1054 Unknown column 'hora_inicio' in 'field list'
#0 /var/www/html/cs/app/Libraries/Ssp.php(465): PDOStatement->execute()
#1 /var/www/html/cs/app/Libraries/Ssp.php(367): App\Libraries\Ssp::sql_exec()
#2 /var/www/html/cs/app/Controllers/Cita.php(57): App\Libraries\Ssp::complex()
#3 /var/www/html/cs/system/CodeIgniter.php(936): App\Controllers\Cita->ajaxListarCitas()
#4 /var/www/html/cs/system/CodeIgniter.php(432): CodeIgniter\CodeIgniter->runController()
#5 /var/www/html/cs/system/CodeIgniter.php(333): CodeIgniter\CodeIgniter->handleRequest()
#6 /var/www/html/cs/public/index.php(44): CodeIgniter\CodeIgniter->run()
#7 {main}
CRITICAL - 2021-03-26 17:22:41 --> SQLSTATE[42S22]: Column not found: 1054 Unknown column 'estatus' in 'field list'
#0 /var/www/html/cs/app/Libraries/Ssp.php(465): PDOStatement->execute()
#1 /var/www/html/cs/app/Libraries/Ssp.php(367): App\Libraries\Ssp::sql_exec()
#2 /var/www/html/cs/app/Controllers/Paciente.php(53): App\Libraries\Ssp::complex()
#3 /var/www/html/cs/system/CodeIgniter.php(936): App\Controllers\Paciente->ajaxListarPacientes()
#4 /var/www/html/cs/system/CodeIgniter.php(432): CodeIgniter\CodeIgniter->runController()
#5 /var/www/html/cs/system/CodeIgniter.php(333): CodeIgniter\CodeIgniter->handleRequest()
#6 /var/www/html/cs/public/index.php(44): CodeIgniter\CodeIgniter->run()
#7 {main}
