CRITICAL - 2021-03-25 08:33:42 --> Undefined index: foto
#0 C:\xampp\htdocs\cs\app\Controllers\Auth.php(58): CodeIgniter\Debug\Exceptions->errorHandler(8, 'Undefined index...', 'C:\\xampp\\htdocs...', 58, Array)
#1 C:\xampp\htdocs\cs\system\CodeIgniter.php(936): App\Controllers\Auth->authenticate()
#2 C:\xampp\htdocs\cs\system\CodeIgniter.php(432): CodeIgniter\CodeIgniter->runController(Object(App\Controllers\Auth))
#3 C:\xampp\htdocs\cs\system\CodeIgniter.php(333): CodeIgniter\CodeIgniter->handleRequest(NULL, Object(Config\Cache), false)
#4 C:\xampp\htdocs\cs\public\index.php(44): CodeIgniter\CodeIgniter->run()
#5 {main}
CRITICAL - 2021-03-25 10:56:08 --> Undefined index: foto
#0 C:\xampp\htdocs\cs\app\Controllers\Auth.php(58): CodeIgniter\Debug\Exceptions->errorHandler(8, 'Undefined index...', 'C:\\xampp\\htdocs...', 58, Array)
#1 C:\xampp\htdocs\cs\system\CodeIgniter.php(936): App\Controllers\Auth->authenticate()
#2 C:\xampp\htdocs\cs\system\CodeIgniter.php(432): CodeIgniter\CodeIgniter->runController(Object(App\Controllers\Auth))
#3 C:\xampp\htdocs\cs\system\CodeIgniter.php(333): CodeIgniter\CodeIgniter->handleRequest(NULL, Object(Config\Cache), false)
#4 C:\xampp\htdocs\cs\public\index.php(44): CodeIgniter\CodeIgniter->run()
#5 {main}
CRITICAL - 2021-03-25 11:04:28 --> Undefined index: foto
#0 C:\xampp\htdocs\cs\app\Controllers\Auth.php(58): CodeIgniter\Debug\Exceptions->errorHandler(8, 'Undefined index...', 'C:\\xampp\\htdocs...', 58, Array)
#1 C:\xampp\htdocs\cs\system\CodeIgniter.php(936): App\Controllers\Auth->authenticate()
#2 C:\xampp\htdocs\cs\system\CodeIgniter.php(432): CodeIgniter\CodeIgniter->runController(Object(App\Controllers\Auth))
#3 C:\xampp\htdocs\cs\system\CodeIgniter.php(333): CodeIgniter\CodeIgniter->handleRequest(NULL, Object(Config\Cache), false)
#4 C:\xampp\htdocs\cs\public\index.php(44): CodeIgniter\CodeIgniter->run()
#5 {main}
ERROR - 2021-03-25 12:01:36 --> mysqli_sql_exception: You have an error in your SQL syntax; check the manual that corresponds to your MariaDB server version for the right syntax to use near '= 2' at line 3 in C:\xampp\htdocs\cs\system\Database\MySQLi\Connection.php:314
Stack trace:
#0 C:\xampp\htdocs\cs\system\Database\MySQLi\Connection.php(314): mysqli->query('SELECT *\nFROM `...')
#1 C:\xampp\htdocs\cs\system\Database\BaseConnection.php(713): CodeIgniter\Database\MySQLi\Connection->execute('SELECT *\nFROM `...')
#2 C:\xampp\htdocs\cs\system\Database\BaseConnection.php(641): CodeIgniter\Database\BaseConnection->simpleQuery('SELECT *\nFROM `...')
#3 C:\xampp\htdocs\cs\system\Database\BaseBuilder.php(1866): CodeIgniter\Database\BaseConnection->query('SELECT *\nFROM `...', Array, false)
#4 C:\xampp\htdocs\cs\app\Models\ListarCitaModel.php(62): CodeIgniter\Database\BaseBuilder->get()
#5 C:\xampp\htdocs\cs\app\Controllers\ListarCita.php(65): App\Models\ListarCitaModel->listar_odontologo1()
#6 C:\xampp\htdocs\cs\system\CodeIgniter.php(936): App\Controllers\ListarCita->listar_odontologo1()
#7 C:\xampp\htdocs\cs\system\CodeIgniter.php(432): CodeIgniter\CodeIgniter->runController(Object(App\Controllers\ListarCita))
#8 C:\xampp\htdocs\cs\system\CodeIgniter.php(333): CodeIgniter\CodeIgniter->handleRequest(NULL, Object(Config\Cache), false)
#9 C:\xampp\htdocs\cs\public\index.php(44): CodeIgniter\CodeIgniter->run()
#10 {main}
CRITICAL - 2021-03-25 12:01:36 --> You have an error in your SQL syntax; check the manual that corresponds to your MariaDB server version for the right syntax to use near '= 2' at line 3
#0 C:\xampp\htdocs\cs\system\Database\MySQLi\Connection.php(314): mysqli->query('SELECT *\nFROM `...')
#1 C:\xampp\htdocs\cs\system\Database\BaseConnection.php(713): CodeIgniter\Database\MySQLi\Connection->execute('SELECT *\nFROM `...')
#2 C:\xampp\htdocs\cs\system\Database\BaseConnection.php(641): CodeIgniter\Database\BaseConnection->simpleQuery('SELECT *\nFROM `...')
#3 C:\xampp\htdocs\cs\system\Database\BaseBuilder.php(1866): CodeIgniter\Database\BaseConnection->query('SELECT *\nFROM `...', Array, false)
#4 C:\xampp\htdocs\cs\app\Models\ListarCitaModel.php(62): CodeIgniter\Database\BaseBuilder->get()
#5 C:\xampp\htdocs\cs\app\Controllers\ListarCita.php(65): App\Models\ListarCitaModel->listar_odontologo1()
#6 C:\xampp\htdocs\cs\system\CodeIgniter.php(936): App\Controllers\ListarCita->listar_odontologo1()
#7 C:\xampp\htdocs\cs\system\CodeIgniter.php(432): CodeIgniter\CodeIgniter->runController(Object(App\Controllers\ListarCita))
#8 C:\xampp\htdocs\cs\system\CodeIgniter.php(333): CodeIgniter\CodeIgniter->handleRequest(NULL, Object(Config\Cache), false)
#9 C:\xampp\htdocs\cs\public\index.php(44): CodeIgniter\CodeIgniter->run()
#10 {main}
CRITICAL - 2021-03-25 12:21:31 --> json_encode() expects at least 1 parameter, 0 given
#0 [internal function]: CodeIgniter\Debug\Exceptions->errorHandler(2, 'json_encode() e...', 'C:\\xampp\\htdocs...', 66, Array)
#1 C:\xampp\htdocs\cs\app\Controllers\ListarCita.php(66): json_encode()
#2 C:\xampp\htdocs\cs\system\CodeIgniter.php(936): App\Controllers\ListarCita->listar_odontologo1()
#3 C:\xampp\htdocs\cs\system\CodeIgniter.php(432): CodeIgniter\CodeIgniter->runController(Object(App\Controllers\ListarCita))
#4 C:\xampp\htdocs\cs\system\CodeIgniter.php(333): CodeIgniter\CodeIgniter->handleRequest(NULL, Object(Config\Cache), false)
#5 C:\xampp\htdocs\cs\public\index.php(44): CodeIgniter\CodeIgniter->run()
#6 {main}
CRITICAL - 2021-03-25 12:23:07 --> Undefined variable: respueta
#0 C:\xampp\htdocs\cs\app\Controllers\ListarCita.php(66): CodeIgniter\Debug\Exceptions->errorHandler(8, 'Undefined varia...', 'C:\\xampp\\htdocs...', 66, Array)
#1 C:\xampp\htdocs\cs\system\CodeIgniter.php(936): App\Controllers\ListarCita->listar_odontologo1()
#2 C:\xampp\htdocs\cs\system\CodeIgniter.php(432): CodeIgniter\CodeIgniter->runController(Object(App\Controllers\ListarCita))
#3 C:\xampp\htdocs\cs\system\CodeIgniter.php(333): CodeIgniter\CodeIgniter->handleRequest(NULL, Object(Config\Cache), false)
#4 C:\xampp\htdocs\cs\public\index.php(44): CodeIgniter\CodeIgniter->run()
#5 {main}
