CRITICAL - 2021-03-24 09:17:52 --> Undefined index: foto
#0 C:\xampp\htdocs\cs\app\Controllers\Auth.php(58): CodeIgniter\Debug\Exceptions->errorHandler(8, 'Undefined index...', 'C:\\xampp\\htdocs...', 58, Array)
#1 C:\xampp\htdocs\cs\system\CodeIgniter.php(936): App\Controllers\Auth->authenticate()
#2 C:\xampp\htdocs\cs\system\CodeIgniter.php(432): CodeIgniter\CodeIgniter->runController(Object(App\Controllers\Auth))
#3 C:\xampp\htdocs\cs\system\CodeIgniter.php(333): CodeIgniter\CodeIgniter->handleRequest(NULL, Object(Config\Cache), false)
#4 C:\xampp\htdocs\cs\public\index.php(44): CodeIgniter\CodeIgniter->run()
#5 {main}
CRITICAL - 2021-03-24 09:28:00 --> SQLSTATE[42S22]: Column not found: 1054 Unknown column 'hora' in 'field list'
#0 C:\xampp\htdocs\cs\app\Libraries\Ssp.php(465): PDOStatement->execute()
#1 C:\xampp\htdocs\cs\app\Libraries\Ssp.php(367): App\Libraries\Ssp::sql_exec(Object(PDO), Array, 'SELECT `id_cita...')
#2 C:\xampp\htdocs\cs\app\Controllers\GestionarCita.php(56): App\Libraries\Ssp::complex(Array, Array, 'sp_view_cita', 'id_cita', Array, 'estado=1')
#3 C:\xampp\htdocs\cs\system\CodeIgniter.php(936): App\Controllers\GestionarCita->ajaxListarCitas()
#4 C:\xampp\htdocs\cs\system\CodeIgniter.php(432): CodeIgniter\CodeIgniter->runController(Object(App\Controllers\GestionarCita))
#5 C:\xampp\htdocs\cs\system\CodeIgniter.php(333): CodeIgniter\CodeIgniter->handleRequest(NULL, Object(Config\Cache), false)
#6 C:\xampp\htdocs\cs\public\index.php(44): CodeIgniter\CodeIgniter->run()
#7 {main}
CRITICAL - 2021-03-24 15:10:42 --> Undefined index: foto
#0 C:\xampp\htdocs\cs\app\Controllers\Auth.php(58): CodeIgniter\Debug\Exceptions->errorHandler(8, 'Undefined index...', 'C:\\xampp\\htdocs...', 58, Array)
#1 C:\xampp\htdocs\cs\system\CodeIgniter.php(936): App\Controllers\Auth->authenticate()
#2 C:\xampp\htdocs\cs\system\CodeIgniter.php(432): CodeIgniter\CodeIgniter->runController(Object(App\Controllers\Auth))
#3 C:\xampp\htdocs\cs\system\CodeIgniter.php(333): CodeIgniter\CodeIgniter->handleRequest(NULL, Object(Config\Cache), false)
#4 C:\xampp\htdocs\cs\public\index.php(44): CodeIgniter\CodeIgniter->run()
#5 {main}
CRITICAL - 2021-03-24 16:03:07 --> Call to undefined method App\Models\ListarCitaModel::listar_paciente()
#0 C:\xampp\htdocs\cs\system\CodeIgniter.php(936): App\Controllers\ListarCita->index()
#1 C:\xampp\htdocs\cs\system\CodeIgniter.php(432): CodeIgniter\CodeIgniter->runController(Object(App\Controllers\ListarCita))
#2 C:\xampp\htdocs\cs\system\CodeIgniter.php(333): CodeIgniter\CodeIgniter->handleRequest(NULL, Object(Config\Cache), false)
#3 C:\xampp\htdocs\cs\public\index.php(44): CodeIgniter\CodeIgniter->run()
#4 {main}
CRITICAL - 2021-03-24 19:00:43 --> Call to undefined method App\Models\ListarCitaModel::getEvents()
#0 C:\xampp\htdocs\cs\system\CodeIgniter.php(936): App\Controllers\ListarCita->listar_odontologo1()
#1 C:\xampp\htdocs\cs\system\CodeIgniter.php(432): CodeIgniter\CodeIgniter->runController(Object(App\Controllers\ListarCita))
#2 C:\xampp\htdocs\cs\system\CodeIgniter.php(333): CodeIgniter\CodeIgniter->handleRequest(NULL, Object(Config\Cache), false)
#3 C:\xampp\htdocs\cs\public\index.php(44): CodeIgniter\CodeIgniter->run()
#4 {main}
CRITICAL - 2021-03-24 19:04:25 --> Call to undefined method App\Models\ListarCitaModel::getEvents()
#0 C:\xampp\htdocs\cs\system\CodeIgniter.php(936): App\Controllers\ListarCita->listar_odontologo1()
#1 C:\xampp\htdocs\cs\system\CodeIgniter.php(432): CodeIgniter\CodeIgniter->runController(Object(App\Controllers\ListarCita))
#2 C:\xampp\htdocs\cs\system\CodeIgniter.php(333): CodeIgniter\CodeIgniter->handleRequest(NULL, Object(Config\Cache), false)
#3 C:\xampp\htdocs\cs\public\index.php(44): CodeIgniter\CodeIgniter->run()
#4 {main}
ERROR - 2021-03-24 20:47:45 --> Error connecting to the database: MySQL server has gone away
CRITICAL - 2021-03-24 20:47:45 --> Unable to connect to the database.
#0 C:\xampp\htdocs\cs\system\Database\BaseConnection.php(618): CodeIgniter\Database\BaseConnection->initialize()
#1 C:\xampp\htdocs\cs\system\Database\BaseBuilder.php(1866): CodeIgniter\Database\BaseConnection->query('SELECT *\nFROM `...', Array, false)
#2 C:\xampp\htdocs\cs\app\Models\Querys.php(32): CodeIgniter\Database\BaseBuilder->get()
#3 C:\xampp\htdocs\cs\app\Helpers\SanPedro_helper.php(10): App\Models\Querys->verifyUser(Array)
#4 C:\xampp\htdocs\cs\app\Controllers\BaseController.php(56): authenticated()
#5 C:\xampp\htdocs\cs\system\CodeIgniter.php(909): App\Controllers\BaseController->initController(Object(CodeIgniter\HTTP\IncomingRequest), Object(CodeIgniter\HTTP\Response), Object(CodeIgniter\Log\Logger))
#6 C:\xampp\htdocs\cs\system\CodeIgniter.php(422): CodeIgniter\CodeIgniter->createController()
#7 C:\xampp\htdocs\cs\system\CodeIgniter.php(333): CodeIgniter\CodeIgniter->handleRequest(NULL, Object(Config\Cache), false)
#8 C:\xampp\htdocs\cs\public\index.php(44): CodeIgniter\CodeIgniter->run()
#9 {main}
CRITICAL - 2021-03-24 22:23:08 --> is_null() expects exactly 1 parameter, 0 given
#0 [internal function]: CodeIgniter\Debug\Exceptions->errorHandler(2, 'is_null() expec...', 'C:\\xampp\\htdocs...', 59, Array)
#1 C:\xampp\htdocs\cs\app\Models\ListarCitaModel.php(59): is_null()
#2 C:\xampp\htdocs\cs\app\Controllers\ListarCita.php(64): App\Models\ListarCitaModel->listar_odontologo1()
#3 C:\xampp\htdocs\cs\system\CodeIgniter.php(936): App\Controllers\ListarCita->listar_odontologo1()
#4 C:\xampp\htdocs\cs\system\CodeIgniter.php(432): CodeIgniter\CodeIgniter->runController(Object(App\Controllers\ListarCita))
#5 C:\xampp\htdocs\cs\system\CodeIgniter.php(333): CodeIgniter\CodeIgniter->handleRequest(NULL, Object(Config\Cache), false)
#6 C:\xampp\htdocs\cs\public\index.php(44): CodeIgniter\CodeIgniter->run()
#7 {main}
CRITICAL - 2021-03-24 22:23:37 --> is_null() expects exactly 1 parameter, 0 given
#0 [internal function]: CodeIgniter\Debug\Exceptions->errorHandler(2, 'is_null() expec...', 'C:\\xampp\\htdocs...', 59, Array)
#1 C:\xampp\htdocs\cs\app\Models\ListarCitaModel.php(59): is_null()
#2 C:\xampp\htdocs\cs\app\Controllers\ListarCita.php(64): App\Models\ListarCitaModel->listar_odontologo1()
#3 C:\xampp\htdocs\cs\system\CodeIgniter.php(936): App\Controllers\ListarCita->listar_odontologo1()
#4 C:\xampp\htdocs\cs\system\CodeIgniter.php(432): CodeIgniter\CodeIgniter->runController(Object(App\Controllers\ListarCita))
#5 C:\xampp\htdocs\cs\system\CodeIgniter.php(333): CodeIgniter\CodeIgniter->handleRequest(NULL, Object(Config\Cache), false)
#6 C:\xampp\htdocs\cs\public\index.php(44): CodeIgniter\CodeIgniter->run()
#7 {main}
CRITICAL - 2021-03-24 22:25:34 --> Too few arguments to function App\Models\ListarCitaModel::listar_odontologo1(), 0 passed in C:\xampp\htdocs\cs\app\Controllers\ListarCita.php on line 64 and exactly 1 expected
#0 C:\xampp\htdocs\cs\app\Controllers\ListarCita.php(64): App\Models\ListarCitaModel->listar_odontologo1()
#1 C:\xampp\htdocs\cs\system\CodeIgniter.php(936): App\Controllers\ListarCita->listar_odontologo1()
#2 C:\xampp\htdocs\cs\system\CodeIgniter.php(432): CodeIgniter\CodeIgniter->runController(Object(App\Controllers\ListarCita))
#3 C:\xampp\htdocs\cs\system\CodeIgniter.php(333): CodeIgniter\CodeIgniter->handleRequest(NULL, Object(Config\Cache), false)
#4 C:\xampp\htdocs\cs\public\index.php(44): CodeIgniter\CodeIgniter->run()
#5 {main}
CRITICAL - 2021-03-24 22:25:57 --> Too few arguments to function App\Models\ListarCitaModel::listar_odontologo1(), 0 passed in C:\xampp\htdocs\cs\app\Controllers\ListarCita.php on line 64 and exactly 1 expected
#0 C:\xampp\htdocs\cs\app\Controllers\ListarCita.php(64): App\Models\ListarCitaModel->listar_odontologo1()
#1 C:\xampp\htdocs\cs\system\CodeIgniter.php(936): App\Controllers\ListarCita->listar_odontologo1()
#2 C:\xampp\htdocs\cs\system\CodeIgniter.php(432): CodeIgniter\CodeIgniter->runController(Object(App\Controllers\ListarCita))
#3 C:\xampp\htdocs\cs\system\CodeIgniter.php(333): CodeIgniter\CodeIgniter->handleRequest(NULL, Object(Config\Cache), false)
#4 C:\xampp\htdocs\cs\public\index.php(44): CodeIgniter\CodeIgniter->run()
#5 {main}
CRITICAL - 2021-03-24 22:27:32 --> Undefined variable: id
#0 C:\xampp\htdocs\cs\app\Controllers\ListarCita.php(64): CodeIgniter\Debug\Exceptions->errorHandler(8, 'Undefined varia...', 'C:\\xampp\\htdocs...', 64, Array)
#1 C:\xampp\htdocs\cs\system\CodeIgniter.php(936): App\Controllers\ListarCita->listar_odontologo1()
#2 C:\xampp\htdocs\cs\system\CodeIgniter.php(432): CodeIgniter\CodeIgniter->runController(Object(App\Controllers\ListarCita))
#3 C:\xampp\htdocs\cs\system\CodeIgniter.php(333): CodeIgniter\CodeIgniter->handleRequest(NULL, Object(Config\Cache), false)
#4 C:\xampp\htdocs\cs\public\index.php(44): CodeIgniter\CodeIgniter->run()
#5 {main}
CRITICAL - 2021-03-24 22:34:42 --> Call to undefined function App\Controllers\getPos()
#0 C:\xampp\htdocs\cs\system\CodeIgniter.php(936): App\Controllers\ListarCita->listar_odontologo1()
#1 C:\xampp\htdocs\cs\system\CodeIgniter.php(432): CodeIgniter\CodeIgniter->runController(Object(App\Controllers\ListarCita))
#2 C:\xampp\htdocs\cs\system\CodeIgniter.php(333): CodeIgniter\CodeIgniter->handleRequest(NULL, Object(Config\Cache), false)
#3 C:\xampp\htdocs\cs\public\index.php(44): CodeIgniter\CodeIgniter->run()
#4 {main}
CRITICAL - 2021-03-24 22:37:02 --> Call to undefined function App\Controllers\getPost()
#0 C:\xampp\htdocs\cs\system\CodeIgniter.php(936): App\Controllers\ListarCita->listar_odontologo1()
#1 C:\xampp\htdocs\cs\system\CodeIgniter.php(432): CodeIgniter\CodeIgniter->runController(Object(App\Controllers\ListarCita))
#2 C:\xampp\htdocs\cs\system\CodeIgniter.php(333): CodeIgniter\CodeIgniter->handleRequest(NULL, Object(Config\Cache), false)
#3 C:\xampp\htdocs\cs\public\index.php(44): CodeIgniter\CodeIgniter->run()
#4 {main}
CRITICAL - 2021-03-24 22:40:38 --> Call to undefined function App\Controllers\getPost()
#0 C:\xampp\htdocs\cs\system\CodeIgniter.php(936): App\Controllers\ListarCita->listar_odontologo1()
#1 C:\xampp\htdocs\cs\system\CodeIgniter.php(432): CodeIgniter\CodeIgniter->runController(Object(App\Controllers\ListarCita))
#2 C:\xampp\htdocs\cs\system\CodeIgniter.php(333): CodeIgniter\CodeIgniter->handleRequest(NULL, Object(Config\Cache), false)
#3 C:\xampp\htdocs\cs\public\index.php(44): CodeIgniter\CodeIgniter->run()
#4 {main}
CRITICAL - 2021-03-24 22:41:47 --> Call to undefined method App\Models\ListarCitaModel::getEvents()
#0 C:\xampp\htdocs\cs\system\CodeIgniter.php(936): App\Controllers\ListarCita->listar_odontologo1()
#1 C:\xampp\htdocs\cs\system\CodeIgniter.php(432): CodeIgniter\CodeIgniter->runController(Object(App\Controllers\ListarCita))
#2 C:\xampp\htdocs\cs\system\CodeIgniter.php(333): CodeIgniter\CodeIgniter->handleRequest(NULL, Object(Config\Cache), false)
#3 C:\xampp\htdocs\cs\public\index.php(44): CodeIgniter\CodeIgniter->run()
#4 {main}
CRITICAL - 2021-03-24 22:49:30 --> is_null() expects exactly 1 parameter, 0 given
#0 [internal function]: CodeIgniter\Debug\Exceptions->errorHandler(2, 'is_null() expec...', 'C:\\xampp\\htdocs...', 59, Array)
#1 C:\xampp\htdocs\cs\app\Models\ListarCitaModel.php(59): is_null()
#2 C:\xampp\htdocs\cs\app\Controllers\ListarCita.php(64): App\Models\ListarCitaModel->listar_odontologo1(NULL)
#3 C:\xampp\htdocs\cs\system\CodeIgniter.php(936): App\Controllers\ListarCita->listar_odontologo1()
#4 C:\xampp\htdocs\cs\system\CodeIgniter.php(432): CodeIgniter\CodeIgniter->runController(Object(App\Controllers\ListarCita))
#5 C:\xampp\htdocs\cs\system\CodeIgniter.php(333): CodeIgniter\CodeIgniter->handleRequest(NULL, Object(Config\Cache), false)
#6 C:\xampp\htdocs\cs\public\index.php(44): CodeIgniter\CodeIgniter->run()
#7 {main}
CRITICAL - 2021-03-24 22:49:46 --> is_null() expects exactly 1 parameter, 0 given
#0 [internal function]: CodeIgniter\Debug\Exceptions->errorHandler(2, 'is_null() expec...', 'C:\\xampp\\htdocs...', 59, Array)
#1 C:\xampp\htdocs\cs\app\Models\ListarCitaModel.php(59): is_null()
#2 C:\xampp\htdocs\cs\app\Controllers\ListarCita.php(64): App\Models\ListarCitaModel->listar_odontologo1(NULL)
#3 C:\xampp\htdocs\cs\system\CodeIgniter.php(936): App\Controllers\ListarCita->listar_odontologo1()
#4 C:\xampp\htdocs\cs\system\CodeIgniter.php(432): CodeIgniter\CodeIgniter->runController(Object(App\Controllers\ListarCita))
#5 C:\xampp\htdocs\cs\system\CodeIgniter.php(333): CodeIgniter\CodeIgniter->handleRequest(NULL, Object(Config\Cache), false)
#6 C:\xampp\htdocs\cs\public\index.php(44): CodeIgniter\CodeIgniter->run()
#7 {main}
CRITICAL - 2021-03-24 22:51:34 --> is_null() expects exactly 1 parameter, 0 given
#0 [internal function]: CodeIgniter\Debug\Exceptions->errorHandler(2, 'is_null() expec...', 'C:\\xampp\\htdocs...', 59, Array)
#1 C:\xampp\htdocs\cs\app\Models\ListarCitaModel.php(59): is_null()
#2 C:\xampp\htdocs\cs\app\Controllers\ListarCita.php(64): App\Models\ListarCitaModel->listar_odontologo1(NULL)
#3 C:\xampp\htdocs\cs\system\CodeIgniter.php(936): App\Controllers\ListarCita->listar_odontologo1()
#4 C:\xampp\htdocs\cs\system\CodeIgniter.php(432): CodeIgniter\CodeIgniter->runController(Object(App\Controllers\ListarCita))
#5 C:\xampp\htdocs\cs\system\CodeIgniter.php(333): CodeIgniter\CodeIgniter->handleRequest(NULL, Object(Config\Cache), false)
#6 C:\xampp\htdocs\cs\public\index.php(44): CodeIgniter\CodeIgniter->run()
#7 {main}
CRITICAL - 2021-03-24 22:53:42 --> Undefined variable: id
#0 C:\xampp\htdocs\cs\app\Models\ListarCitaModel.php(59): CodeIgniter\Debug\Exceptions->errorHandler(8, 'Undefined varia...', 'C:\\xampp\\htdocs...', 59, Array)
#1 C:\xampp\htdocs\cs\app\Controllers\ListarCita.php(64): App\Models\ListarCitaModel->listar_odontologo1(NULL)
#2 C:\xampp\htdocs\cs\system\CodeIgniter.php(936): App\Controllers\ListarCita->listar_odontologo1()
#3 C:\xampp\htdocs\cs\system\CodeIgniter.php(432): CodeIgniter\CodeIgniter->runController(Object(App\Controllers\ListarCita))
#4 C:\xampp\htdocs\cs\system\CodeIgniter.php(333): CodeIgniter\CodeIgniter->handleRequest(NULL, Object(Config\Cache), false)
#5 C:\xampp\htdocs\cs\public\index.php(44): CodeIgniter\CodeIgniter->run()
#6 {main}
