CRITICAL - 2021-05-16 15:18:05 --> requerid is not a valid rule.
#0 C:\xampp\htdocs\cs\system\Validation\Validation.php(314): CodeIgniter\Validation\Exceptions\ValidationException::forRuleNotFound('requerid')
#1 C:\xampp\htdocs\cs\system\Validation\Validation.php(164): CodeIgniter\Validation\Validation->processRules('sexo', 'sexo', 'masculino', Array, Array)
#2 C:\xampp\htdocs\cs\system\Controller.php(181): CodeIgniter\Validation\Validation->run()
#3 C:\xampp\htdocs\cs\app\Controllers\Paciente.php(241): CodeIgniter\Controller->validate(Array, Array)
#4 C:\xampp\htdocs\cs\system\CodeIgniter.php(936): App\Controllers\Paciente->guardar_paciente()
#5 C:\xampp\htdocs\cs\system\CodeIgniter.php(432): CodeIgniter\CodeIgniter->runController(Object(App\Controllers\Paciente))
#6 C:\xampp\htdocs\cs\system\CodeIgniter.php(333): CodeIgniter\CodeIgniter->handleRequest(NULL, Object(Config\Cache), false)
#7 C:\xampp\htdocs\cs\public\index.php(44): CodeIgniter\CodeIgniter->run()
#8 {main}
CRITICAL - 2021-05-16 15:18:39 --> requerid is not a valid rule.
#0 C:\xampp\htdocs\cs\system\Validation\Validation.php(314): CodeIgniter\Validation\Exceptions\ValidationException::forRuleNotFound('requerid')
#1 C:\xampp\htdocs\cs\system\Validation\Validation.php(164): CodeIgniter\Validation\Validation->processRules('sexo', 'sexo', 'masculino', Array, Array)
#2 C:\xampp\htdocs\cs\system\Controller.php(181): CodeIgniter\Validation\Validation->run()
#3 C:\xampp\htdocs\cs\app\Controllers\Paciente.php(241): CodeIgniter\Controller->validate(Array, Array)
#4 C:\xampp\htdocs\cs\system\CodeIgniter.php(936): App\Controllers\Paciente->guardar_paciente()
#5 C:\xampp\htdocs\cs\system\CodeIgniter.php(432): CodeIgniter\CodeIgniter->runController(Object(App\Controllers\Paciente))
#6 C:\xampp\htdocs\cs\system\CodeIgniter.php(333): CodeIgniter\CodeIgniter->handleRequest(NULL, Object(Config\Cache), false)
#7 C:\xampp\htdocs\cs\public\index.php(44): CodeIgniter\CodeIgniter->run()
#8 {main}
CRITICAL - 2021-05-16 15:34:58 --> requerid is not a valid rule.
#0 C:\xampp\htdocs\cs\system\Validation\Validation.php(314): CodeIgniter\Validation\Exceptions\ValidationException::forRuleNotFound('requerid')
#1 C:\xampp\htdocs\cs\system\Validation\Validation.php(164): CodeIgniter\Validation\Validation->processRules('sexo', 'sexo', 'masculino', Array, Array)
#2 C:\xampp\htdocs\cs\system\Controller.php(181): CodeIgniter\Validation\Validation->run()
#3 C:\xampp\htdocs\cs\app\Controllers\Paciente.php(240): CodeIgniter\Controller->validate(Array, Array)
#4 C:\xampp\htdocs\cs\system\CodeIgniter.php(936): App\Controllers\Paciente->guardar_paciente()
#5 C:\xampp\htdocs\cs\system\CodeIgniter.php(432): CodeIgniter\CodeIgniter->runController(Object(App\Controllers\Paciente))
#6 C:\xampp\htdocs\cs\system\CodeIgniter.php(333): CodeIgniter\CodeIgniter->handleRequest(NULL, Object(Config\Cache), false)
#7 C:\xampp\htdocs\cs\public\index.php(44): CodeIgniter\CodeIgniter->run()
#8 {main}
CRITICAL - 2021-05-16 16:13:18 --> requerid is not a valid rule.
#0 C:\xampp\htdocs\cs\system\Validation\Validation.php(314): CodeIgniter\Validation\Exceptions\ValidationException::forRuleNotFound('requerid')
#1 C:\xampp\htdocs\cs\system\Validation\Validation.php(164): CodeIgniter\Validation\Validation->processRules('sexo', 'sexo', NULL, Array, Array)
#2 C:\xampp\htdocs\cs\system\Controller.php(181): CodeIgniter\Validation\Validation->run()
#3 C:\xampp\htdocs\cs\app\Controllers\Paciente.php(240): CodeIgniter\Controller->validate(Array, Array)
#4 C:\xampp\htdocs\cs\system\CodeIgniter.php(936): App\Controllers\Paciente->guardar_paciente()
#5 C:\xampp\htdocs\cs\system\CodeIgniter.php(432): CodeIgniter\CodeIgniter->runController(Object(App\Controllers\Paciente))
#6 C:\xampp\htdocs\cs\system\CodeIgniter.php(333): CodeIgniter\CodeIgniter->handleRequest(NULL, Object(Config\Cache), false)
#7 C:\xampp\htdocs\cs\public\index.php(44): CodeIgniter\CodeIgniter->run()
#8 {main}
CRITICAL - 2021-05-16 16:50:06 --> requerid is not a valid rule.
#0 C:\xampp\htdocs\cs\system\Validation\Validation.php(314): CodeIgniter\Validation\Exceptions\ValidationException::forRuleNotFound('requerid')
#1 C:\xampp\htdocs\cs\system\Validation\Validation.php(164): CodeIgniter\Validation\Validation->processRules('sexo', 'sexo', 'masculino', Array, Array)
#2 C:\xampp\htdocs\cs\system\Controller.php(181): CodeIgniter\Validation\Validation->run()
#3 C:\xampp\htdocs\cs\app\Controllers\Paciente.php(240): CodeIgniter\Controller->validate(Array, Array)
#4 C:\xampp\htdocs\cs\system\CodeIgniter.php(936): App\Controllers\Paciente->guardar_paciente()
#5 C:\xampp\htdocs\cs\system\CodeIgniter.php(432): CodeIgniter\CodeIgniter->runController(Object(App\Controllers\Paciente))
#6 C:\xampp\htdocs\cs\system\CodeIgniter.php(333): CodeIgniter\CodeIgniter->handleRequest(NULL, Object(Config\Cache), false)
#7 C:\xampp\htdocs\cs\public\index.php(44): CodeIgniter\CodeIgniter->run()
#8 {main}
CRITICAL - 2021-05-16 16:50:10 --> requerid is not a valid rule.
#0 C:\xampp\htdocs\cs\system\Validation\Validation.php(314): CodeIgniter\Validation\Exceptions\ValidationException::forRuleNotFound('requerid')
#1 C:\xampp\htdocs\cs\system\Validation\Validation.php(164): CodeIgniter\Validation\Validation->processRules('sexo', 'sexo', 'masculino', Array, Array)
#2 C:\xampp\htdocs\cs\system\Controller.php(181): CodeIgniter\Validation\Validation->run()
#3 C:\xampp\htdocs\cs\app\Controllers\Paciente.php(240): CodeIgniter\Controller->validate(Array, Array)
#4 C:\xampp\htdocs\cs\system\CodeIgniter.php(936): App\Controllers\Paciente->guardar_paciente()
#5 C:\xampp\htdocs\cs\system\CodeIgniter.php(432): CodeIgniter\CodeIgniter->runController(Object(App\Controllers\Paciente))
#6 C:\xampp\htdocs\cs\system\CodeIgniter.php(333): CodeIgniter\CodeIgniter->handleRequest(NULL, Object(Config\Cache), false)
#7 C:\xampp\htdocs\cs\public\index.php(44): CodeIgniter\CodeIgniter->run()
#8 {main}
CRITICAL - 2021-05-16 16:50:10 --> requerid is not a valid rule.
#0 C:\xampp\htdocs\cs\system\Validation\Validation.php(314): CodeIgniter\Validation\Exceptions\ValidationException::forRuleNotFound('requerid')
#1 C:\xampp\htdocs\cs\system\Validation\Validation.php(164): CodeIgniter\Validation\Validation->processRules('sexo', 'sexo', 'masculino', Array, Array)
#2 C:\xampp\htdocs\cs\system\Controller.php(181): CodeIgniter\Validation\Validation->run()
#3 C:\xampp\htdocs\cs\app\Controllers\Paciente.php(240): CodeIgniter\Controller->validate(Array, Array)
#4 C:\xampp\htdocs\cs\system\CodeIgniter.php(936): App\Controllers\Paciente->guardar_paciente()
#5 C:\xampp\htdocs\cs\system\CodeIgniter.php(432): CodeIgniter\CodeIgniter->runController(Object(App\Controllers\Paciente))
#6 C:\xampp\htdocs\cs\system\CodeIgniter.php(333): CodeIgniter\CodeIgniter->handleRequest(NULL, Object(Config\Cache), false)
#7 C:\xampp\htdocs\cs\public\index.php(44): CodeIgniter\CodeIgniter->run()
#8 {main}
CRITICAL - 2021-05-16 16:50:20 --> requerid is not a valid rule.
#0 C:\xampp\htdocs\cs\system\Validation\Validation.php(314): CodeIgniter\Validation\Exceptions\ValidationException::forRuleNotFound('requerid')
#1 C:\xampp\htdocs\cs\system\Validation\Validation.php(164): CodeIgniter\Validation\Validation->processRules('sexo', 'sexo', 'masculino', Array, Array)
#2 C:\xampp\htdocs\cs\system\Controller.php(181): CodeIgniter\Validation\Validation->run()
#3 C:\xampp\htdocs\cs\app\Controllers\Paciente.php(240): CodeIgniter\Controller->validate(Array, Array)
#4 C:\xampp\htdocs\cs\system\CodeIgniter.php(936): App\Controllers\Paciente->guardar_paciente()
#5 C:\xampp\htdocs\cs\system\CodeIgniter.php(432): CodeIgniter\CodeIgniter->runController(Object(App\Controllers\Paciente))
#6 C:\xampp\htdocs\cs\system\CodeIgniter.php(333): CodeIgniter\CodeIgniter->handleRequest(NULL, Object(Config\Cache), false)
#7 C:\xampp\htdocs\cs\public\index.php(44): CodeIgniter\CodeIgniter->run()
#8 {main}
CRITICAL - 2021-05-16 16:50:20 --> requerid is not a valid rule.
#0 C:\xampp\htdocs\cs\system\Validation\Validation.php(314): CodeIgniter\Validation\Exceptions\ValidationException::forRuleNotFound('requerid')
#1 C:\xampp\htdocs\cs\system\Validation\Validation.php(164): CodeIgniter\Validation\Validation->processRules('sexo', 'sexo', 'masculino', Array, Array)
#2 C:\xampp\htdocs\cs\system\Controller.php(181): CodeIgniter\Validation\Validation->run()
#3 C:\xampp\htdocs\cs\app\Controllers\Paciente.php(240): CodeIgniter\Controller->validate(Array, Array)
#4 C:\xampp\htdocs\cs\system\CodeIgniter.php(936): App\Controllers\Paciente->guardar_paciente()
#5 C:\xampp\htdocs\cs\system\CodeIgniter.php(432): CodeIgniter\CodeIgniter->runController(Object(App\Controllers\Paciente))
#6 C:\xampp\htdocs\cs\system\CodeIgniter.php(333): CodeIgniter\CodeIgniter->handleRequest(NULL, Object(Config\Cache), false)
#7 C:\xampp\htdocs\cs\public\index.php(44): CodeIgniter\CodeIgniter->run()
#8 {main}
CRITICAL - 2021-05-16 16:50:20 --> requerid is not a valid rule.
#0 C:\xampp\htdocs\cs\system\Validation\Validation.php(314): CodeIgniter\Validation\Exceptions\ValidationException::forRuleNotFound('requerid')
#1 C:\xampp\htdocs\cs\system\Validation\Validation.php(164): CodeIgniter\Validation\Validation->processRules('sexo', 'sexo', 'masculino', Array, Array)
#2 C:\xampp\htdocs\cs\system\Controller.php(181): CodeIgniter\Validation\Validation->run()
#3 C:\xampp\htdocs\cs\app\Controllers\Paciente.php(240): CodeIgniter\Controller->validate(Array, Array)
#4 C:\xampp\htdocs\cs\system\CodeIgniter.php(936): App\Controllers\Paciente->guardar_paciente()
#5 C:\xampp\htdocs\cs\system\CodeIgniter.php(432): CodeIgniter\CodeIgniter->runController(Object(App\Controllers\Paciente))
#6 C:\xampp\htdocs\cs\system\CodeIgniter.php(333): CodeIgniter\CodeIgniter->handleRequest(NULL, Object(Config\Cache), false)
#7 C:\xampp\htdocs\cs\public\index.php(44): CodeIgniter\CodeIgniter->run()
#8 {main}
CRITICAL - 2021-05-16 16:50:21 --> requerid is not a valid rule.
#0 C:\xampp\htdocs\cs\system\Validation\Validation.php(314): CodeIgniter\Validation\Exceptions\ValidationException::forRuleNotFound('requerid')
#1 C:\xampp\htdocs\cs\system\Validation\Validation.php(164): CodeIgniter\Validation\Validation->processRules('sexo', 'sexo', 'masculino', Array, Array)
#2 C:\xampp\htdocs\cs\system\Controller.php(181): CodeIgniter\Validation\Validation->run()
#3 C:\xampp\htdocs\cs\app\Controllers\Paciente.php(240): CodeIgniter\Controller->validate(Array, Array)
#4 C:\xampp\htdocs\cs\system\CodeIgniter.php(936): App\Controllers\Paciente->guardar_paciente()
#5 C:\xampp\htdocs\cs\system\CodeIgniter.php(432): CodeIgniter\CodeIgniter->runController(Object(App\Controllers\Paciente))
#6 C:\xampp\htdocs\cs\system\CodeIgniter.php(333): CodeIgniter\CodeIgniter->handleRequest(NULL, Object(Config\Cache), false)
#7 C:\xampp\htdocs\cs\public\index.php(44): CodeIgniter\CodeIgniter->run()
#8 {main}
CRITICAL - 2021-05-16 16:50:21 --> requerid is not a valid rule.
#0 C:\xampp\htdocs\cs\system\Validation\Validation.php(314): CodeIgniter\Validation\Exceptions\ValidationException::forRuleNotFound('requerid')
#1 C:\xampp\htdocs\cs\system\Validation\Validation.php(164): CodeIgniter\Validation\Validation->processRules('sexo', 'sexo', 'masculino', Array, Array)
#2 C:\xampp\htdocs\cs\system\Controller.php(181): CodeIgniter\Validation\Validation->run()
#3 C:\xampp\htdocs\cs\app\Controllers\Paciente.php(240): CodeIgniter\Controller->validate(Array, Array)
#4 C:\xampp\htdocs\cs\system\CodeIgniter.php(936): App\Controllers\Paciente->guardar_paciente()
#5 C:\xampp\htdocs\cs\system\CodeIgniter.php(432): CodeIgniter\CodeIgniter->runController(Object(App\Controllers\Paciente))
#6 C:\xampp\htdocs\cs\system\CodeIgniter.php(333): CodeIgniter\CodeIgniter->handleRequest(NULL, Object(Config\Cache), false)
#7 C:\xampp\htdocs\cs\public\index.php(44): CodeIgniter\CodeIgniter->run()
#8 {main}
