CRITICAL - 2021-04-26 11:46:28 --> Undefined index: ocupaciones
#0 C:\xampp\htdocs\cs\app\Views\tratamiento\index.php(157): CodeIgniter\Debug\Exceptions->errorHandler(8, 'Undefined index...', 'C:\\xampp\\htdocs...', 157, Array)
#1 C:\xampp\htdocs\cs\system\View\View.php(220): include('C:\\xampp\\htdocs...')
#2 C:\xampp\htdocs\cs\system\View\View.php(222): CodeIgniter\View\View->CodeIgniter\View\{closure}()
#3 C:\xampp\htdocs\cs\system\Common.php(1217): CodeIgniter\View\View->render('tratamiento/ind...', Array, true)
#4 C:\xampp\htdocs\cs\app\Libraries\Templater.php(26): view('tratamiento/ind...', Array)
#5 C:\xampp\htdocs\cs\app\Controllers\Tratamiento.php(9): App\Libraries\Templater->view('tratamiento/ind...')
#6 C:\xampp\htdocs\cs\system\CodeIgniter.php(936): App\Controllers\Tratamiento->index()
#7 C:\xampp\htdocs\cs\system\CodeIgniter.php(432): CodeIgniter\CodeIgniter->runController(Object(App\Controllers\Tratamiento))
#8 C:\xampp\htdocs\cs\system\CodeIgniter.php(333): CodeIgniter\CodeIgniter->handleRequest(NULL, Object(Config\Cache), false)
#9 C:\xampp\htdocs\cs\public\index.php(44): CodeIgniter\CodeIgniter->run()
#10 {main}
CRITICAL - 2021-04-26 11:46:30 --> Undefined index: ocupaciones
#0 C:\xampp\htdocs\cs\app\Views\tratamiento\index.php(157): CodeIgniter\Debug\Exceptions->errorHandler(8, 'Undefined index...', 'C:\\xampp\\htdocs...', 157, Array)
#1 C:\xampp\htdocs\cs\system\View\View.php(220): include('C:\\xampp\\htdocs...')
#2 C:\xampp\htdocs\cs\system\View\View.php(222): CodeIgniter\View\View->CodeIgniter\View\{closure}()
#3 C:\xampp\htdocs\cs\system\Common.php(1217): CodeIgniter\View\View->render('tratamiento/ind...', Array, true)
#4 C:\xampp\htdocs\cs\app\Libraries\Templater.php(26): view('tratamiento/ind...', Array)
#5 C:\xampp\htdocs\cs\app\Controllers\Tratamiento.php(9): App\Libraries\Templater->view('tratamiento/ind...')
#6 C:\xampp\htdocs\cs\system\CodeIgniter.php(936): App\Controllers\Tratamiento->index()
#7 C:\xampp\htdocs\cs\system\CodeIgniter.php(432): CodeIgniter\CodeIgniter->runController(Object(App\Controllers\Tratamiento))
#8 C:\xampp\htdocs\cs\system\CodeIgniter.php(333): CodeIgniter\CodeIgniter->handleRequest(NULL, Object(Config\Cache), false)
#9 C:\xampp\htdocs\cs\public\index.php(44): CodeIgniter\CodeIgniter->run()
#10 {main}
CRITICAL - 2021-04-26 11:46:30 --> Undefined index: ocupaciones
#0 C:\xampp\htdocs\cs\app\Views\tratamiento\index.php(157): CodeIgniter\Debug\Exceptions->errorHandler(8, 'Undefined index...', 'C:\\xampp\\htdocs...', 157, Array)
#1 C:\xampp\htdocs\cs\system\View\View.php(220): include('C:\\xampp\\htdocs...')
#2 C:\xampp\htdocs\cs\system\View\View.php(222): CodeIgniter\View\View->CodeIgniter\View\{closure}()
#3 C:\xampp\htdocs\cs\system\Common.php(1217): CodeIgniter\View\View->render('tratamiento/ind...', Array, true)
#4 C:\xampp\htdocs\cs\app\Libraries\Templater.php(26): view('tratamiento/ind...', Array)
#5 C:\xampp\htdocs\cs\app\Controllers\Tratamiento.php(9): App\Libraries\Templater->view('tratamiento/ind...')
#6 C:\xampp\htdocs\cs\system\CodeIgniter.php(936): App\Controllers\Tratamiento->index()
#7 C:\xampp\htdocs\cs\system\CodeIgniter.php(432): CodeIgniter\CodeIgniter->runController(Object(App\Controllers\Tratamiento))
#8 C:\xampp\htdocs\cs\system\CodeIgniter.php(333): CodeIgniter\CodeIgniter->handleRequest(NULL, Object(Config\Cache), false)
#9 C:\xampp\htdocs\cs\public\index.php(44): CodeIgniter\CodeIgniter->run()
#10 {main}
CRITICAL - 2021-04-26 11:46:30 --> Undefined index: ocupaciones
#0 C:\xampp\htdocs\cs\app\Views\tratamiento\index.php(157): CodeIgniter\Debug\Exceptions->errorHandler(8, 'Undefined index...', 'C:\\xampp\\htdocs...', 157, Array)
#1 C:\xampp\htdocs\cs\system\View\View.php(220): include('C:\\xampp\\htdocs...')
#2 C:\xampp\htdocs\cs\system\View\View.php(222): CodeIgniter\View\View->CodeIgniter\View\{closure}()
#3 C:\xampp\htdocs\cs\system\Common.php(1217): CodeIgniter\View\View->render('tratamiento/ind...', Array, true)
#4 C:\xampp\htdocs\cs\app\Libraries\Templater.php(26): view('tratamiento/ind...', Array)
#5 C:\xampp\htdocs\cs\app\Controllers\Tratamiento.php(9): App\Libraries\Templater->view('tratamiento/ind...')
#6 C:\xampp\htdocs\cs\system\CodeIgniter.php(936): App\Controllers\Tratamiento->index()
#7 C:\xampp\htdocs\cs\system\CodeIgniter.php(432): CodeIgniter\CodeIgniter->runController(Object(App\Controllers\Tratamiento))
#8 C:\xampp\htdocs\cs\system\CodeIgniter.php(333): CodeIgniter\CodeIgniter->handleRequest(NULL, Object(Config\Cache), false)
#9 C:\xampp\htdocs\cs\public\index.php(44): CodeIgniter\CodeIgniter->run()
#10 {main}
CRITICAL - 2021-04-26 11:46:30 --> Undefined index: ocupaciones
#0 C:\xampp\htdocs\cs\app\Views\tratamiento\index.php(157): CodeIgniter\Debug\Exceptions->errorHandler(8, 'Undefined index...', 'C:\\xampp\\htdocs...', 157, Array)
#1 C:\xampp\htdocs\cs\system\View\View.php(220): include('C:\\xampp\\htdocs...')
#2 C:\xampp\htdocs\cs\system\View\View.php(222): CodeIgniter\View\View->CodeIgniter\View\{closure}()
#3 C:\xampp\htdocs\cs\system\Common.php(1217): CodeIgniter\View\View->render('tratamiento/ind...', Array, true)
#4 C:\xampp\htdocs\cs\app\Libraries\Templater.php(26): view('tratamiento/ind...', Array)
#5 C:\xampp\htdocs\cs\app\Controllers\Tratamiento.php(9): App\Libraries\Templater->view('tratamiento/ind...')
#6 C:\xampp\htdocs\cs\system\CodeIgniter.php(936): App\Controllers\Tratamiento->index()
#7 C:\xampp\htdocs\cs\system\CodeIgniter.php(432): CodeIgniter\CodeIgniter->runController(Object(App\Controllers\Tratamiento))
#8 C:\xampp\htdocs\cs\system\CodeIgniter.php(333): CodeIgniter\CodeIgniter->handleRequest(NULL, Object(Config\Cache), false)
#9 C:\xampp\htdocs\cs\public\index.php(44): CodeIgniter\CodeIgniter->run()
#10 {main}
CRITICAL - 2021-04-26 11:46:31 --> Undefined index: ocupaciones
#0 C:\xampp\htdocs\cs\app\Views\tratamiento\index.php(157): CodeIgniter\Debug\Exceptions->errorHandler(8, 'Undefined index...', 'C:\\xampp\\htdocs...', 157, Array)
#1 C:\xampp\htdocs\cs\system\View\View.php(220): include('C:\\xampp\\htdocs...')
#2 C:\xampp\htdocs\cs\system\View\View.php(222): CodeIgniter\View\View->CodeIgniter\View\{closure}()
#3 C:\xampp\htdocs\cs\system\Common.php(1217): CodeIgniter\View\View->render('tratamiento/ind...', Array, true)
#4 C:\xampp\htdocs\cs\app\Libraries\Templater.php(26): view('tratamiento/ind...', Array)
#5 C:\xampp\htdocs\cs\app\Controllers\Tratamiento.php(9): App\Libraries\Templater->view('tratamiento/ind...')
#6 C:\xampp\htdocs\cs\system\CodeIgniter.php(936): App\Controllers\Tratamiento->index()
#7 C:\xampp\htdocs\cs\system\CodeIgniter.php(432): CodeIgniter\CodeIgniter->runController(Object(App\Controllers\Tratamiento))
#8 C:\xampp\htdocs\cs\system\CodeIgniter.php(333): CodeIgniter\CodeIgniter->handleRequest(NULL, Object(Config\Cache), false)
#9 C:\xampp\htdocs\cs\public\index.php(44): CodeIgniter\CodeIgniter->run()
#10 {main}
CRITICAL - 2021-04-26 11:46:31 --> Undefined index: ocupaciones
#0 C:\xampp\htdocs\cs\app\Views\tratamiento\index.php(157): CodeIgniter\Debug\Exceptions->errorHandler(8, 'Undefined index...', 'C:\\xampp\\htdocs...', 157, Array)
#1 C:\xampp\htdocs\cs\system\View\View.php(220): include('C:\\xampp\\htdocs...')
#2 C:\xampp\htdocs\cs\system\View\View.php(222): CodeIgniter\View\View->CodeIgniter\View\{closure}()
#3 C:\xampp\htdocs\cs\system\Common.php(1217): CodeIgniter\View\View->render('tratamiento/ind...', Array, true)
#4 C:\xampp\htdocs\cs\app\Libraries\Templater.php(26): view('tratamiento/ind...', Array)
#5 C:\xampp\htdocs\cs\app\Controllers\Tratamiento.php(9): App\Libraries\Templater->view('tratamiento/ind...')
#6 C:\xampp\htdocs\cs\system\CodeIgniter.php(936): App\Controllers\Tratamiento->index()
#7 C:\xampp\htdocs\cs\system\CodeIgniter.php(432): CodeIgniter\CodeIgniter->runController(Object(App\Controllers\Tratamiento))
#8 C:\xampp\htdocs\cs\system\CodeIgniter.php(333): CodeIgniter\CodeIgniter->handleRequest(NULL, Object(Config\Cache), false)
#9 C:\xampp\htdocs\cs\public\index.php(44): CodeIgniter\CodeIgniter->run()
#10 {main}
CRITICAL - 2021-04-26 11:46:31 --> Undefined index: ocupaciones
#0 C:\xampp\htdocs\cs\app\Views\tratamiento\index.php(157): CodeIgniter\Debug\Exceptions->errorHandler(8, 'Undefined index...', 'C:\\xampp\\htdocs...', 157, Array)
#1 C:\xampp\htdocs\cs\system\View\View.php(220): include('C:\\xampp\\htdocs...')
#2 C:\xampp\htdocs\cs\system\View\View.php(222): CodeIgniter\View\View->CodeIgniter\View\{closure}()
#3 C:\xampp\htdocs\cs\system\Common.php(1217): CodeIgniter\View\View->render('tratamiento/ind...', Array, true)
#4 C:\xampp\htdocs\cs\app\Libraries\Templater.php(26): view('tratamiento/ind...', Array)
#5 C:\xampp\htdocs\cs\app\Controllers\Tratamiento.php(9): App\Libraries\Templater->view('tratamiento/ind...')
#6 C:\xampp\htdocs\cs\system\CodeIgniter.php(936): App\Controllers\Tratamiento->index()
#7 C:\xampp\htdocs\cs\system\CodeIgniter.php(432): CodeIgniter\CodeIgniter->runController(Object(App\Controllers\Tratamiento))
#8 C:\xampp\htdocs\cs\system\CodeIgniter.php(333): CodeIgniter\CodeIgniter->handleRequest(NULL, Object(Config\Cache), false)
#9 C:\xampp\htdocs\cs\public\index.php(44): CodeIgniter\CodeIgniter->run()
#10 {main}
CRITICAL - 2021-04-26 11:46:31 --> Undefined index: ocupaciones
#0 C:\xampp\htdocs\cs\app\Views\tratamiento\index.php(157): CodeIgniter\Debug\Exceptions->errorHandler(8, 'Undefined index...', 'C:\\xampp\\htdocs...', 157, Array)
#1 C:\xampp\htdocs\cs\system\View\View.php(220): include('C:\\xampp\\htdocs...')
#2 C:\xampp\htdocs\cs\system\View\View.php(222): CodeIgniter\View\View->CodeIgniter\View\{closure}()
#3 C:\xampp\htdocs\cs\system\Common.php(1217): CodeIgniter\View\View->render('tratamiento/ind...', Array, true)
#4 C:\xampp\htdocs\cs\app\Libraries\Templater.php(26): view('tratamiento/ind...', Array)
#5 C:\xampp\htdocs\cs\app\Controllers\Tratamiento.php(9): App\Libraries\Templater->view('tratamiento/ind...')
#6 C:\xampp\htdocs\cs\system\CodeIgniter.php(936): App\Controllers\Tratamiento->index()
#7 C:\xampp\htdocs\cs\system\CodeIgniter.php(432): CodeIgniter\CodeIgniter->runController(Object(App\Controllers\Tratamiento))
#8 C:\xampp\htdocs\cs\system\CodeIgniter.php(333): CodeIgniter\CodeIgniter->handleRequest(NULL, Object(Config\Cache), false)
#9 C:\xampp\htdocs\cs\public\index.php(44): CodeIgniter\CodeIgniter->run()
#10 {main}
CRITICAL - 2021-04-26 11:46:31 --> Undefined index: ocupaciones
#0 C:\xampp\htdocs\cs\app\Views\tratamiento\index.php(157): CodeIgniter\Debug\Exceptions->errorHandler(8, 'Undefined index...', 'C:\\xampp\\htdocs...', 157, Array)
#1 C:\xampp\htdocs\cs\system\View\View.php(220): include('C:\\xampp\\htdocs...')
#2 C:\xampp\htdocs\cs\system\View\View.php(222): CodeIgniter\View\View->CodeIgniter\View\{closure}()
#3 C:\xampp\htdocs\cs\system\Common.php(1217): CodeIgniter\View\View->render('tratamiento/ind...', Array, true)
#4 C:\xampp\htdocs\cs\app\Libraries\Templater.php(26): view('tratamiento/ind...', Array)
#5 C:\xampp\htdocs\cs\app\Controllers\Tratamiento.php(9): App\Libraries\Templater->view('tratamiento/ind...')
#6 C:\xampp\htdocs\cs\system\CodeIgniter.php(936): App\Controllers\Tratamiento->index()
#7 C:\xampp\htdocs\cs\system\CodeIgniter.php(432): CodeIgniter\CodeIgniter->runController(Object(App\Controllers\Tratamiento))
#8 C:\xampp\htdocs\cs\system\CodeIgniter.php(333): CodeIgniter\CodeIgniter->handleRequest(NULL, Object(Config\Cache), false)
#9 C:\xampp\htdocs\cs\public\index.php(44): CodeIgniter\CodeIgniter->run()
#10 {main}
CRITICAL - 2021-04-26 11:46:32 --> Undefined index: ocupaciones
#0 C:\xampp\htdocs\cs\app\Views\tratamiento\index.php(157): CodeIgniter\Debug\Exceptions->errorHandler(8, 'Undefined index...', 'C:\\xampp\\htdocs...', 157, Array)
#1 C:\xampp\htdocs\cs\system\View\View.php(220): include('C:\\xampp\\htdocs...')
#2 C:\xampp\htdocs\cs\system\View\View.php(222): CodeIgniter\View\View->CodeIgniter\View\{closure}()
#3 C:\xampp\htdocs\cs\system\Common.php(1217): CodeIgniter\View\View->render('tratamiento/ind...', Array, true)
#4 C:\xampp\htdocs\cs\app\Libraries\Templater.php(26): view('tratamiento/ind...', Array)
#5 C:\xampp\htdocs\cs\app\Controllers\Tratamiento.php(9): App\Libraries\Templater->view('tratamiento/ind...')
#6 C:\xampp\htdocs\cs\system\CodeIgniter.php(936): App\Controllers\Tratamiento->index()
#7 C:\xampp\htdocs\cs\system\CodeIgniter.php(432): CodeIgniter\CodeIgniter->runController(Object(App\Controllers\Tratamiento))
#8 C:\xampp\htdocs\cs\system\CodeIgniter.php(333): CodeIgniter\CodeIgniter->handleRequest(NULL, Object(Config\Cache), false)
#9 C:\xampp\htdocs\cs\public\index.php(44): CodeIgniter\CodeIgniter->run()
#10 {main}
CRITICAL - 2021-04-26 11:46:33 --> Undefined index: ocupaciones
#0 C:\xampp\htdocs\cs\app\Views\tratamiento\index.php(157): CodeIgniter\Debug\Exceptions->errorHandler(8, 'Undefined index...', 'C:\\xampp\\htdocs...', 157, Array)
#1 C:\xampp\htdocs\cs\system\View\View.php(220): include('C:\\xampp\\htdocs...')
#2 C:\xampp\htdocs\cs\system\View\View.php(222): CodeIgniter\View\View->CodeIgniter\View\{closure}()
#3 C:\xampp\htdocs\cs\system\Common.php(1217): CodeIgniter\View\View->render('tratamiento/ind...', Array, true)
#4 C:\xampp\htdocs\cs\app\Libraries\Templater.php(26): view('tratamiento/ind...', Array)
#5 C:\xampp\htdocs\cs\app\Controllers\Tratamiento.php(9): App\Libraries\Templater->view('tratamiento/ind...')
#6 C:\xampp\htdocs\cs\system\CodeIgniter.php(936): App\Controllers\Tratamiento->index()
#7 C:\xampp\htdocs\cs\system\CodeIgniter.php(432): CodeIgniter\CodeIgniter->runController(Object(App\Controllers\Tratamiento))
#8 C:\xampp\htdocs\cs\system\CodeIgniter.php(333): CodeIgniter\CodeIgniter->handleRequest(NULL, Object(Config\Cache), false)
#9 C:\xampp\htdocs\cs\public\index.php(44): CodeIgniter\CodeIgniter->run()
#10 {main}
CRITICAL - 2021-04-26 11:46:34 --> Undefined index: ocupaciones
#0 C:\xampp\htdocs\cs\app\Views\tratamiento\index.php(157): CodeIgniter\Debug\Exceptions->errorHandler(8, 'Undefined index...', 'C:\\xampp\\htdocs...', 157, Array)
#1 C:\xampp\htdocs\cs\system\View\View.php(220): include('C:\\xampp\\htdocs...')
#2 C:\xampp\htdocs\cs\system\View\View.php(222): CodeIgniter\View\View->CodeIgniter\View\{closure}()
#3 C:\xampp\htdocs\cs\system\Common.php(1217): CodeIgniter\View\View->render('tratamiento/ind...', Array, true)
#4 C:\xampp\htdocs\cs\app\Libraries\Templater.php(26): view('tratamiento/ind...', Array)
#5 C:\xampp\htdocs\cs\app\Controllers\Tratamiento.php(9): App\Libraries\Templater->view('tratamiento/ind...')
#6 C:\xampp\htdocs\cs\system\CodeIgniter.php(936): App\Controllers\Tratamiento->index()
#7 C:\xampp\htdocs\cs\system\CodeIgniter.php(432): CodeIgniter\CodeIgniter->runController(Object(App\Controllers\Tratamiento))
#8 C:\xampp\htdocs\cs\system\CodeIgniter.php(333): CodeIgniter\CodeIgniter->handleRequest(NULL, Object(Config\Cache), false)
#9 C:\xampp\htdocs\cs\public\index.php(44): CodeIgniter\CodeIgniter->run()
#10 {main}
CRITICAL - 2021-04-26 11:46:34 --> Undefined index: ocupaciones
#0 C:\xampp\htdocs\cs\app\Views\tratamiento\index.php(157): CodeIgniter\Debug\Exceptions->errorHandler(8, 'Undefined index...', 'C:\\xampp\\htdocs...', 157, Array)
#1 C:\xampp\htdocs\cs\system\View\View.php(220): include('C:\\xampp\\htdocs...')
#2 C:\xampp\htdocs\cs\system\View\View.php(222): CodeIgniter\View\View->CodeIgniter\View\{closure}()
#3 C:\xampp\htdocs\cs\system\Common.php(1217): CodeIgniter\View\View->render('tratamiento/ind...', Array, true)
#4 C:\xampp\htdocs\cs\app\Libraries\Templater.php(26): view('tratamiento/ind...', Array)
#5 C:\xampp\htdocs\cs\app\Controllers\Tratamiento.php(9): App\Libraries\Templater->view('tratamiento/ind...')
#6 C:\xampp\htdocs\cs\system\CodeIgniter.php(936): App\Controllers\Tratamiento->index()
#7 C:\xampp\htdocs\cs\system\CodeIgniter.php(432): CodeIgniter\CodeIgniter->runController(Object(App\Controllers\Tratamiento))
#8 C:\xampp\htdocs\cs\system\CodeIgniter.php(333): CodeIgniter\CodeIgniter->handleRequest(NULL, Object(Config\Cache), false)
#9 C:\xampp\htdocs\cs\public\index.php(44): CodeIgniter\CodeIgniter->run()
#10 {main}
CRITICAL - 2021-04-26 11:46:34 --> Undefined index: ocupaciones
#0 C:\xampp\htdocs\cs\app\Views\tratamiento\index.php(157): CodeIgniter\Debug\Exceptions->errorHandler(8, 'Undefined index...', 'C:\\xampp\\htdocs...', 157, Array)
#1 C:\xampp\htdocs\cs\system\View\View.php(220): include('C:\\xampp\\htdocs...')
#2 C:\xampp\htdocs\cs\system\View\View.php(222): CodeIgniter\View\View->CodeIgniter\View\{closure}()
#3 C:\xampp\htdocs\cs\system\Common.php(1217): CodeIgniter\View\View->render('tratamiento/ind...', Array, true)
#4 C:\xampp\htdocs\cs\app\Libraries\Templater.php(26): view('tratamiento/ind...', Array)
#5 C:\xampp\htdocs\cs\app\Controllers\Tratamiento.php(9): App\Libraries\Templater->view('tratamiento/ind...')
#6 C:\xampp\htdocs\cs\system\CodeIgniter.php(936): App\Controllers\Tratamiento->index()
#7 C:\xampp\htdocs\cs\system\CodeIgniter.php(432): CodeIgniter\CodeIgniter->runController(Object(App\Controllers\Tratamiento))
#8 C:\xampp\htdocs\cs\system\CodeIgniter.php(333): CodeIgniter\CodeIgniter->handleRequest(NULL, Object(Config\Cache), false)
#9 C:\xampp\htdocs\cs\public\index.php(44): CodeIgniter\CodeIgniter->run()
#10 {main}
CRITICAL - 2021-04-26 11:46:34 --> Undefined index: ocupaciones
#0 C:\xampp\htdocs\cs\app\Views\tratamiento\index.php(157): CodeIgniter\Debug\Exceptions->errorHandler(8, 'Undefined index...', 'C:\\xampp\\htdocs...', 157, Array)
#1 C:\xampp\htdocs\cs\system\View\View.php(220): include('C:\\xampp\\htdocs...')
#2 C:\xampp\htdocs\cs\system\View\View.php(222): CodeIgniter\View\View->CodeIgniter\View\{closure}()
#3 C:\xampp\htdocs\cs\system\Common.php(1217): CodeIgniter\View\View->render('tratamiento/ind...', Array, true)
#4 C:\xampp\htdocs\cs\app\Libraries\Templater.php(26): view('tratamiento/ind...', Array)
#5 C:\xampp\htdocs\cs\app\Controllers\Tratamiento.php(9): App\Libraries\Templater->view('tratamiento/ind...')
#6 C:\xampp\htdocs\cs\system\CodeIgniter.php(936): App\Controllers\Tratamiento->index()
#7 C:\xampp\htdocs\cs\system\CodeIgniter.php(432): CodeIgniter\CodeIgniter->runController(Object(App\Controllers\Tratamiento))
#8 C:\xampp\htdocs\cs\system\CodeIgniter.php(333): CodeIgniter\CodeIgniter->handleRequest(NULL, Object(Config\Cache), false)
#9 C:\xampp\htdocs\cs\public\index.php(44): CodeIgniter\CodeIgniter->run()
#10 {main}
CRITICAL - 2021-04-26 11:46:34 --> Undefined index: ocupaciones
#0 C:\xampp\htdocs\cs\app\Views\tratamiento\index.php(157): CodeIgniter\Debug\Exceptions->errorHandler(8, 'Undefined index...', 'C:\\xampp\\htdocs...', 157, Array)
#1 C:\xampp\htdocs\cs\system\View\View.php(220): include('C:\\xampp\\htdocs...')
#2 C:\xampp\htdocs\cs\system\View\View.php(222): CodeIgniter\View\View->CodeIgniter\View\{closure}()
#3 C:\xampp\htdocs\cs\system\Common.php(1217): CodeIgniter\View\View->render('tratamiento/ind...', Array, true)
#4 C:\xampp\htdocs\cs\app\Libraries\Templater.php(26): view('tratamiento/ind...', Array)
#5 C:\xampp\htdocs\cs\app\Controllers\Tratamiento.php(9): App\Libraries\Templater->view('tratamiento/ind...')
#6 C:\xampp\htdocs\cs\system\CodeIgniter.php(936): App\Controllers\Tratamiento->index()
#7 C:\xampp\htdocs\cs\system\CodeIgniter.php(432): CodeIgniter\CodeIgniter->runController(Object(App\Controllers\Tratamiento))
#8 C:\xampp\htdocs\cs\system\CodeIgniter.php(333): CodeIgniter\CodeIgniter->handleRequest(NULL, Object(Config\Cache), false)
#9 C:\xampp\htdocs\cs\public\index.php(44): CodeIgniter\CodeIgniter->run()
#10 {main}
CRITICAL - 2021-04-26 11:46:35 --> Undefined index: ocupaciones
#0 C:\xampp\htdocs\cs\app\Views\tratamiento\index.php(157): CodeIgniter\Debug\Exceptions->errorHandler(8, 'Undefined index...', 'C:\\xampp\\htdocs...', 157, Array)
#1 C:\xampp\htdocs\cs\system\View\View.php(220): include('C:\\xampp\\htdocs...')
#2 C:\xampp\htdocs\cs\system\View\View.php(222): CodeIgniter\View\View->CodeIgniter\View\{closure}()
#3 C:\xampp\htdocs\cs\system\Common.php(1217): CodeIgniter\View\View->render('tratamiento/ind...', Array, true)
#4 C:\xampp\htdocs\cs\app\Libraries\Templater.php(26): view('tratamiento/ind...', Array)
#5 C:\xampp\htdocs\cs\app\Controllers\Tratamiento.php(9): App\Libraries\Templater->view('tratamiento/ind...')
#6 C:\xampp\htdocs\cs\system\CodeIgniter.php(936): App\Controllers\Tratamiento->index()
#7 C:\xampp\htdocs\cs\system\CodeIgniter.php(432): CodeIgniter\CodeIgniter->runController(Object(App\Controllers\Tratamiento))
#8 C:\xampp\htdocs\cs\system\CodeIgniter.php(333): CodeIgniter\CodeIgniter->handleRequest(NULL, Object(Config\Cache), false)
#9 C:\xampp\htdocs\cs\public\index.php(44): CodeIgniter\CodeIgniter->run()
#10 {main}
CRITICAL - 2021-04-26 11:46:35 --> Undefined index: ocupaciones
#0 C:\xampp\htdocs\cs\app\Views\tratamiento\index.php(157): CodeIgniter\Debug\Exceptions->errorHandler(8, 'Undefined index...', 'C:\\xampp\\htdocs...', 157, Array)
#1 C:\xampp\htdocs\cs\system\View\View.php(220): include('C:\\xampp\\htdocs...')
#2 C:\xampp\htdocs\cs\system\View\View.php(222): CodeIgniter\View\View->CodeIgniter\View\{closure}()
#3 C:\xampp\htdocs\cs\system\Common.php(1217): CodeIgniter\View\View->render('tratamiento/ind...', Array, true)
#4 C:\xampp\htdocs\cs\app\Libraries\Templater.php(26): view('tratamiento/ind...', Array)
#5 C:\xampp\htdocs\cs\app\Controllers\Tratamiento.php(9): App\Libraries\Templater->view('tratamiento/ind...')
#6 C:\xampp\htdocs\cs\system\CodeIgniter.php(936): App\Controllers\Tratamiento->index()
#7 C:\xampp\htdocs\cs\system\CodeIgniter.php(432): CodeIgniter\CodeIgniter->runController(Object(App\Controllers\Tratamiento))
#8 C:\xampp\htdocs\cs\system\CodeIgniter.php(333): CodeIgniter\CodeIgniter->handleRequest(NULL, Object(Config\Cache), false)
#9 C:\xampp\htdocs\cs\public\index.php(44): CodeIgniter\CodeIgniter->run()
#10 {main}
CRITICAL - 2021-04-26 11:46:36 --> Undefined index: ocupaciones
#0 C:\xampp\htdocs\cs\app\Views\tratamiento\index.php(157): CodeIgniter\Debug\Exceptions->errorHandler(8, 'Undefined index...', 'C:\\xampp\\htdocs...', 157, Array)
#1 C:\xampp\htdocs\cs\system\View\View.php(220): include('C:\\xampp\\htdocs...')
#2 C:\xampp\htdocs\cs\system\View\View.php(222): CodeIgniter\View\View->CodeIgniter\View\{closure}()
#3 C:\xampp\htdocs\cs\system\Common.php(1217): CodeIgniter\View\View->render('tratamiento/ind...', Array, true)
#4 C:\xampp\htdocs\cs\app\Libraries\Templater.php(26): view('tratamiento/ind...', Array)
#5 C:\xampp\htdocs\cs\app\Controllers\Tratamiento.php(9): App\Libraries\Templater->view('tratamiento/ind...')
#6 C:\xampp\htdocs\cs\system\CodeIgniter.php(936): App\Controllers\Tratamiento->index()
#7 C:\xampp\htdocs\cs\system\CodeIgniter.php(432): CodeIgniter\CodeIgniter->runController(Object(App\Controllers\Tratamiento))
#8 C:\xampp\htdocs\cs\system\CodeIgniter.php(333): CodeIgniter\CodeIgniter->handleRequest(NULL, Object(Config\Cache), false)
#9 C:\xampp\htdocs\cs\public\index.php(44): CodeIgniter\CodeIgniter->run()
#10 {main}
CRITICAL - 2021-04-26 11:46:36 --> Undefined index: ocupaciones
#0 C:\xampp\htdocs\cs\app\Views\tratamiento\index.php(157): CodeIgniter\Debug\Exceptions->errorHandler(8, 'Undefined index...', 'C:\\xampp\\htdocs...', 157, Array)
#1 C:\xampp\htdocs\cs\system\View\View.php(220): include('C:\\xampp\\htdocs...')
#2 C:\xampp\htdocs\cs\system\View\View.php(222): CodeIgniter\View\View->CodeIgniter\View\{closure}()
#3 C:\xampp\htdocs\cs\system\Common.php(1217): CodeIgniter\View\View->render('tratamiento/ind...', Array, true)
#4 C:\xampp\htdocs\cs\app\Libraries\Templater.php(26): view('tratamiento/ind...', Array)
#5 C:\xampp\htdocs\cs\app\Controllers\Tratamiento.php(9): App\Libraries\Templater->view('tratamiento/ind...')
#6 C:\xampp\htdocs\cs\system\CodeIgniter.php(936): App\Controllers\Tratamiento->index()
#7 C:\xampp\htdocs\cs\system\CodeIgniter.php(432): CodeIgniter\CodeIgniter->runController(Object(App\Controllers\Tratamiento))
#8 C:\xampp\htdocs\cs\system\CodeIgniter.php(333): CodeIgniter\CodeIgniter->handleRequest(NULL, Object(Config\Cache), false)
#9 C:\xampp\htdocs\cs\public\index.php(44): CodeIgniter\CodeIgniter->run()
#10 {main}
CRITICAL - 2021-04-26 11:46:36 --> Undefined index: ocupaciones
#0 C:\xampp\htdocs\cs\app\Views\tratamiento\index.php(157): CodeIgniter\Debug\Exceptions->errorHandler(8, 'Undefined index...', 'C:\\xampp\\htdocs...', 157, Array)
#1 C:\xampp\htdocs\cs\system\View\View.php(220): include('C:\\xampp\\htdocs...')
#2 C:\xampp\htdocs\cs\system\View\View.php(222): CodeIgniter\View\View->CodeIgniter\View\{closure}()
#3 C:\xampp\htdocs\cs\system\Common.php(1217): CodeIgniter\View\View->render('tratamiento/ind...', Array, true)
#4 C:\xampp\htdocs\cs\app\Libraries\Templater.php(26): view('tratamiento/ind...', Array)
#5 C:\xampp\htdocs\cs\app\Controllers\Tratamiento.php(9): App\Libraries\Templater->view('tratamiento/ind...')
#6 C:\xampp\htdocs\cs\system\CodeIgniter.php(936): App\Controllers\Tratamiento->index()
#7 C:\xampp\htdocs\cs\system\CodeIgniter.php(432): CodeIgniter\CodeIgniter->runController(Object(App\Controllers\Tratamiento))
#8 C:\xampp\htdocs\cs\system\CodeIgniter.php(333): CodeIgniter\CodeIgniter->handleRequest(NULL, Object(Config\Cache), false)
#9 C:\xampp\htdocs\cs\public\index.php(44): CodeIgniter\CodeIgniter->run()
#10 {main}
CRITICAL - 2021-04-26 11:46:37 --> Undefined index: ocupaciones
#0 C:\xampp\htdocs\cs\app\Views\tratamiento\index.php(157): CodeIgniter\Debug\Exceptions->errorHandler(8, 'Undefined index...', 'C:\\xampp\\htdocs...', 157, Array)
#1 C:\xampp\htdocs\cs\system\View\View.php(220): include('C:\\xampp\\htdocs...')
#2 C:\xampp\htdocs\cs\system\View\View.php(222): CodeIgniter\View\View->CodeIgniter\View\{closure}()
#3 C:\xampp\htdocs\cs\system\Common.php(1217): CodeIgniter\View\View->render('tratamiento/ind...', Array, true)
#4 C:\xampp\htdocs\cs\app\Libraries\Templater.php(26): view('tratamiento/ind...', Array)
#5 C:\xampp\htdocs\cs\app\Controllers\Tratamiento.php(9): App\Libraries\Templater->view('tratamiento/ind...')
#6 C:\xampp\htdocs\cs\system\CodeIgniter.php(936): App\Controllers\Tratamiento->index()
#7 C:\xampp\htdocs\cs\system\CodeIgniter.php(432): CodeIgniter\CodeIgniter->runController(Object(App\Controllers\Tratamiento))
#8 C:\xampp\htdocs\cs\system\CodeIgniter.php(333): CodeIgniter\CodeIgniter->handleRequest(NULL, Object(Config\Cache), false)
#9 C:\xampp\htdocs\cs\public\index.php(44): CodeIgniter\CodeIgniter->run()
#10 {main}
CRITICAL - 2021-04-26 11:46:55 --> Undefined index: ocupaciones
#0 C:\xampp\htdocs\cs\app\Views\tratamiento\index.php(157): CodeIgniter\Debug\Exceptions->errorHandler(8, 'Undefined index...', 'C:\\xampp\\htdocs...', 157, Array)
#1 C:\xampp\htdocs\cs\system\View\View.php(220): include('C:\\xampp\\htdocs...')
#2 C:\xampp\htdocs\cs\system\View\View.php(222): CodeIgniter\View\View->CodeIgniter\View\{closure}()
#3 C:\xampp\htdocs\cs\system\Common.php(1217): CodeIgniter\View\View->render('tratamiento/ind...', Array, true)
#4 C:\xampp\htdocs\cs\app\Libraries\Templater.php(26): view('tratamiento/ind...', Array)
#5 C:\xampp\htdocs\cs\app\Controllers\Tratamiento.php(9): App\Libraries\Templater->view('tratamiento/ind...')
#6 C:\xampp\htdocs\cs\system\CodeIgniter.php(936): App\Controllers\Tratamiento->index()
#7 C:\xampp\htdocs\cs\system\CodeIgniter.php(432): CodeIgniter\CodeIgniter->runController(Object(App\Controllers\Tratamiento))
#8 C:\xampp\htdocs\cs\system\CodeIgniter.php(333): CodeIgniter\CodeIgniter->handleRequest(NULL, Object(Config\Cache), false)
#9 C:\xampp\htdocs\cs\public\index.php(44): CodeIgniter\CodeIgniter->run()
#10 {main}
CRITICAL - 2021-04-26 11:54:46 --> Undefined property: App\Controllers\Tratamiento::$model
#0 C:\xampp\htdocs\cs\app\Controllers\Tratamiento.php(9): CodeIgniter\Debug\Exceptions->errorHandler(8, 'Undefined prope...', 'C:\\xampp\\htdocs...', 9, Array)
#1 C:\xampp\htdocs\cs\system\CodeIgniter.php(936): App\Controllers\Tratamiento->index()
#2 C:\xampp\htdocs\cs\system\CodeIgniter.php(432): CodeIgniter\CodeIgniter->runController(Object(App\Controllers\Tratamiento))
#3 C:\xampp\htdocs\cs\system\CodeIgniter.php(333): CodeIgniter\CodeIgniter->handleRequest(NULL, Object(Config\Cache), false)
#4 C:\xampp\htdocs\cs\public\index.php(44): CodeIgniter\CodeIgniter->run()
#5 {main}
CRITICAL - 2021-04-26 11:59:47 --> Undefined property: App\Controllers\Tratamiento::$model
#0 C:\xampp\htdocs\cs\app\Controllers\Tratamiento.php(9): CodeIgniter\Debug\Exceptions->errorHandler(8, 'Undefined prope...', 'C:\\xampp\\htdocs...', 9, Array)
#1 C:\xampp\htdocs\cs\system\CodeIgniter.php(936): App\Controllers\Tratamiento->index()
#2 C:\xampp\htdocs\cs\system\CodeIgniter.php(432): CodeIgniter\CodeIgniter->runController(Object(App\Controllers\Tratamiento))
#3 C:\xampp\htdocs\cs\system\CodeIgniter.php(333): CodeIgniter\CodeIgniter->handleRequest(NULL, Object(Config\Cache), false)
#4 C:\xampp\htdocs\cs\public\index.php(44): CodeIgniter\CodeIgniter->run()
#5 {main}
CRITICAL - 2021-04-26 12:01:14 --> Undefined property: App\Controllers\Tratamiento::$model
#0 C:\xampp\htdocs\cs\app\Controllers\Tratamiento.php(9): CodeIgniter\Debug\Exceptions->errorHandler(8, 'Undefined prope...', 'C:\\xampp\\htdocs...', 9, Array)
#1 C:\xampp\htdocs\cs\system\CodeIgniter.php(936): App\Controllers\Tratamiento->index()
#2 C:\xampp\htdocs\cs\system\CodeIgniter.php(432): CodeIgniter\CodeIgniter->runController(Object(App\Controllers\Tratamiento))
#3 C:\xampp\htdocs\cs\system\CodeIgniter.php(333): CodeIgniter\CodeIgniter->handleRequest(NULL, Object(Config\Cache), false)
#4 C:\xampp\htdocs\cs\public\index.php(44): CodeIgniter\CodeIgniter->run()
#5 {main}
CRITICAL - 2021-04-26 12:03:17 --> Undefined property: App\Controllers\Tratamiento::$model
#0 C:\xampp\htdocs\cs\app\Controllers\Tratamiento.php(9): CodeIgniter\Debug\Exceptions->errorHandler(8, 'Undefined prope...', 'C:\\xampp\\htdocs...', 9, Array)
#1 C:\xampp\htdocs\cs\system\CodeIgniter.php(936): App\Controllers\Tratamiento->index()
#2 C:\xampp\htdocs\cs\system\CodeIgniter.php(432): CodeIgniter\CodeIgniter->runController(Object(App\Controllers\Tratamiento))
#3 C:\xampp\htdocs\cs\system\CodeIgniter.php(333): CodeIgniter\CodeIgniter->handleRequest(NULL, Object(Config\Cache), false)
#4 C:\xampp\htdocs\cs\public\index.php(44): CodeIgniter\CodeIgniter->run()
#5 {main}
